[0.053s] Invoking command in '/home/ws/src/ros2_control_demos/build/ros2_control_demo_example_5': CMAKE_PREFIX_PATH=${CMAKE_PREFIX_PATH}:/opt/ros/humble /usr/bin/cmake /home/ws/src/ros2_control_demos/example_5 -DAMENT_CMAKE_SYMLINK_INSTALL=1 -DCMAKE_INSTALL_PREFIX=/home/ws/src/ros2_control_demos/install/ros2_control_demo_example_5
[0.144s] -- The CXX compiler identification is GNU 11.4.0
[0.156s] -- Detecting CXX compiler ABI info
[0.279s] -- Detecting CXX compiler ABI info - done
[0.290s] -- Check for working CXX compiler: /usr/bin/c++ - skipped
[0.290s] -- Detecting CXX compile features
[0.291s] -- Detecting CXX compile features - done
[0.299s] -- Configuring incomplete, errors occurred!
[0.299s] See also "/home/ws/src/ros2_control_demos/build/ros2_control_demo_example_5/CMakeFiles/CMakeOutput.log".
[0.300s] [31mCMake Error at CMakeLists.txt:20 (find_package):
[0.301s]   By not providing "Findbackward_ros.cmake" in CMAKE_MODULE_PATH this project
[0.301s]   has asked CMake to find a package configuration file provided by
[0.301s]   "backward_ros", but CMake did not find one.
[0.301s] 
[0.301s]   Could not find a package configuration file provided by "backward_ros" with
[0.301s]   any of the following names:
[0.301s] 
[0.301s]     backward_rosConfig.cmake
[0.301s]     backward_ros-config.cmake
[0.301s] 
[0.301s]   Add the installation prefix of "backward_ros" to CMAKE_PREFIX_PATH or set
[0.301s]   "backward_ros_DIR" to a directory containing one of the above files.  If
[0.301s]   "backward_ros" provides a separate development package or SDK, be sure it
[0.301s]   has been installed.
[0.302s] 
[0.302s] [0m
[0.304s] Invoked command in '/home/ws/src/ros2_control_demos/build/ros2_control_demo_example_5' returned '1': CMAKE_PREFIX_PATH=${CMAKE_PREFIX_PATH}:/opt/ros/humble /usr/bin/cmake /home/ws/src/ros2_control_demos/example_5 -DAMENT_CMAKE_SYMLINK_INSTALL=1 -DCMAKE_INSTALL_PREFIX=/home/ws/src/ros2_control_demos/install/ros2_control_demo_example_5
