[0.051s] Invoking command in '/home/ws/build/ros2_control_demo_example_1': CMAKE_PREFIX_PATH=/home/ws/install/ros2_control_demo_description:/home/ws/install/ros2_control_demos:/home/ws/install/ros2_control_demo_example_9:/home/ws/install/ros2_control_demo_example_8:/home/ws/install/ros2_control_demo_example_7:/home/ws/install/ros2_control_demo_example_6:/home/ws/install/ros2_control_demo_example_15:/home/ws/install/ros2_control_demo_example_13:/home/ws/install/ros2_control_demo_example_5:/home/ws/install/ros2_control_demo_example_4:/home/ws/install/ros2_control_demo_example_3:/home/ws/install/ros2_control_demo_example_2:/home/ws/install/ros2_control_demo_example_14:/home/ws/install/ros2_control_demo_example_12:/home/ws/install/ros2_control_demo_example_11:/home/ws/install/ros2_control_demo_example_10:/home/ws/install/ros2_control_demo_example_1:/opt/ros/humble /usr/bin/cmake --build /home/ws/build/ros2_control_demo_example_1 -- -j12 -l12
[0.147s] [100%] Built target ros2_control_demo_example_1
[0.175s] Invoked command in '/home/ws/build/ros2_control_demo_example_1' returned '0': CMAKE_PREFIX_PATH=/home/ws/install/ros2_control_demo_description:/home/ws/install/ros2_control_demos:/home/ws/install/ros2_control_demo_example_9:/home/ws/install/ros2_control_demo_example_8:/home/ws/install/ros2_control_demo_example_7:/home/ws/install/ros2_control_demo_example_6:/home/ws/install/ros2_control_demo_example_15:/home/ws/install/ros2_control_demo_example_13:/home/ws/install/ros2_control_demo_example_5:/home/ws/install/ros2_control_demo_example_4:/home/ws/install/ros2_control_demo_example_3:/home/ws/install/ros2_control_demo_example_2:/home/ws/install/ros2_control_demo_example_14:/home/ws/install/ros2_control_demo_example_12:/home/ws/install/ros2_control_demo_example_11:/home/ws/install/ros2_control_demo_example_10:/home/ws/install/ros2_control_demo_example_1:/opt/ros/humble /usr/bin/cmake --build /home/ws/build/ros2_control_demo_example_1 -- -j12 -l12
[0.176s] Invoking command in '/home/ws/build/ros2_control_demo_example_1': CMAKE_PREFIX_PATH=/home/ws/install/ros2_control_demo_description:/home/ws/install/ros2_control_demos:/home/ws/install/ros2_control_demo_example_9:/home/ws/install/ros2_control_demo_example_8:/home/ws/install/ros2_control_demo_example_7:/home/ws/install/ros2_control_demo_example_6:/home/ws/install/ros2_control_demo_example_15:/home/ws/install/ros2_control_demo_example_13:/home/ws/install/ros2_control_demo_example_5:/home/ws/install/ros2_control_demo_example_4:/home/ws/install/ros2_control_demo_example_3:/home/ws/install/ros2_control_demo_example_2:/home/ws/install/ros2_control_demo_example_14:/home/ws/install/ros2_control_demo_example_12:/home/ws/install/ros2_control_demo_example_11:/home/ws/install/ros2_control_demo_example_10:/home/ws/install/ros2_control_demo_example_1:/opt/ros/humble /usr/bin/cmake --install /home/ws/build/ros2_control_demo_example_1
[0.203s] -- Install configuration: ""
[0.203s] -- Execute custom install script
[0.203s] -- Up-to-date symlink: /home/ws/install/ros2_control_demo_example_1/share/ros2_control_demo_example_1//ros2_control_demo_example_1.xml
[0.204s] -- Up-to-date symlink: /home/ws/install/ros2_control_demo_example_1/include/ros2_control_demo_example_1/ros2_control_demo_example_1/rrbot.hpp
[0.204s] -- Up-to-date symlink: /home/ws/install/ros2_control_demo_example_1/share/ros2_control_demo_example_1/launch/view_robot.launch.py
[0.204s] -- Up-to-date symlink: /home/ws/install/ros2_control_demo_example_1/share/ros2_control_demo_example_1/ros2_control/rrbot.ros2_control.xacro
[0.206s] -- Up-to-date symlink: /home/ws/install/ros2_control_demo_example_1/share/ros2_control_demo_example_1/urdf/rrbot.urdf.xacro
[0.206s] -- Up-to-date symlink: /home/ws/install/ros2_control_demo_example_1/share/ros2_control_demo_example_1/launch/rrbot.launch.py
[0.206s] -- Up-to-date symlink: /home/ws/install/ros2_control_demo_example_1/share/ros2_control_demo_example_1/launch/test_forward_position_controller.launch.py
[0.206s] -- Up-to-date symlink: /home/ws/install/ros2_control_demo_example_1/share/ros2_control_demo_example_1/launch/test_joint_trajectory_controller.launch.py
[0.206s] -- Up-to-date symlink: /home/ws/install/ros2_control_demo_example_1/share/ros2_control_demo_example_1/config/rrbot_controllers.yaml
[0.206s] -- Up-to-date symlink: /home/ws/install/ros2_control_demo_example_1/share/ros2_control_demo_example_1/config/rrbot_forward_position_publisher.yaml
[0.206s] -- Up-to-date symlink: /home/ws/install/ros2_control_demo_example_1/share/ros2_control_demo_example_1/config/rrbot_joint_trajectory_publisher.yaml
[0.207s] -- Up-to-date symlink: /home/ws/install/ros2_control_demo_example_1/share/ros2_control_demo_example_1/environment/library_path.sh
[0.207s] -- Up-to-date symlink: /home/ws/install/ros2_control_demo_example_1/share/ros2_control_demo_example_1/environment/library_path.dsv
[0.207s] -- Up-to-date symlink: /home/ws/install/ros2_control_demo_example_1/share/ament_index/resource_index/package_run_dependencies/ros2_control_demo_example_1
[0.207s] -- Up-to-date symlink: /home/ws/install/ros2_control_demo_example_1/share/ament_index/resource_index/parent_prefix_path/ros2_control_demo_example_1
[0.207s] -- Up-to-date symlink: /home/ws/install/ros2_control_demo_example_1/share/ros2_control_demo_example_1/environment/ament_prefix_path.sh
[0.208s] -- Up-to-date symlink: /home/ws/install/ros2_control_demo_example_1/share/ros2_control_demo_example_1/environment/ament_prefix_path.dsv
[0.209s] -- Up-to-date symlink: /home/ws/install/ros2_control_demo_example_1/share/ros2_control_demo_example_1/environment/path.sh
[0.209s] -- Up-to-date symlink: /home/ws/install/ros2_control_demo_example_1/share/ros2_control_demo_example_1/environment/path.dsv
[0.209s] -- Up-to-date symlink: /home/ws/install/ros2_control_demo_example_1/share/ros2_control_demo_example_1/local_setup.bash
[0.209s] -- Up-to-date symlink: /home/ws/install/ros2_control_demo_example_1/share/ros2_control_demo_example_1/local_setup.sh
[0.209s] -- Up-to-date symlink: /home/ws/install/ros2_control_demo_example_1/share/ros2_control_demo_example_1/local_setup.zsh
[0.210s] -- Up-to-date symlink: /home/ws/install/ros2_control_demo_example_1/share/ros2_control_demo_example_1/local_setup.dsv
[0.210s] -- Symlinking: /home/ws/install/ros2_control_demo_example_1/share/ros2_control_demo_example_1/package.dsv
[0.210s] -- Up-to-date symlink: /home/ws/install/ros2_control_demo_example_1/share/ament_index/resource_index/packages/ros2_control_demo_example_1
[0.210s] -- Up-to-date symlink: /home/ws/install/ros2_control_demo_example_1/share/ament_index/resource_index/hardware_interface__pluginlib__plugin/ros2_control_demo_example_1
[0.210s] -- Up-to-date symlink: /home/ws/install/ros2_control_demo_example_1/share/ros2_control_demo_example_1/cmake/ament_cmake_export_targets-extras.cmake
[0.210s] -- Up-to-date symlink: /home/ws/install/ros2_control_demo_example_1/share/ros2_control_demo_example_1/cmake/ament_cmake_export_dependencies-extras.cmake
[0.210s] -- Up-to-date symlink: /home/ws/install/ros2_control_demo_example_1/share/ros2_control_demo_example_1/cmake/ros2_control_demo_example_1Config.cmake
[0.210s] -- Up-to-date symlink: /home/ws/install/ros2_control_demo_example_1/share/ros2_control_demo_example_1/cmake/ros2_control_demo_example_1Config-version.cmake
[0.210s] -- Up-to-date symlink: /home/ws/install/ros2_control_demo_example_1/share/ros2_control_demo_example_1/package.xml
[0.210s] -- Up-to-date: /home/ws/install/ros2_control_demo_example_1/lib/libros2_control_demo_example_1.so
[0.210s] -- Up-to-date: /home/ws/install/ros2_control_demo_example_1/share/ros2_control_demo_example_1/cmake/export_ros2_control_demo_example_1Export.cmake
[0.210s] -- Up-to-date: /home/ws/install/ros2_control_demo_example_1/share/ros2_control_demo_example_1/cmake/export_ros2_control_demo_example_1Export-noconfig.cmake
[0.267s] Invoked command in '/home/ws/build/ros2_control_demo_example_1' returned '0': CMAKE_PREFIX_PATH=/home/ws/install/ros2_control_demo_description:/home/ws/install/ros2_control_demos:/home/ws/install/ros2_control_demo_example_9:/home/ws/install/ros2_control_demo_example_8:/home/ws/install/ros2_control_demo_example_7:/home/ws/install/ros2_control_demo_example_6:/home/ws/install/ros2_control_demo_example_15:/home/ws/install/ros2_control_demo_example_13:/home/ws/install/ros2_control_demo_example_5:/home/ws/install/ros2_control_demo_example_4:/home/ws/install/ros2_control_demo_example_3:/home/ws/install/ros2_control_demo_example_2:/home/ws/install/ros2_control_demo_example_14:/home/ws/install/ros2_control_demo_example_12:/home/ws/install/ros2_control_demo_example_11:/home/ws/install/ros2_control_demo_example_10:/home/ws/install/ros2_control_demo_example_1:/opt/ros/humble /usr/bin/cmake --install /home/ws/build/ros2_control_demo_example_1
