[0.010s] Invoking command in '/home/ws/build/ros2_control_demo_description': /usr/bin/cmake /home/ws/src/ros2_control_demos/ros2_control_demo_description -DCMAKE_INSTALL_PREFIX=/home/ws/install/ros2_control_demo_description
[0.039s] -- Found ament_cmake: 1.3.12 (/opt/ros/humble/share/ament_cmake/cmake)
[0.091s] Traceback (most recent call last):
[0.091s]   File "/opt/ros/humble/share/ament_cmake_core/cmake/package_templates/templates_2_cmake.py", line 21, in <module>
[0.091s]     from ament_package.templates import get_environment_hook_template_path
[0.091s] ModuleNotFoundError: No module named 'ament_package'
[0.092s] [31mCMake Error at /opt/ros/humble/share/ament_cmake_core/cmake/ament_cmake_package_templates-extras.cmake:41 (message):
[0.092s]   execute_process(/usr/bin/python3
[0.093s]   /opt/ros/humble/share/ament_cmake_core/cmake/package_templates/templates_2_cmake.py
[0.093s]   /home/ws/build/ros2_control_demo_description/ament_cmake_package_templates/templates.cmake)
[0.093s]   returned error code 1
[0.093s] Call Stack (most recent call first):
[0.093s]   /opt/ros/humble/share/ament_cmake_core/cmake/ament_cmake_coreConfig.cmake:41 (include)
[0.093s]   /opt/ros/humble/share/ament_cmake/cmake/ament_cmake_export_dependencies-extras.cmake:15 (find_package)
[0.093s]   /opt/ros/humble/share/ament_cmake/cmake/ament_cmakeConfig.cmake:41 (include)
[0.093s]   CMakeLists.txt:4 (find_package)
[0.093s] 
[0.093s] [0m
[0.093s] -- Configuring incomplete, errors occurred!
[0.093s] See also "/home/ws/build/ros2_control_demo_description/CMakeFiles/CMakeOutput.log".
[0.096s] Invoked command in '/home/ws/build/ros2_control_demo_description' returned '1': /usr/bin/cmake /home/ws/src/ros2_control_demos/ros2_control_demo_description -DCMAKE_INSTALL_PREFIX=/home/ws/install/ros2_control_demo_description
