[0.068s] Invoking command in '/home/ws/build/ros2_control_demo_example_5': CMAKE_PREFIX_PATH=/home/ws/install/ros2_control_demo_description:/home/ws/install/ros2_control_demos:/home/ws/install/ros2_control_demo_example_9:/home/ws/install/ros2_control_demo_example_8:/home/ws/install/ros2_control_demo_example_7:/home/ws/install/ros2_control_demo_example_6:/home/ws/install/ros2_control_demo_example_15:/home/ws/install/ros2_control_demo_example_13:/home/ws/install/ros2_control_demo_example_5:/home/ws/install/ros2_control_demo_example_4:/home/ws/install/ros2_control_demo_example_3:/home/ws/install/ros2_control_demo_example_2:/home/ws/install/ros2_control_demo_example_14:/home/ws/install/ros2_control_demo_example_12:/home/ws/install/ros2_control_demo_example_11:/home/ws/install/ros2_control_demo_example_10:/home/ws/install/ros2_control_demo_example_1:/opt/ros/humble /usr/bin/cmake --build /home/ws/build/ros2_control_demo_example_5 -- -j12 -l12
[0.127s] -- Found ament_cmake: 1.3.12 (/opt/ros/humble/share/ament_cmake/cmake)
[0.255s] -- Override CMake install command with custom implementation using symlinks instead of copying resources
[0.266s] -- Found hardware_interface: 2.51.0 (/opt/ros/humble/share/hardware_interface/cmake)
[0.300s] -- Found rosidl_generator_c: 3.1.7 (/opt/ros/humble/share/rosidl_generator_c/cmake)
[0.307s] -- Found rosidl_adapter: 3.1.7 (/opt/ros/humble/share/rosidl_adapter/cmake)
[0.320s] -- Found rosidl_generator_cpp: 3.1.7 (/opt/ros/humble/share/rosidl_generator_cpp/cmake)
[0.338s] -- Using all available rosidl_typesupport_c: rosidl_typesupport_fastrtps_c;rosidl_typesupport_introspection_c
[0.354s] -- Using all available rosidl_typesupport_cpp: rosidl_typesupport_fastrtps_cpp;rosidl_typesupport_introspection_cpp
[0.622s] -- Found rmw_implementation_cmake: 6.1.2 (/opt/ros/humble/share/rmw_implementation_cmake/cmake)
[0.624s] -- Found rmw_fastrtps_cpp: 6.2.8 (/opt/ros/humble/share/rmw_fastrtps_cpp/cmake)
[0.655s] -- Found TinyXML2 via Config file: TinyXML2_DIR-NOTFOUND
[0.674s] -- Found TinyXML2 via Config file: TinyXML2_DIR-NOTFOUND
[0.696s] -- Found TinyXML2 via Config file: TinyXML2_DIR-NOTFOUND
[0.708s] -- Found TinyXML2 via Config file: TinyXML2_DIR-NOTFOUND
[0.719s] -- Using RMW implementation 'rmw_fastrtps_cpp' as default
[0.795s] -- Found ament_cmake_pytest: 1.3.12 (/opt/ros/humble/share/ament_cmake_pytest/cmake)
[2.127s] -- Configuring done
[2.171s] -- Generating done
[2.193s] -- Build files have been written to: /home/ws/build/ros2_control_demo_example_5
[2.258s] [35m[1mConsolidate compiler generated dependencies of target ros2_control_demo_example_5[0m
[2.312s] [100%] Built target ros2_control_demo_example_5
[2.348s] Invoked command in '/home/ws/build/ros2_control_demo_example_5' returned '0': CMAKE_PREFIX_PATH=/home/ws/install/ros2_control_demo_description:/home/ws/install/ros2_control_demos:/home/ws/install/ros2_control_demo_example_9:/home/ws/install/ros2_control_demo_example_8:/home/ws/install/ros2_control_demo_example_7:/home/ws/install/ros2_control_demo_example_6:/home/ws/install/ros2_control_demo_example_15:/home/ws/install/ros2_control_demo_example_13:/home/ws/install/ros2_control_demo_example_5:/home/ws/install/ros2_control_demo_example_4:/home/ws/install/ros2_control_demo_example_3:/home/ws/install/ros2_control_demo_example_2:/home/ws/install/ros2_control_demo_example_14:/home/ws/install/ros2_control_demo_example_12:/home/ws/install/ros2_control_demo_example_11:/home/ws/install/ros2_control_demo_example_10:/home/ws/install/ros2_control_demo_example_1:/opt/ros/humble /usr/bin/cmake --build /home/ws/build/ros2_control_demo_example_5 -- -j12 -l12
[2.350s] Invoking command in '/home/ws/build/ros2_control_demo_example_5': CMAKE_PREFIX_PATH=/home/ws/install/ros2_control_demo_description:/home/ws/install/ros2_control_demos:/home/ws/install/ros2_control_demo_example_9:/home/ws/install/ros2_control_demo_example_8:/home/ws/install/ros2_control_demo_example_7:/home/ws/install/ros2_control_demo_example_6:/home/ws/install/ros2_control_demo_example_15:/home/ws/install/ros2_control_demo_example_13:/home/ws/install/ros2_control_demo_example_5:/home/ws/install/ros2_control_demo_example_4:/home/ws/install/ros2_control_demo_example_3:/home/ws/install/ros2_control_demo_example_2:/home/ws/install/ros2_control_demo_example_14:/home/ws/install/ros2_control_demo_example_12:/home/ws/install/ros2_control_demo_example_11:/home/ws/install/ros2_control_demo_example_10:/home/ws/install/ros2_control_demo_example_1:/opt/ros/humble /usr/bin/cmake --install /home/ws/build/ros2_control_demo_example_5
[2.447s] -- Install configuration: ""
[2.448s] -- Execute custom install script
[2.448s] -- Up-to-date symlink: /home/ws/install/ros2_control_demo_example_5/share/ros2_control_demo_example_5//ros2_control_demo_example_5.xml
[2.448s] -- Up-to-date symlink: /home/ws/install/ros2_control_demo_example_5/include/ros2_control_demo_example_5/ros2_control_demo_example_5/external_rrbot_force_torque_sensor.hpp
[2.448s] -- Up-to-date symlink: /home/ws/install/ros2_control_demo_example_5/include/ros2_control_demo_example_5/ros2_control_demo_example_5/rrbot.hpp
[2.448s] -- Up-to-date symlink: /home/ws/install/ros2_control_demo_example_5/share/ros2_control_demo_example_5/launch/view_robot.launch.py
[2.448s] -- Up-to-date symlink: /home/ws/install/ros2_control_demo_example_5/share/ros2_control_demo_example_5/ros2_control/external_rrbot_force_torque_sensor.ros2_control.xacro
[2.448s] -- Up-to-date symlink: /home/ws/install/ros2_control_demo_example_5/share/ros2_control_demo_example_5/ros2_control/rrbot_system_position_only.ros2_control.xacro
[2.448s] -- Up-to-date symlink: /home/ws/install/ros2_control_demo_example_5/share/ros2_control_demo_example_5/urdf/rrbot_system_with_external_sensor.urdf.xacro
[2.448s] -- Up-to-date symlink: /home/ws/install/ros2_control_demo_example_5/share/ros2_control_demo_example_5/rviz/rrbot.rviz
[2.448s] -- Up-to-date symlink: /home/ws/install/ros2_control_demo_example_5/share/ros2_control_demo_example_5/launch/rrbot_system_with_external_sensor.launch.py
[2.448s] -- Up-to-date symlink: /home/ws/install/ros2_control_demo_example_5/share/ros2_control_demo_example_5/launch/test_forward_position_controller.launch.py
[2.448s] -- Up-to-date symlink: /home/ws/install/ros2_control_demo_example_5/share/ros2_control_demo_example_5/config/rrbot_forward_position_publisher.yaml
[2.448s] -- Up-to-date symlink: /home/ws/install/ros2_control_demo_example_5/share/ros2_control_demo_example_5/config/rrbot_with_external_sensor_controllers.yaml
[2.448s] -- Up-to-date symlink: /home/ws/install/ros2_control_demo_example_5/share/ros2_control_demo_example_5/environment/library_path.sh
[2.448s] -- Up-to-date symlink: /home/ws/install/ros2_control_demo_example_5/share/ros2_control_demo_example_5/environment/library_path.dsv
[2.448s] -- Up-to-date symlink: /home/ws/install/ros2_control_demo_example_5/share/ament_index/resource_index/package_run_dependencies/ros2_control_demo_example_5
[2.448s] -- Up-to-date symlink: /home/ws/install/ros2_control_demo_example_5/share/ament_index/resource_index/parent_prefix_path/ros2_control_demo_example_5
[2.448s] -- Up-to-date symlink: /home/ws/install/ros2_control_demo_example_5/share/ros2_control_demo_example_5/environment/ament_prefix_path.sh
[2.449s] -- Up-to-date symlink: /home/ws/install/ros2_control_demo_example_5/share/ros2_control_demo_example_5/environment/ament_prefix_path.dsv
[2.449s] -- Up-to-date symlink: /home/ws/install/ros2_control_demo_example_5/share/ros2_control_demo_example_5/environment/path.sh
[2.449s] -- Up-to-date symlink: /home/ws/install/ros2_control_demo_example_5/share/ros2_control_demo_example_5/environment/path.dsv
[2.449s] -- Up-to-date symlink: /home/ws/install/ros2_control_demo_example_5/share/ros2_control_demo_example_5/local_setup.bash
[2.449s] -- Up-to-date symlink: /home/ws/install/ros2_control_demo_example_5/share/ros2_control_demo_example_5/local_setup.sh
[2.449s] -- Up-to-date symlink: /home/ws/install/ros2_control_demo_example_5/share/ros2_control_demo_example_5/local_setup.zsh
[2.449s] -- Up-to-date symlink: /home/ws/install/ros2_control_demo_example_5/share/ros2_control_demo_example_5/local_setup.dsv
[2.454s] -- Symlinking: /home/ws/install/ros2_control_demo_example_5/share/ros2_control_demo_example_5/package.dsv
[2.454s] -- Up-to-date symlink: /home/ws/install/ros2_control_demo_example_5/share/ament_index/resource_index/packages/ros2_control_demo_example_5
[2.454s] -- Up-to-date symlink: /home/ws/install/ros2_control_demo_example_5/share/ament_index/resource_index/hardware_interface__pluginlib__plugin/ros2_control_demo_example_5
[2.454s] -- Up-to-date symlink: /home/ws/install/ros2_control_demo_example_5/share/ros2_control_demo_example_5/cmake/ament_cmake_export_targets-extras.cmake
[2.454s] -- Up-to-date symlink: /home/ws/install/ros2_control_demo_example_5/share/ros2_control_demo_example_5/cmake/ament_cmake_export_dependencies-extras.cmake
[2.454s] -- Up-to-date symlink: /home/ws/install/ros2_control_demo_example_5/share/ros2_control_demo_example_5/cmake/ros2_control_demo_example_5Config.cmake
[2.454s] -- Up-to-date symlink: /home/ws/install/ros2_control_demo_example_5/share/ros2_control_demo_example_5/cmake/ros2_control_demo_example_5Config-version.cmake
[2.454s] -- Up-to-date symlink: /home/ws/install/ros2_control_demo_example_5/share/ros2_control_demo_example_5/package.xml
[2.454s] -- Up-to-date: /home/ws/install/ros2_control_demo_example_5/lib/libros2_control_demo_example_5.so
[2.454s] -- Up-to-date: /home/ws/install/ros2_control_demo_example_5/share/ros2_control_demo_example_5/cmake/export_ros2_control_demo_example_5Export.cmake
[2.454s] -- Up-to-date: /home/ws/install/ros2_control_demo_example_5/share/ros2_control_demo_example_5/cmake/export_ros2_control_demo_example_5Export-noconfig.cmake
[2.457s] Invoked command in '/home/ws/build/ros2_control_demo_example_5' returned '0': CMAKE_PREFIX_PATH=/home/ws/install/ros2_control_demo_description:/home/ws/install/ros2_control_demos:/home/ws/install/ros2_control_demo_example_9:/home/ws/install/ros2_control_demo_example_8:/home/ws/install/ros2_control_demo_example_7:/home/ws/install/ros2_control_demo_example_6:/home/ws/install/ros2_control_demo_example_15:/home/ws/install/ros2_control_demo_example_13:/home/ws/install/ros2_control_demo_example_5:/home/ws/install/ros2_control_demo_example_4:/home/ws/install/ros2_control_demo_example_3:/home/ws/install/ros2_control_demo_example_2:/home/ws/install/ros2_control_demo_example_14:/home/ws/install/ros2_control_demo_example_12:/home/ws/install/ros2_control_demo_example_11:/home/ws/install/ros2_control_demo_example_10:/home/ws/install/ros2_control_demo_example_1:/opt/ros/humble /usr/bin/cmake --install /home/ws/build/ros2_control_demo_example_5
