[0.039s] Invoking command in '/home/ws/build/ros2_control_demo_example_1': AMENT_PREFIX_PATH=/home/ws/install/ros2_control_demo_description:${AMENT_PREFIX_PATH} CMAKE_PREFIX_PATH=/home/ws/install/ros2_control_demo_description:/opt/ros/humble /usr/bin/cmake /home/ws/src/ros2_control_demos/example_1 -DAMENT_CMAKE_SYMLINK_INSTALL=1 -DCMAKE_INSTALL_PREFIX=/home/ws/install/ros2_control_demo_example_1
[0.155s] -- The CXX compiler identification is GNU 11.4.0
[0.160s] -- Detecting CXX compiler ABI info
[0.266s] -- Detecting CXX compiler ABI info - done
[0.272s] -- Check for working CXX compiler: /usr/bin/c++ - skipped
[0.273s] -- Detecting CXX compile features
[0.274s] -- Detecting CXX compile features - done
[0.285s] -- Found ament_cmake: 1.3.12 (/opt/ros/humble/share/ament_cmake/cmake)
[0.491s] -- Found Python3: /usr/bin/python3 (found version "3.10.12") found components: Interpreter 
[0.607s] -- Override CMake install command with custom implementation using symlinks instead of copying resources
[0.681s] -- Found hardware_interface: 2.51.0 (/opt/ros/humble/share/hardware_interface/cmake)
[0.744s] -- Found rosidl_generator_c: 3.1.7 (/opt/ros/humble/share/rosidl_generator_c/cmake)
[0.750s] -- Found rosidl_adapter: 3.1.7 (/opt/ros/humble/share/rosidl_adapter/cmake)
[0.761s] -- Found rosidl_generator_cpp: 3.1.7 (/opt/ros/humble/share/rosidl_generator_cpp/cmake)
[0.776s] -- Using all available rosidl_typesupport_c: rosidl_typesupport_fastrtps_c;rosidl_typesupport_introspection_c
[0.798s] -- Using all available rosidl_typesupport_cpp: rosidl_typesupport_fastrtps_cpp;rosidl_typesupport_introspection_cpp
[1.089s] -- Found rmw_implementation_cmake: 6.1.2 (/opt/ros/humble/share/rmw_implementation_cmake/cmake)
[1.099s] -- Found rmw_fastrtps_cpp: 6.2.8 (/opt/ros/humble/share/rmw_fastrtps_cpp/cmake)
[1.146s] -- Found TinyXML2 via Config file: TinyXML2_DIR-NOTFOUND
[1.246s] -- Found OpenSSL: /usr/lib/x86_64-linux-gnu/libcrypto.so (found version "3.0.2")  
[1.253s] -- Found TinyXML2 via Config file: TinyXML2_DIR-NOTFOUND
[1.306s] -- Found FastRTPS: /opt/ros/humble/include  
[1.312s] -- Found TinyXML2 via Config file: TinyXML2_DIR-NOTFOUND
[1.327s] -- Found TinyXML2 via Config file: TinyXML2_DIR-NOTFOUND
[1.353s] -- Using RMW implementation 'rmw_fastrtps_cpp' as default
[1.357s] -- Looking for C++ include pthread.h
[1.572s] -- Looking for C++ include pthread.h - found
[1.572s] -- Performing Test CMAKE_HAVE_LIBC_PTHREAD
[1.800s] -- Performing Test CMAKE_HAVE_LIBC_PTHREAD - Success
[1.801s] -- Found Threads: TRUE  
[1.894s] -- Found ament_cmake_pytest: 1.3.12 (/opt/ros/humble/share/ament_cmake_pytest/cmake)
[3.762s] -- Configuring done
[3.840s] -- Generating done
[3.846s] -- Build files have been written to: /home/ws/build/ros2_control_demo_example_1
[3.867s] Invoked command in '/home/ws/build/ros2_control_demo_example_1' returned '0': AMENT_PREFIX_PATH=/home/ws/install/ros2_control_demo_description:${AMENT_PREFIX_PATH} CMAKE_PREFIX_PATH=/home/ws/install/ros2_control_demo_description:/opt/ros/humble /usr/bin/cmake /home/ws/src/ros2_control_demos/example_1 -DAMENT_CMAKE_SYMLINK_INSTALL=1 -DCMAKE_INSTALL_PREFIX=/home/ws/install/ros2_control_demo_example_1
[3.868s] Invoking command in '/home/ws/build/ros2_control_demo_example_1': AMENT_PREFIX_PATH=/home/ws/install/ros2_control_demo_description:${AMENT_PREFIX_PATH} CMAKE_PREFIX_PATH=/home/ws/install/ros2_control_demo_description:/opt/ros/humble /usr/bin/cmake --build /home/ws/build/ros2_control_demo_example_1 -- -j12 -l12
[10.925s] [ 50%] [32mBuilding CXX object CMakeFiles/ros2_control_demo_example_1.dir/hardware/rrbot.cpp.o[0m
[10.925s] [100%] [32m[1mLinking CXX shared library libros2_control_demo_example_1.so[0m
[10.925s] [100%] Built target ros2_control_demo_example_1
[10.936s] Invoked command in '/home/ws/build/ros2_control_demo_example_1' returned '0': AMENT_PREFIX_PATH=/home/ws/install/ros2_control_demo_description:${AMENT_PREFIX_PATH} CMAKE_PREFIX_PATH=/home/ws/install/ros2_control_demo_description:/opt/ros/humble /usr/bin/cmake --build /home/ws/build/ros2_control_demo_example_1 -- -j12 -l12
[10.937s] Invoking command in '/home/ws/build/ros2_control_demo_example_1': AMENT_PREFIX_PATH=/home/ws/install/ros2_control_demo_description:${AMENT_PREFIX_PATH} CMAKE_PREFIX_PATH=/home/ws/install/ros2_control_demo_description:/opt/ros/humble /usr/bin/cmake --install /home/ws/build/ros2_control_demo_example_1
[11.279s] -- Install configuration: ""
[11.280s] -- Execute custom install script
[11.280s] -- Symlinking: /home/ws/install/ros2_control_demo_example_1/share/ros2_control_demo_example_1//ros2_control_demo_example_1.xml
[11.280s] -- Symlinking: /home/ws/install/ros2_control_demo_example_1/include/ros2_control_demo_example_1/ros2_control_demo_example_1/rrbot.hpp
[11.280s] -- Symlinking: /home/ws/install/ros2_control_demo_example_1/share/ros2_control_demo_example_1/launch/view_robot.launch.py
[11.280s] -- Symlinking: /home/ws/install/ros2_control_demo_example_1/share/ros2_control_demo_example_1/ros2_control/rrbot.ros2_control.xacro
[11.280s] -- Symlinking: /home/ws/install/ros2_control_demo_example_1/share/ros2_control_demo_example_1/urdf/rrbot.urdf.xacro
[11.280s] -- Symlinking: /home/ws/install/ros2_control_demo_example_1/share/ros2_control_demo_example_1/launch/rrbot.launch.py
[11.280s] -- Symlinking: /home/ws/install/ros2_control_demo_example_1/share/ros2_control_demo_example_1/launch/test_forward_position_controller.launch.py
[11.280s] -- Symlinking: /home/ws/install/ros2_control_demo_example_1/share/ros2_control_demo_example_1/launch/test_joint_trajectory_controller.launch.py
[11.280s] -- Symlinking: /home/ws/install/ros2_control_demo_example_1/share/ros2_control_demo_example_1/config/rrbot_controllers.yaml
[11.280s] -- Symlinking: /home/ws/install/ros2_control_demo_example_1/share/ros2_control_demo_example_1/config/rrbot_forward_position_publisher.yaml
[11.280s] -- Symlinking: /home/ws/install/ros2_control_demo_example_1/share/ros2_control_demo_example_1/config/rrbot_joint_trajectory_publisher.yaml
[11.280s] -- Symlinking: /home/ws/install/ros2_control_demo_example_1/share/ros2_control_demo_example_1/environment/library_path.sh
[11.280s] -- Symlinking: /home/ws/install/ros2_control_demo_example_1/share/ros2_control_demo_example_1/environment/library_path.dsv
[11.280s] -- Symlinking: /home/ws/install/ros2_control_demo_example_1/share/ament_index/resource_index/package_run_dependencies/ros2_control_demo_example_1
[11.280s] -- Symlinking: /home/ws/install/ros2_control_demo_example_1/share/ament_index/resource_index/parent_prefix_path/ros2_control_demo_example_1
[11.282s] -- Symlinking: /home/ws/install/ros2_control_demo_example_1/share/ros2_control_demo_example_1/environment/ament_prefix_path.sh
[11.282s] -- Symlinking: /home/ws/install/ros2_control_demo_example_1/share/ros2_control_demo_example_1/environment/ament_prefix_path.dsv
[11.282s] -- Symlinking: /home/ws/install/ros2_control_demo_example_1/share/ros2_control_demo_example_1/environment/path.sh
[11.282s] -- Symlinking: /home/ws/install/ros2_control_demo_example_1/share/ros2_control_demo_example_1/environment/path.dsv
[11.297s] -- Symlinking: /home/ws/install/ros2_control_demo_example_1/share/ros2_control_demo_example_1/local_setup.bash
[11.309s] -- Symlinking: /home/ws/install/ros2_control_demo_example_1/share/ros2_control_demo_example_1/local_setup.sh
[11.319s] -- Symlinking: /home/ws/install/ros2_control_demo_example_1/share/ros2_control_demo_example_1/local_setup.zsh
[11.330s] -- Symlinking: /home/ws/install/ros2_control_demo_example_1/share/ros2_control_demo_example_1/local_setup.dsv
[11.339s] -- Symlinking: /home/ws/install/ros2_control_demo_example_1/share/ros2_control_demo_example_1/package.dsv
[11.360s] -- Symlinking: /home/ws/install/ros2_control_demo_example_1/share/ament_index/resource_index/packages/ros2_control_demo_example_1
[11.375s] -- Symlinking: /home/ws/install/ros2_control_demo_example_1/share/ament_index/resource_index/hardware_interface__pluginlib__plugin/ros2_control_demo_example_1
[11.398s] -- Symlinking: /home/ws/install/ros2_control_demo_example_1/share/ros2_control_demo_example_1/cmake/ament_cmake_export_targets-extras.cmake
[11.430s] -- Symlinking: /home/ws/install/ros2_control_demo_example_1/share/ros2_control_demo_example_1/cmake/ament_cmake_export_dependencies-extras.cmake
[11.450s] -- Symlinking: /home/ws/install/ros2_control_demo_example_1/share/ros2_control_demo_example_1/cmake/ros2_control_demo_example_1Config.cmake
[11.465s] -- Symlinking: /home/ws/install/ros2_control_demo_example_1/share/ros2_control_demo_example_1/cmake/ros2_control_demo_example_1Config-version.cmake
[11.478s] -- Symlinking: /home/ws/install/ros2_control_demo_example_1/share/ros2_control_demo_example_1/package.xml
[11.488s] -- Installing: /home/ws/install/ros2_control_demo_example_1/lib/libros2_control_demo_example_1.so
[11.488s] -- Set runtime path of "/home/ws/install/ros2_control_demo_example_1/lib/libros2_control_demo_example_1.so" to ""
[11.488s] -- Installing: /home/ws/install/ros2_control_demo_example_1/share/ros2_control_demo_example_1/cmake/export_ros2_control_demo_example_1Export.cmake
[11.488s] -- Installing: /home/ws/install/ros2_control_demo_example_1/share/ros2_control_demo_example_1/cmake/export_ros2_control_demo_example_1Export-noconfig.cmake
[11.501s] Invoked command in '/home/ws/build/ros2_control_demo_example_1' returned '0': AMENT_PREFIX_PATH=/home/ws/install/ros2_control_demo_description:${AMENT_PREFIX_PATH} CMAKE_PREFIX_PATH=/home/ws/install/ros2_control_demo_description:/opt/ros/humble /usr/bin/cmake --install /home/ws/build/ros2_control_demo_example_1
