[0.039s] Invoking command in '/home/ws/src/ros2_control_demos/build/ros2_control_demo_example_14': CMAKE_PREFIX_PATH=${CMAKE_PREFIX_PATH}:/opt/ros/humble /usr/bin/cmake /home/ws/src/ros2_control_demos/example_14 -DAMENT_CMAKE_SYMLINK_INSTALL=1 -DCMAKE_INSTALL_PREFIX=/home/ws/src/ros2_control_demos/install/ros2_control_demo_example_14
[0.128s] -- The CXX compiler identification is GNU 11.4.0
[0.135s] -- Detecting CXX compiler ABI info
[0.275s] -- Detecting CXX compiler ABI info - done
[0.283s] -- Check for working CXX compiler: /usr/bin/c++ - skipped
[0.284s] -- Detecting CXX compile features
[0.286s] -- Detecting CXX compile features - done
[0.289s] -- Configuring incomplete, errors occurred!
[0.289s] See also "/home/ws/src/ros2_control_demos/build/ros2_control_demo_example_14/CMakeFiles/CMakeOutput.log".
[0.289s] [31mCMake Error at CMakeLists.txt:21 (find_package):
[0.289s]   By not providing "Findbackward_ros.cmake" in CMAKE_MODULE_PATH this project
[0.289s]   has asked CMake to find a package configuration file provided by
[0.289s]   "backward_ros", but CMake did not find one.
[0.289s] 
[0.290s]   Could not find a package configuration file provided by "backward_ros" with
[0.290s]   any of the following names:
[0.290s] 
[0.290s]     backward_rosConfig.cmake
[0.290s]     backward_ros-config.cmake
[0.290s] 
[0.290s]   Add the installation prefix of "backward_ros" to CMAKE_PREFIX_PATH or set
[0.290s]   "backward_ros_DIR" to a directory containing one of the above files.  If
[0.290s]   "backward_ros" provides a separate development package or SDK, be sure it
[0.290s]   has been installed.
[0.290s] 
[0.290s] [0m
[0.292s] Invoked command in '/home/ws/src/ros2_control_demos/build/ros2_control_demo_example_14' returned '1': CMAKE_PREFIX_PATH=${CMAKE_PREFIX_PATH}:/opt/ros/humble /usr/bin/cmake /home/ws/src/ros2_control_demos/example_14 -DAMENT_CMAKE_SYMLINK_INSTALL=1 -DCMAKE_INSTALL_PREFIX=/home/ws/src/ros2_control_demos/install/ros2_control_demo_example_14
