[0.037s] Invoking command in '/home/ws/build/ros2_control_demo_example_3': AMENT_PREFIX_PATH=/home/ws/install/ros2_control_demo_description:${AMENT_PREFIX_PATH} CMAKE_PREFIX_PATH=/home/ws/install/ros2_control_demo_description:/opt/ros/humble /usr/bin/cmake /home/ws/src/ros2_control_demos/example_3 -DAMENT_CMAKE_SYMLINK_INSTALL=1 -DCMAKE_INSTALL_PREFIX=/home/ws/install/ros2_control_demo_example_3
[3.128s] -- The CXX compiler identification is GNU 11.4.0
[3.128s] -- Detecting CXX compiler ABI info
[3.128s] -- Detecting CXX compiler ABI info - done
[3.128s] -- Check for working CXX compiler: /usr/bin/c++ - skipped
[3.128s] -- Detecting CXX compile features
[3.128s] -- Detecting CXX compile features - done
[3.128s] -- Found ament_cmake: 1.3.12 (/opt/ros/humble/share/ament_cmake/cmake)
[3.128s] -- Found Python3: /usr/bin/python3 (found version "3.10.12") found components: Interpreter 
[3.128s] -- Override CMake install command with custom implementation using symlinks instead of copying resources
[3.128s] -- Found hardware_interface: 2.51.0 (/opt/ros/humble/share/hardware_interface/cmake)
[3.128s] -- Found rosidl_generator_c: 3.1.7 (/opt/ros/humble/share/rosidl_generator_c/cmake)
[3.128s] -- Found rosidl_adapter: 3.1.7 (/opt/ros/humble/share/rosidl_adapter/cmake)
[3.129s] -- Found rosidl_generator_cpp: 3.1.7 (/opt/ros/humble/share/rosidl_generator_cpp/cmake)
[3.129s] -- Using all available rosidl_typesupport_c: rosidl_typesupport_fastrtps_c;rosidl_typesupport_introspection_c
[3.129s] -- Using all available rosidl_typesupport_cpp: rosidl_typesupport_fastrtps_cpp;rosidl_typesupport_introspection_cpp
[3.129s] -- Found rmw_implementation_cmake: 6.1.2 (/opt/ros/humble/share/rmw_implementation_cmake/cmake)
[3.129s] -- Found rmw_fastrtps_cpp: 6.2.8 (/opt/ros/humble/share/rmw_fastrtps_cpp/cmake)
[3.129s] -- Found TinyXML2 via Config file: TinyXML2_DIR-NOTFOUND
[3.129s] -- Found OpenSSL: /usr/lib/x86_64-linux-gnu/libcrypto.so (found version "3.0.2")  
[3.132s] -- Found TinyXML2 via Config file: TinyXML2_DIR-NOTFOUND
[3.132s] -- Found FastRTPS: /opt/ros/humble/include  
[3.132s] -- Found TinyXML2 via Config file: TinyXML2_DIR-NOTFOUND
[3.132s] -- Found TinyXML2 via Config file: TinyXML2_DIR-NOTFOUND
[3.133s] -- Using RMW implementation 'rmw_fastrtps_cpp' as default
[3.133s] -- Looking for C++ include pthread.h
[3.133s] -- Looking for C++ include pthread.h - found
[3.133s] -- Performing Test CMAKE_HAVE_LIBC_PTHREAD
[3.133s] -- Performing Test CMAKE_HAVE_LIBC_PTHREAD - Success
[3.133s] -- Found Threads: TRUE  
[3.133s] -- Found ament_cmake_pytest: 1.3.12 (/opt/ros/humble/share/ament_cmake_pytest/cmake)
[3.426s] -- Configuring done
[3.466s] -- Generating done
[3.471s] -- Build files have been written to: /home/ws/build/ros2_control_demo_example_3
[3.481s] Invoked command in '/home/ws/build/ros2_control_demo_example_3' returned '0': AMENT_PREFIX_PATH=/home/ws/install/ros2_control_demo_description:${AMENT_PREFIX_PATH} CMAKE_PREFIX_PATH=/home/ws/install/ros2_control_demo_description:/opt/ros/humble /usr/bin/cmake /home/ws/src/ros2_control_demos/example_3 -DAMENT_CMAKE_SYMLINK_INSTALL=1 -DCMAKE_INSTALL_PREFIX=/home/ws/install/ros2_control_demo_example_3
[3.484s] Invoking command in '/home/ws/build/ros2_control_demo_example_3': AMENT_PREFIX_PATH=/home/ws/install/ros2_control_demo_description:${AMENT_PREFIX_PATH} CMAKE_PREFIX_PATH=/home/ws/install/ros2_control_demo_description:/opt/ros/humble /usr/bin/cmake --build /home/ws/build/ros2_control_demo_example_3 -- -j12 -l12
[4.071s] [ 50%] [32mBuilding CXX object CMakeFiles/ros2_control_demo_example_3.dir/hardware/rrbot_system_multi_interface.cpp.o[0m
[9.772s] [100%] [32m[1mLinking CXX shared library libros2_control_demo_example_3.so[0m
[10.365s] [100%] Built target ros2_control_demo_example_3
[10.389s] Invoked command in '/home/ws/build/ros2_control_demo_example_3' returned '0': AMENT_PREFIX_PATH=/home/ws/install/ros2_control_demo_description:${AMENT_PREFIX_PATH} CMAKE_PREFIX_PATH=/home/ws/install/ros2_control_demo_description:/opt/ros/humble /usr/bin/cmake --build /home/ws/build/ros2_control_demo_example_3 -- -j12 -l12
[10.390s] Invoking command in '/home/ws/build/ros2_control_demo_example_3': AMENT_PREFIX_PATH=/home/ws/install/ros2_control_demo_description:${AMENT_PREFIX_PATH} CMAKE_PREFIX_PATH=/home/ws/install/ros2_control_demo_description:/opt/ros/humble /usr/bin/cmake --install /home/ws/build/ros2_control_demo_example_3
[10.994s] -- Install configuration: ""
[10.994s] -- Execute custom install script
[10.994s] -- Symlinking: /home/ws/install/ros2_control_demo_example_3/share/ros2_control_demo_example_3//ros2_control_demo_example_3.xml
[10.994s] -- Symlinking: /home/ws/install/ros2_control_demo_example_3/include/ros2_control_demo_example_3/ros2_control_demo_example_3/rrbot_system_multi_interface.hpp
[10.994s] -- Symlinking: /home/ws/install/ros2_control_demo_example_3/share/ros2_control_demo_example_3/launch/view_robot.launch.py
[10.994s] -- Symlinking: /home/ws/install/ros2_control_demo_example_3/share/ros2_control_demo_example_3/ros2_control/rrbot_system_multi_interface.ros2_control.xacro
[10.995s] -- Symlinking: /home/ws/install/ros2_control_demo_example_3/share/ros2_control_demo_example_3/urdf/rrbot_system_multi_interface.urdf.xacro
[10.995s] -- Symlinking: /home/ws/install/ros2_control_demo_example_3/share/ros2_control_demo_example_3/launch/rrbot_system_multi_interface.launch.py
[10.995s] -- Symlinking: /home/ws/install/ros2_control_demo_example_3/share/ros2_control_demo_example_3/launch/test_forward_position_controller.launch.py
[10.995s] -- Symlinking: /home/ws/install/ros2_control_demo_example_3/share/ros2_control_demo_example_3/config/rrbot_forward_position_publisher.yaml
[10.995s] -- Symlinking: /home/ws/install/ros2_control_demo_example_3/share/ros2_control_demo_example_3/config/rrbot_multi_interface_forward_controllers.yaml
[10.995s] -- Symlinking: /home/ws/install/ros2_control_demo_example_3/share/ros2_control_demo_example_3/environment/library_path.sh
[10.995s] -- Symlinking: /home/ws/install/ros2_control_demo_example_3/share/ros2_control_demo_example_3/environment/library_path.dsv
[10.995s] -- Symlinking: /home/ws/install/ros2_control_demo_example_3/share/ament_index/resource_index/package_run_dependencies/ros2_control_demo_example_3
[10.995s] -- Symlinking: /home/ws/install/ros2_control_demo_example_3/share/ament_index/resource_index/parent_prefix_path/ros2_control_demo_example_3
[10.995s] -- Symlinking: /home/ws/install/ros2_control_demo_example_3/share/ros2_control_demo_example_3/environment/ament_prefix_path.sh
[10.995s] -- Symlinking: /home/ws/install/ros2_control_demo_example_3/share/ros2_control_demo_example_3/environment/ament_prefix_path.dsv
[10.995s] -- Symlinking: /home/ws/install/ros2_control_demo_example_3/share/ros2_control_demo_example_3/environment/path.sh
[10.995s] -- Symlinking: /home/ws/install/ros2_control_demo_example_3/share/ros2_control_demo_example_3/environment/path.dsv
[10.995s] -- Symlinking: /home/ws/install/ros2_control_demo_example_3/share/ros2_control_demo_example_3/local_setup.bash
[10.995s] -- Symlinking: /home/ws/install/ros2_control_demo_example_3/share/ros2_control_demo_example_3/local_setup.sh
[10.995s] -- Symlinking: /home/ws/install/ros2_control_demo_example_3/share/ros2_control_demo_example_3/local_setup.zsh
[10.995s] -- Symlinking: /home/ws/install/ros2_control_demo_example_3/share/ros2_control_demo_example_3/local_setup.dsv
[10.995s] -- Symlinking: /home/ws/install/ros2_control_demo_example_3/share/ros2_control_demo_example_3/package.dsv
[10.995s] -- Symlinking: /home/ws/install/ros2_control_demo_example_3/share/ament_index/resource_index/packages/ros2_control_demo_example_3
[10.995s] -- Symlinking: /home/ws/install/ros2_control_demo_example_3/share/ament_index/resource_index/hardware_interface__pluginlib__plugin/ros2_control_demo_example_3
[10.996s] -- Symlinking: /home/ws/install/ros2_control_demo_example_3/share/ros2_control_demo_example_3/cmake/ament_cmake_export_targets-extras.cmake
[10.996s] -- Symlinking: /home/ws/install/ros2_control_demo_example_3/share/ros2_control_demo_example_3/cmake/ament_cmake_export_dependencies-extras.cmake
[10.996s] -- Symlinking: /home/ws/install/ros2_control_demo_example_3/share/ros2_control_demo_example_3/cmake/ros2_control_demo_example_3Config.cmake
[10.996s] -- Symlinking: /home/ws/install/ros2_control_demo_example_3/share/ros2_control_demo_example_3/cmake/ros2_control_demo_example_3Config-version.cmake
[10.996s] -- Symlinking: /home/ws/install/ros2_control_demo_example_3/share/ros2_control_demo_example_3/package.xml
[10.996s] -- Installing: /home/ws/install/ros2_control_demo_example_3/lib/libros2_control_demo_example_3.so
[10.996s] -- Set runtime path of "/home/ws/install/ros2_control_demo_example_3/lib/libros2_control_demo_example_3.so" to ""
[10.996s] -- Installing: /home/ws/install/ros2_control_demo_example_3/share/ros2_control_demo_example_3/cmake/export_ros2_control_demo_example_3Export.cmake
[10.996s] -- Installing: /home/ws/install/ros2_control_demo_example_3/share/ros2_control_demo_example_3/cmake/export_ros2_control_demo_example_3Export-noconfig.cmake
[11.000s] Invoked command in '/home/ws/build/ros2_control_demo_example_3' returned '0': AMENT_PREFIX_PATH=/home/ws/install/ros2_control_demo_description:${AMENT_PREFIX_PATH} CMAKE_PREFIX_PATH=/home/ws/install/ros2_control_demo_description:/opt/ros/humble /usr/bin/cmake --install /home/ws/build/ros2_control_demo_example_3
