[0.070s] Invoking command in '/home/ws/build/ros2_control_demo_example_10': CMAKE_PREFIX_PATH=/home/ws/install/ros2_control_demo_description:/home/ws/install/ros2_control_demos:/home/ws/install/ros2_control_demo_example_9:/home/ws/install/ros2_control_demo_example_8:/home/ws/install/ros2_control_demo_example_7:/home/ws/install/ros2_control_demo_example_6:/home/ws/install/ros2_control_demo_example_15:/home/ws/install/ros2_control_demo_example_13:/home/ws/install/ros2_control_demo_example_5:/home/ws/install/ros2_control_demo_example_4:/home/ws/install/ros2_control_demo_example_3:/home/ws/install/ros2_control_demo_example_2:/home/ws/install/ros2_control_demo_example_14:/home/ws/install/ros2_control_demo_example_12:/home/ws/install/ros2_control_demo_example_11:/home/ws/install/ros2_control_demo_example_10:/home/ws/install/ros2_control_demo_example_1:/opt/ros/humble /usr/bin/cmake --build /home/ws/build/ros2_control_demo_example_10 -- -j12 -l12
[0.126s] -- Found ament_cmake: 1.3.12 (/opt/ros/humble/share/ament_cmake/cmake)
[0.299s] -- Override CMake install command with custom implementation using symlinks instead of copying resources
[0.310s] -- Found hardware_interface: 2.51.0 (/opt/ros/humble/share/hardware_interface/cmake)
[0.359s] -- Found rosidl_generator_c: 3.1.7 (/opt/ros/humble/share/rosidl_generator_c/cmake)
[0.362s] -- Found rosidl_adapter: 3.1.7 (/opt/ros/humble/share/rosidl_adapter/cmake)
[0.373s] -- Found rosidl_generator_cpp: 3.1.7 (/opt/ros/humble/share/rosidl_generator_cpp/cmake)
[0.383s] -- Using all available rosidl_typesupport_c: rosidl_typesupport_fastrtps_c;rosidl_typesupport_introspection_c
[0.397s] -- Using all available rosidl_typesupport_cpp: rosidl_typesupport_fastrtps_cpp;rosidl_typesupport_introspection_cpp
[0.646s] -- Found rmw_implementation_cmake: 6.1.2 (/opt/ros/humble/share/rmw_implementation_cmake/cmake)
[0.650s] -- Found rmw_fastrtps_cpp: 6.2.8 (/opt/ros/humble/share/rmw_fastrtps_cpp/cmake)
[0.676s] -- Found TinyXML2 via Config file: TinyXML2_DIR-NOTFOUND
[0.688s] -- Found TinyXML2 via Config file: TinyXML2_DIR-NOTFOUND
[0.707s] -- Found TinyXML2 via Config file: TinyXML2_DIR-NOTFOUND
[0.717s] -- Found TinyXML2 via Config file: TinyXML2_DIR-NOTFOUND
[0.727s] -- Using RMW implementation 'rmw_fastrtps_cpp' as default
[0.824s] -- Found ament_cmake_pytest: 1.3.12 (/opt/ros/humble/share/ament_cmake_pytest/cmake)
[2.413s] -- Configuring done
[2.423s] -- Generating done
[2.427s] -- Build files have been written to: /home/ws/build/ros2_control_demo_example_10
[2.480s] [35m[1mConsolidate compiler generated dependencies of target ros2_control_demo_example_10[0m
[2.488s] [100%] Built target ros2_control_demo_example_10
[2.614s] Invoked command in '/home/ws/build/ros2_control_demo_example_10' returned '0': CMAKE_PREFIX_PATH=/home/ws/install/ros2_control_demo_description:/home/ws/install/ros2_control_demos:/home/ws/install/ros2_control_demo_example_9:/home/ws/install/ros2_control_demo_example_8:/home/ws/install/ros2_control_demo_example_7:/home/ws/install/ros2_control_demo_example_6:/home/ws/install/ros2_control_demo_example_15:/home/ws/install/ros2_control_demo_example_13:/home/ws/install/ros2_control_demo_example_5:/home/ws/install/ros2_control_demo_example_4:/home/ws/install/ros2_control_demo_example_3:/home/ws/install/ros2_control_demo_example_2:/home/ws/install/ros2_control_demo_example_14:/home/ws/install/ros2_control_demo_example_12:/home/ws/install/ros2_control_demo_example_11:/home/ws/install/ros2_control_demo_example_10:/home/ws/install/ros2_control_demo_example_1:/opt/ros/humble /usr/bin/cmake --build /home/ws/build/ros2_control_demo_example_10 -- -j12 -l12
[2.616s] Invoking command in '/home/ws/build/ros2_control_demo_example_10': CMAKE_PREFIX_PATH=/home/ws/install/ros2_control_demo_description:/home/ws/install/ros2_control_demos:/home/ws/install/ros2_control_demo_example_9:/home/ws/install/ros2_control_demo_example_8:/home/ws/install/ros2_control_demo_example_7:/home/ws/install/ros2_control_demo_example_6:/home/ws/install/ros2_control_demo_example_15:/home/ws/install/ros2_control_demo_example_13:/home/ws/install/ros2_control_demo_example_5:/home/ws/install/ros2_control_demo_example_4:/home/ws/install/ros2_control_demo_example_3:/home/ws/install/ros2_control_demo_example_2:/home/ws/install/ros2_control_demo_example_14:/home/ws/install/ros2_control_demo_example_12:/home/ws/install/ros2_control_demo_example_11:/home/ws/install/ros2_control_demo_example_10:/home/ws/install/ros2_control_demo_example_1:/opt/ros/humble /usr/bin/cmake --install /home/ws/build/ros2_control_demo_example_10
[2.634s] -- Install configuration: ""
[2.634s] -- Execute custom install script
[2.634s] -- Up-to-date symlink: /home/ws/install/ros2_control_demo_example_10/share/ros2_control_demo_example_10//ros2_control_demo_example_10.xml
[2.634s] -- Up-to-date symlink: /home/ws/install/ros2_control_demo_example_10/include/ros2_control_demo_example_10/ros2_control_demo_example_10/rrbot.hpp
[2.634s] -- Up-to-date symlink: /home/ws/install/ros2_control_demo_example_10/share/ros2_control_demo_example_10/launch/view_robot.launch.py
[2.636s] -- Up-to-date symlink: /home/ws/install/ros2_control_demo_example_10/share/ros2_control_demo_example_10/ros2_control/rrbot.ros2_control.xacro
[2.636s] -- Up-to-date symlink: /home/ws/install/ros2_control_demo_example_10/share/ros2_control_demo_example_10/urdf/rrbot.urdf.xacro
[2.636s] -- Up-to-date symlink: /home/ws/install/ros2_control_demo_example_10/share/ros2_control_demo_example_10/launch/rrbot.launch.py
[2.636s] -- Up-to-date symlink: /home/ws/install/ros2_control_demo_example_10/share/ros2_control_demo_example_10/launch/test_forward_position_controller.launch.py
[2.636s] -- Up-to-date symlink: /home/ws/install/ros2_control_demo_example_10/share/ros2_control_demo_example_10/config/rrbot_controllers.yaml
[2.636s] -- Up-to-date symlink: /home/ws/install/ros2_control_demo_example_10/share/ros2_control_demo_example_10/config/rrbot_forward_position_publisher.yaml
[2.636s] -- Up-to-date symlink: /home/ws/install/ros2_control_demo_example_10/share/ros2_control_demo_example_10/environment/library_path.sh
[2.638s] -- Up-to-date symlink: /home/ws/install/ros2_control_demo_example_10/share/ros2_control_demo_example_10/environment/library_path.dsv
[2.639s] -- Up-to-date symlink: /home/ws/install/ros2_control_demo_example_10/share/ament_index/resource_index/package_run_dependencies/ros2_control_demo_example_10
[2.639s] -- Up-to-date symlink: /home/ws/install/ros2_control_demo_example_10/share/ament_index/resource_index/parent_prefix_path/ros2_control_demo_example_10
[2.639s] -- Up-to-date symlink: /home/ws/install/ros2_control_demo_example_10/share/ros2_control_demo_example_10/environment/ament_prefix_path.sh
[2.639s] -- Up-to-date symlink: /home/ws/install/ros2_control_demo_example_10/share/ros2_control_demo_example_10/environment/ament_prefix_path.dsv
[2.639s] -- Up-to-date symlink: /home/ws/install/ros2_control_demo_example_10/share/ros2_control_demo_example_10/environment/path.sh
[2.639s] -- Up-to-date symlink: /home/ws/install/ros2_control_demo_example_10/share/ros2_control_demo_example_10/environment/path.dsv
[2.639s] -- Up-to-date symlink: /home/ws/install/ros2_control_demo_example_10/share/ros2_control_demo_example_10/local_setup.bash
[2.639s] -- Up-to-date symlink: /home/ws/install/ros2_control_demo_example_10/share/ros2_control_demo_example_10/local_setup.sh
[2.639s] -- Up-to-date symlink: /home/ws/install/ros2_control_demo_example_10/share/ros2_control_demo_example_10/local_setup.zsh
[2.639s] -- Up-to-date symlink: /home/ws/install/ros2_control_demo_example_10/share/ros2_control_demo_example_10/local_setup.dsv
[2.639s] -- Symlinking: /home/ws/install/ros2_control_demo_example_10/share/ros2_control_demo_example_10/package.dsv
[2.643s] -- Up-to-date symlink: /home/ws/install/ros2_control_demo_example_10/share/ament_index/resource_index/packages/ros2_control_demo_example_10
[2.643s] -- Up-to-date symlink: /home/ws/install/ros2_control_demo_example_10/share/ament_index/resource_index/hardware_interface__pluginlib__plugin/ros2_control_demo_example_10
[2.643s] -- Up-to-date symlink: /home/ws/install/ros2_control_demo_example_10/share/ros2_control_demo_example_10/cmake/ament_cmake_export_targets-extras.cmake
[2.643s] -- Up-to-date symlink: /home/ws/install/ros2_control_demo_example_10/share/ros2_control_demo_example_10/cmake/ament_cmake_export_dependencies-extras.cmake
[2.643s] -- Up-to-date symlink: /home/ws/install/ros2_control_demo_example_10/share/ros2_control_demo_example_10/cmake/ros2_control_demo_example_10Config.cmake
[2.643s] -- Up-to-date symlink: /home/ws/install/ros2_control_demo_example_10/share/ros2_control_demo_example_10/cmake/ros2_control_demo_example_10Config-version.cmake
[2.643s] -- Up-to-date symlink: /home/ws/install/ros2_control_demo_example_10/share/ros2_control_demo_example_10/package.xml
[2.643s] -- Up-to-date: /home/ws/install/ros2_control_demo_example_10/lib/libros2_control_demo_example_10.so
[2.643s] -- Up-to-date: /home/ws/install/ros2_control_demo_example_10/share/ros2_control_demo_example_10/cmake/export_ros2_control_demo_example_10Export.cmake
[2.643s] -- Up-to-date: /home/ws/install/ros2_control_demo_example_10/share/ros2_control_demo_example_10/cmake/export_ros2_control_demo_example_10Export-noconfig.cmake
[2.679s] Invoked command in '/home/ws/build/ros2_control_demo_example_10' returned '0': CMAKE_PREFIX_PATH=/home/ws/install/ros2_control_demo_description:/home/ws/install/ros2_control_demos:/home/ws/install/ros2_control_demo_example_9:/home/ws/install/ros2_control_demo_example_8:/home/ws/install/ros2_control_demo_example_7:/home/ws/install/ros2_control_demo_example_6:/home/ws/install/ros2_control_demo_example_15:/home/ws/install/ros2_control_demo_example_13:/home/ws/install/ros2_control_demo_example_5:/home/ws/install/ros2_control_demo_example_4:/home/ws/install/ros2_control_demo_example_3:/home/ws/install/ros2_control_demo_example_2:/home/ws/install/ros2_control_demo_example_14:/home/ws/install/ros2_control_demo_example_12:/home/ws/install/ros2_control_demo_example_11:/home/ws/install/ros2_control_demo_example_10:/home/ws/install/ros2_control_demo_example_1:/opt/ros/humble /usr/bin/cmake --install /home/ws/build/ros2_control_demo_example_10
