[0.054s] Invoking command in '/home/ws/src/ros2_control_demos/build/ros2_control_demo_example_1': CMAKE_PREFIX_PATH=${CMAKE_PREFIX_PATH}:/opt/ros/humble /usr/bin/cmake /home/ws/src/ros2_control_demos/example_1 -DAMENT_CMAKE_SYMLINK_INSTALL=1 -DCMAKE_INSTALL_PREFIX=/home/ws/src/ros2_control_demos/install/ros2_control_demo_example_1
[0.180s] -- The CXX compiler identification is GNU 11.4.0
[0.192s] -- Detecting CXX compiler ABI info
[0.336s] -- Detecting CXX compiler ABI info - done
[0.358s] -- Check for working CXX compiler: /usr/bin/c++ - skipped
[0.360s] -- Detecting CXX compile features
[0.361s] -- Detecting CXX compile features - done
[0.364s] [31mCMake Error at CMakeLists.txt:20 (find_package):
[0.364s]   By not providing "Findbackward_ros.cmake" in CMAKE_MODULE_PATH this project
[0.364s]   has asked CMake to find a package configuration file provided by
[0.364s]   "backward_ros", but CMake did not find one.
[0.364s] 
[0.364s]   Could not find a package configuration file provided by "backward_ros" with
[0.364s]   any of the following names:
[0.365s] 
[0.365s]     backward_rosConfig.cmake
[0.365s]     backward_ros-config.cmake
[0.365s] 
[0.365s]   Add the installation prefix of "backward_ros" to CMAKE_PREFIX_PATH or set
[0.365s]   "backward_ros_DIR" to a directory containing one of the above files.  If
[0.366s]   "backward_ros" provides a separate development package or SDK, be sure it
[0.366s]   has been installed.
[0.366s] 
[0.366s] [0m
[0.367s] -- Configuring incomplete, errors occurred!
[0.367s] See also "/home/ws/src/ros2_control_demos/build/ros2_control_demo_example_1/CMakeFiles/CMakeOutput.log".
