[0.056s] Invoking command in '/home/ws/build/ros2_control_demo_example_7': CMAKE_PREFIX_PATH=/home/ws/install/ros2_control_demo_description:/home/ws/install/ros2_control_demos:/home/ws/install/ros2_control_demo_example_9:/home/ws/install/ros2_control_demo_example_8:/home/ws/install/ros2_control_demo_example_7:/home/ws/install/ros2_control_demo_example_6:/home/ws/install/ros2_control_demo_example_15:/home/ws/install/ros2_control_demo_example_13:/home/ws/install/ros2_control_demo_example_5:/home/ws/install/ros2_control_demo_example_4:/home/ws/install/ros2_control_demo_example_3:/home/ws/install/ros2_control_demo_example_2:/home/ws/install/ros2_control_demo_example_14:/home/ws/install/ros2_control_demo_example_12:/home/ws/install/ros2_control_demo_example_11:/home/ws/install/ros2_control_demo_example_10:/home/ws/install/ros2_control_demo_example_1:/opt/ros/humble /usr/bin/cmake --build /home/ws/build/ros2_control_demo_example_7 -- -j12 -l12
[2.338s] -- Found ament_cmake: 1.3.12 (/opt/ros/humble/share/ament_cmake/cmake)
[2.338s] -- Override CMake install command with custom implementation using symlinks instead of copying resources
[2.338s] -- Found pluginlib: 5.1.0 (/opt/ros/humble/share/pluginlib/cmake)
[2.338s] -- Found hardware_interface: 2.51.0 (/opt/ros/humble/share/hardware_interface/cmake)
[2.338s] -- Found rosidl_generator_c: 3.1.7 (/opt/ros/humble/share/rosidl_generator_c/cmake)
[2.338s] -- Found rosidl_adapter: 3.1.7 (/opt/ros/humble/share/rosidl_adapter/cmake)
[2.338s] -- Found rosidl_generator_cpp: 3.1.7 (/opt/ros/humble/share/rosidl_generator_cpp/cmake)
[2.338s] -- Using all available rosidl_typesupport_c: rosidl_typesupport_fastrtps_c;rosidl_typesupport_introspection_c
[2.338s] -- Using all available rosidl_typesupport_cpp: rosidl_typesupport_fastrtps_cpp;rosidl_typesupport_introspection_cpp
[2.338s] -- Found rmw_implementation_cmake: 6.1.2 (/opt/ros/humble/share/rmw_implementation_cmake/cmake)
[2.338s] -- Found rmw_fastrtps_cpp: 6.2.8 (/opt/ros/humble/share/rmw_fastrtps_cpp/cmake)
[2.338s] -- Found TinyXML2 via Config file: TinyXML2_DIR-NOTFOUND
[2.338s] -- Found TinyXML2 via Config file: TinyXML2_DIR-NOTFOUND
[2.338s] -- Found TinyXML2 via Config file: TinyXML2_DIR-NOTFOUND
[2.338s] -- Found TinyXML2 via Config file: TinyXML2_DIR-NOTFOUND
[2.338s] -- Using RMW implementation 'rmw_fastrtps_cpp' as default
[2.339s] -- Found kdl_parser: 2.6.4 (/opt/ros/humble/share/kdl_parser/cmake)
[2.339s] -- Found eigen3_cmake_module: 0.1.1 (/opt/ros/humble/share/eigen3_cmake_module/cmake)
[2.339s] -- Ensuring Eigen3 include directory is part of orocos-kdl CMake target
[2.339s] -- Found controller_interface: 2.51.0 (/opt/ros/humble/share/controller_interface/cmake)
[2.365s] -- Found realtime_tools: 2.14.0 (/opt/ros/humble/share/realtime_tools/cmake)
[2.365s] -- Found ament_cmake_pytest: 1.3.12 (/opt/ros/humble/share/ament_cmake_pytest/cmake)
[2.365s] -- Configuring done
[2.365s] -- Generating done
[2.365s] -- Build files have been written to: /home/ws/build/ros2_control_demo_example_7
[2.367s] [35m[1mConsolidate compiler generated dependencies of target ros2_control_demo_example_7[0m
[2.367s] [35m[1mConsolidate compiler generated dependencies of target send_trajectory[0m
[2.371s] [ 20%] [32mBuilding CXX object CMakeFiles/ros2_control_demo_example_7.dir/controller/r6bot_controller.cpp.o[0m
[2.376s] [ 60%] Built target send_trajectory
[9.166s] [ 80%] [32m[1mLinking CXX shared library libros2_control_demo_example_7.so[0m
[9.610s] [100%] Built target ros2_control_demo_example_7
[9.622s] Invoked command in '/home/ws/build/ros2_control_demo_example_7' returned '0': CMAKE_PREFIX_PATH=/home/ws/install/ros2_control_demo_description:/home/ws/install/ros2_control_demos:/home/ws/install/ros2_control_demo_example_9:/home/ws/install/ros2_control_demo_example_8:/home/ws/install/ros2_control_demo_example_7:/home/ws/install/ros2_control_demo_example_6:/home/ws/install/ros2_control_demo_example_15:/home/ws/install/ros2_control_demo_example_13:/home/ws/install/ros2_control_demo_example_5:/home/ws/install/ros2_control_demo_example_4:/home/ws/install/ros2_control_demo_example_3:/home/ws/install/ros2_control_demo_example_2:/home/ws/install/ros2_control_demo_example_14:/home/ws/install/ros2_control_demo_example_12:/home/ws/install/ros2_control_demo_example_11:/home/ws/install/ros2_control_demo_example_10:/home/ws/install/ros2_control_demo_example_1:/opt/ros/humble /usr/bin/cmake --build /home/ws/build/ros2_control_demo_example_7 -- -j12 -l12
[9.624s] Invoking command in '/home/ws/build/ros2_control_demo_example_7': CMAKE_PREFIX_PATH=/home/ws/install/ros2_control_demo_description:/home/ws/install/ros2_control_demos:/home/ws/install/ros2_control_demo_example_9:/home/ws/install/ros2_control_demo_example_8:/home/ws/install/ros2_control_demo_example_7:/home/ws/install/ros2_control_demo_example_6:/home/ws/install/ros2_control_demo_example_15:/home/ws/install/ros2_control_demo_example_13:/home/ws/install/ros2_control_demo_example_5:/home/ws/install/ros2_control_demo_example_4:/home/ws/install/ros2_control_demo_example_3:/home/ws/install/ros2_control_demo_example_2:/home/ws/install/ros2_control_demo_example_14:/home/ws/install/ros2_control_demo_example_12:/home/ws/install/ros2_control_demo_example_11:/home/ws/install/ros2_control_demo_example_10:/home/ws/install/ros2_control_demo_example_1:/opt/ros/humble /usr/bin/cmake --install /home/ws/build/ros2_control_demo_example_7
[9.630s] -- Install configuration: ""
[9.631s] -- Execute custom install script
[9.632s] -- Up-to-date symlink: /home/ws/install/ros2_control_demo_example_7/share/ros2_control_demo_example_7//ros2_control_demo_example_7.xml
[9.632s] -- Up-to-date symlink: /home/ws/install/ros2_control_demo_example_7/share/ros2_control_demo_example_7//ros2_control_demo_example_7.xml
[9.632s] -- Up-to-date symlink: /home/ws/install/ros2_control_demo_example_7/include/ros2_control_demo_example_7/ros2_control_demo_example_7/r6bot_hardware.hpp
[9.632s] -- Up-to-date symlink: /home/ws/install/ros2_control_demo_example_7/share/ros2_control_demo_example_7/launch/view_r6bot.launch.py
[9.633s] -- Up-to-date symlink: /home/ws/install/ros2_control_demo_example_7/share/ros2_control_demo_example_7/ros2_control/r6bot.ros2_control.xacro
[9.633s] -- Up-to-date symlink: /home/ws/install/ros2_control_demo_example_7/share/ros2_control_demo_example_7/urdf/r6bot.urdf.xacro
[9.633s] -- Up-to-date symlink: /home/ws/install/ros2_control_demo_example_7/share/ros2_control_demo_example_7/launch/r6bot_controller.launch.py
[9.633s] -- Up-to-date symlink: /home/ws/install/ros2_control_demo_example_7/share/ros2_control_demo_example_7/launch/send_trajectory.launch.py
[9.633s] -- Up-to-date symlink: /home/ws/install/ros2_control_demo_example_7/share/ros2_control_demo_example_7/config/r6bot_controller.yaml
[9.634s] -- Up-to-date symlink: /home/ws/install/ros2_control_demo_example_7/lib/ros2_control_demo_example_7/send_trajectory
[9.634s] -- Up-to-date symlink: /home/ws/install/ros2_control_demo_example_7/share/ros2_control_demo_example_7/environment/library_path.sh
[9.634s] -- Up-to-date symlink: /home/ws/install/ros2_control_demo_example_7/share/ros2_control_demo_example_7/environment/library_path.dsv
[9.634s] -- Up-to-date symlink: /home/ws/install/ros2_control_demo_example_7/share/ament_index/resource_index/package_run_dependencies/ros2_control_demo_example_7
[9.634s] -- Up-to-date symlink: /home/ws/install/ros2_control_demo_example_7/share/ament_index/resource_index/parent_prefix_path/ros2_control_demo_example_7
[9.634s] -- Up-to-date symlink: /home/ws/install/ros2_control_demo_example_7/share/ros2_control_demo_example_7/environment/ament_prefix_path.sh
[9.634s] -- Up-to-date symlink: /home/ws/install/ros2_control_demo_example_7/share/ros2_control_demo_example_7/environment/ament_prefix_path.dsv
[9.634s] -- Up-to-date symlink: /home/ws/install/ros2_control_demo_example_7/share/ros2_control_demo_example_7/environment/path.sh
[9.634s] -- Up-to-date symlink: /home/ws/install/ros2_control_demo_example_7/share/ros2_control_demo_example_7/environment/path.dsv
[9.634s] -- Up-to-date symlink: /home/ws/install/ros2_control_demo_example_7/share/ros2_control_demo_example_7/local_setup.bash
[9.634s] -- Up-to-date symlink: /home/ws/install/ros2_control_demo_example_7/share/ros2_control_demo_example_7/local_setup.sh
[9.634s] -- Up-to-date symlink: /home/ws/install/ros2_control_demo_example_7/share/ros2_control_demo_example_7/local_setup.zsh
[9.634s] -- Up-to-date symlink: /home/ws/install/ros2_control_demo_example_7/share/ros2_control_demo_example_7/local_setup.dsv
[9.634s] -- Symlinking: /home/ws/install/ros2_control_demo_example_7/share/ros2_control_demo_example_7/package.dsv
[9.642s] -- Up-to-date symlink: /home/ws/install/ros2_control_demo_example_7/share/ament_index/resource_index/packages/ros2_control_demo_example_7
[9.642s] -- Up-to-date symlink: /home/ws/install/ros2_control_demo_example_7/share/ament_index/resource_index/hardware_interface__pluginlib__plugin/ros2_control_demo_example_7
[9.642s] -- Up-to-date symlink: /home/ws/install/ros2_control_demo_example_7/share/ament_index/resource_index/controller_interface__pluginlib__plugin/ros2_control_demo_example_7
[9.642s] -- Up-to-date symlink: /home/ws/install/ros2_control_demo_example_7/share/ros2_control_demo_example_7/cmake/ament_cmake_export_targets-extras.cmake
[9.642s] -- Up-to-date symlink: /home/ws/install/ros2_control_demo_example_7/share/ros2_control_demo_example_7/cmake/ament_cmake_export_dependencies-extras.cmake
[9.642s] -- Up-to-date symlink: /home/ws/install/ros2_control_demo_example_7/share/ros2_control_demo_example_7/cmake/ros2_control_demo_example_7Config.cmake
[9.642s] -- Up-to-date symlink: /home/ws/install/ros2_control_demo_example_7/share/ros2_control_demo_example_7/cmake/ros2_control_demo_example_7Config-version.cmake
[9.642s] -- Up-to-date symlink: /home/ws/install/ros2_control_demo_example_7/share/ros2_control_demo_example_7/package.xml
[9.643s] -- Installing: /home/ws/install/ros2_control_demo_example_7/lib/libros2_control_demo_example_7.so
[9.649s] -- Set runtime path of "/home/ws/install/ros2_control_demo_example_7/lib/libros2_control_demo_example_7.so" to ""
[9.649s] -- Up-to-date: /home/ws/install/ros2_control_demo_example_7/share/ros2_control_demo_example_7/cmake/export_ros2_control_demo_example_7Export.cmake
[9.649s] -- Up-to-date: /home/ws/install/ros2_control_demo_example_7/share/ros2_control_demo_example_7/cmake/export_ros2_control_demo_example_7Export-noconfig.cmake
[9.651s] Invoked command in '/home/ws/build/ros2_control_demo_example_7' returned '0': CMAKE_PREFIX_PATH=/home/ws/install/ros2_control_demo_description:/home/ws/install/ros2_control_demos:/home/ws/install/ros2_control_demo_example_9:/home/ws/install/ros2_control_demo_example_8:/home/ws/install/ros2_control_demo_example_7:/home/ws/install/ros2_control_demo_example_6:/home/ws/install/ros2_control_demo_example_15:/home/ws/install/ros2_control_demo_example_13:/home/ws/install/ros2_control_demo_example_5:/home/ws/install/ros2_control_demo_example_4:/home/ws/install/ros2_control_demo_example_3:/home/ws/install/ros2_control_demo_example_2:/home/ws/install/ros2_control_demo_example_14:/home/ws/install/ros2_control_demo_example_12:/home/ws/install/ros2_control_demo_example_11:/home/ws/install/ros2_control_demo_example_10:/home/ws/install/ros2_control_demo_example_1:/opt/ros/humble /usr/bin/cmake --install /home/ws/build/ros2_control_demo_example_7
