[0.095s] Invoking command in '/home/ws/build/ros2_control_demo_example_8': CMAKE_PREFIX_PATH=/home/ws/install/ros2_control_demo_description:/home/ws/install/ros2_control_demos:/home/ws/install/ros2_control_demo_example_9:/home/ws/install/ros2_control_demo_example_8:/home/ws/install/ros2_control_demo_example_7:/home/ws/install/ros2_control_demo_example_6:/home/ws/install/ros2_control_demo_example_15:/home/ws/install/ros2_control_demo_example_13:/home/ws/install/ros2_control_demo_example_5:/home/ws/install/ros2_control_demo_example_4:/home/ws/install/ros2_control_demo_example_3:/home/ws/install/ros2_control_demo_example_2:/home/ws/install/ros2_control_demo_example_14:/home/ws/install/ros2_control_demo_example_12:/home/ws/install/ros2_control_demo_example_11:/home/ws/install/ros2_control_demo_example_10:/home/ws/install/ros2_control_demo_example_1:/opt/ros/humble /usr/bin/cmake --build /home/ws/build/ros2_control_demo_example_8 -- -j12 -l12
[2.370s] -- Found ament_cmake: 1.3.12 (/opt/ros/humble/share/ament_cmake/cmake)
[2.370s] -- Override CMake install command with custom implementation using symlinks instead of copying resources
[2.370s] -- Found hardware_interface: 2.51.0 (/opt/ros/humble/share/hardware_interface/cmake)
[2.371s] -- Found rosidl_generator_c: 3.1.7 (/opt/ros/humble/share/rosidl_generator_c/cmake)
[2.371s] -- Found rosidl_adapter: 3.1.7 (/opt/ros/humble/share/rosidl_adapter/cmake)
[2.371s] -- Found rosidl_generator_cpp: 3.1.7 (/opt/ros/humble/share/rosidl_generator_cpp/cmake)
[2.371s] -- Using all available rosidl_typesupport_c: rosidl_typesupport_fastrtps_c;rosidl_typesupport_introspection_c
[2.371s] -- Using all available rosidl_typesupport_cpp: rosidl_typesupport_fastrtps_cpp;rosidl_typesupport_introspection_cpp
[2.371s] -- Found rmw_implementation_cmake: 6.1.2 (/opt/ros/humble/share/rmw_implementation_cmake/cmake)
[2.371s] -- Found rmw_fastrtps_cpp: 6.2.8 (/opt/ros/humble/share/rmw_fastrtps_cpp/cmake)
[2.371s] -- Found TinyXML2 via Config file: TinyXML2_DIR-NOTFOUND
[2.371s] -- Found TinyXML2 via Config file: TinyXML2_DIR-NOTFOUND
[2.371s] -- Found TinyXML2 via Config file: TinyXML2_DIR-NOTFOUND
[2.371s] -- Found TinyXML2 via Config file: TinyXML2_DIR-NOTFOUND
[2.371s] -- Using RMW implementation 'rmw_fastrtps_cpp' as default
[2.371s] -- Found transmission_interface: 2.51.0 (/opt/ros/humble/share/transmission_interface/cmake)
[2.371s] -- Found ament_cmake_pytest: 1.3.12 (/opt/ros/humble/share/ament_cmake_pytest/cmake)
[2.429s] -- Configuring done
[2.462s] -- Generating done
[2.468s] -- Build files have been written to: /home/ws/build/ros2_control_demo_example_8
[2.498s] [35m[1mConsolidate compiler generated dependencies of target ros2_control_demo_example_8[0m
[2.535s] [100%] Built target ros2_control_demo_example_8
[2.619s] Invoked command in '/home/ws/build/ros2_control_demo_example_8' returned '0': CMAKE_PREFIX_PATH=/home/ws/install/ros2_control_demo_description:/home/ws/install/ros2_control_demos:/home/ws/install/ros2_control_demo_example_9:/home/ws/install/ros2_control_demo_example_8:/home/ws/install/ros2_control_demo_example_7:/home/ws/install/ros2_control_demo_example_6:/home/ws/install/ros2_control_demo_example_15:/home/ws/install/ros2_control_demo_example_13:/home/ws/install/ros2_control_demo_example_5:/home/ws/install/ros2_control_demo_example_4:/home/ws/install/ros2_control_demo_example_3:/home/ws/install/ros2_control_demo_example_2:/home/ws/install/ros2_control_demo_example_14:/home/ws/install/ros2_control_demo_example_12:/home/ws/install/ros2_control_demo_example_11:/home/ws/install/ros2_control_demo_example_10:/home/ws/install/ros2_control_demo_example_1:/opt/ros/humble /usr/bin/cmake --build /home/ws/build/ros2_control_demo_example_8 -- -j12 -l12
[2.626s] Invoking command in '/home/ws/build/ros2_control_demo_example_8': CMAKE_PREFIX_PATH=/home/ws/install/ros2_control_demo_description:/home/ws/install/ros2_control_demos:/home/ws/install/ros2_control_demo_example_9:/home/ws/install/ros2_control_demo_example_8:/home/ws/install/ros2_control_demo_example_7:/home/ws/install/ros2_control_demo_example_6:/home/ws/install/ros2_control_demo_example_15:/home/ws/install/ros2_control_demo_example_13:/home/ws/install/ros2_control_demo_example_5:/home/ws/install/ros2_control_demo_example_4:/home/ws/install/ros2_control_demo_example_3:/home/ws/install/ros2_control_demo_example_2:/home/ws/install/ros2_control_demo_example_14:/home/ws/install/ros2_control_demo_example_12:/home/ws/install/ros2_control_demo_example_11:/home/ws/install/ros2_control_demo_example_10:/home/ws/install/ros2_control_demo_example_1:/opt/ros/humble /usr/bin/cmake --install /home/ws/build/ros2_control_demo_example_8
[2.635s] -- Install configuration: ""
[2.636s] -- Execute custom install script
[2.636s] -- Up-to-date symlink: /home/ws/install/ros2_control_demo_example_8/share/ros2_control_demo_example_8//ros2_control_demo_example_8.xml
[2.636s] -- Up-to-date symlink: /home/ws/install/ros2_control_demo_example_8/include/ros2_control_demo_example_8/ros2_control_demo_example_8/rrbot_transmissions_system_position_only.hpp
[2.636s] -- Up-to-date symlink: /home/ws/install/ros2_control_demo_example_8/share/ros2_control_demo_example_8/launch/view_robot.launch.py
[2.637s] -- Up-to-date symlink: /home/ws/install/ros2_control_demo_example_8/share/ros2_control_demo_example_8/ros2_control/rrbot_transmissions_system_position_only.ros2_control.xacro
[2.637s] -- Up-to-date symlink: /home/ws/install/ros2_control_demo_example_8/share/ros2_control_demo_example_8/urdf/rrbot_transmissions_system_position_only.urdf.xacro
[2.637s] -- Up-to-date symlink: /home/ws/install/ros2_control_demo_example_8/share/ros2_control_demo_example_8/launch/rrbot_transmissions_system_position_only.launch.py
[2.637s] -- Up-to-date symlink: /home/ws/install/ros2_control_demo_example_8/share/ros2_control_demo_example_8/launch/test_forward_position_controller.launch.py
[2.637s] -- Up-to-date symlink: /home/ws/install/ros2_control_demo_example_8/share/ros2_control_demo_example_8/config/rrbot_controllers.yaml
[2.637s] -- Up-to-date symlink: /home/ws/install/ros2_control_demo_example_8/share/ros2_control_demo_example_8/config/rrbot_forward_position_publisher.yaml
[2.637s] -- Up-to-date symlink: /home/ws/install/ros2_control_demo_example_8/share/ros2_control_demo_example_8/environment/library_path.sh
[2.637s] -- Up-to-date symlink: /home/ws/install/ros2_control_demo_example_8/share/ros2_control_demo_example_8/environment/library_path.dsv
[2.637s] -- Up-to-date symlink: /home/ws/install/ros2_control_demo_example_8/share/ament_index/resource_index/package_run_dependencies/ros2_control_demo_example_8
[2.638s] -- Up-to-date symlink: /home/ws/install/ros2_control_demo_example_8/share/ament_index/resource_index/parent_prefix_path/ros2_control_demo_example_8
[2.638s] -- Up-to-date symlink: /home/ws/install/ros2_control_demo_example_8/share/ros2_control_demo_example_8/environment/ament_prefix_path.sh
[2.638s] -- Up-to-date symlink: /home/ws/install/ros2_control_demo_example_8/share/ros2_control_demo_example_8/environment/ament_prefix_path.dsv
[2.638s] -- Up-to-date symlink: /home/ws/install/ros2_control_demo_example_8/share/ros2_control_demo_example_8/environment/path.sh
[2.639s] -- Up-to-date symlink: /home/ws/install/ros2_control_demo_example_8/share/ros2_control_demo_example_8/environment/path.dsv
[2.639s] -- Up-to-date symlink: /home/ws/install/ros2_control_demo_example_8/share/ros2_control_demo_example_8/local_setup.bash
[2.639s] -- Up-to-date symlink: /home/ws/install/ros2_control_demo_example_8/share/ros2_control_demo_example_8/local_setup.sh
[2.639s] -- Up-to-date symlink: /home/ws/install/ros2_control_demo_example_8/share/ros2_control_demo_example_8/local_setup.zsh
[2.639s] -- Up-to-date symlink: /home/ws/install/ros2_control_demo_example_8/share/ros2_control_demo_example_8/local_setup.dsv
[2.640s] -- Symlinking: /home/ws/install/ros2_control_demo_example_8/share/ros2_control_demo_example_8/package.dsv
[2.659s] -- Up-to-date symlink: /home/ws/install/ros2_control_demo_example_8/share/ament_index/resource_index/packages/ros2_control_demo_example_8
[2.659s] -- Up-to-date symlink: /home/ws/install/ros2_control_demo_example_8/share/ament_index/resource_index/hardware_interface__pluginlib__plugin/ros2_control_demo_example_8
[2.660s] -- Up-to-date symlink: /home/ws/install/ros2_control_demo_example_8/share/ros2_control_demo_example_8/cmake/ament_cmake_export_targets-extras.cmake
[2.660s] -- Up-to-date symlink: /home/ws/install/ros2_control_demo_example_8/share/ros2_control_demo_example_8/cmake/ament_cmake_export_dependencies-extras.cmake
[2.660s] -- Up-to-date symlink: /home/ws/install/ros2_control_demo_example_8/share/ros2_control_demo_example_8/cmake/ros2_control_demo_example_8Config.cmake
[2.660s] -- Up-to-date symlink: /home/ws/install/ros2_control_demo_example_8/share/ros2_control_demo_example_8/cmake/ros2_control_demo_example_8Config-version.cmake
[2.660s] -- Up-to-date symlink: /home/ws/install/ros2_control_demo_example_8/share/ros2_control_demo_example_8/package.xml
[2.660s] -- Up-to-date: /home/ws/install/ros2_control_demo_example_8/lib/libros2_control_demo_example_8.so
[2.660s] -- Up-to-date: /home/ws/install/ros2_control_demo_example_8/share/ros2_control_demo_example_8/cmake/export_ros2_control_demo_example_8Export.cmake
[2.661s] -- Up-to-date: /home/ws/install/ros2_control_demo_example_8/share/ros2_control_demo_example_8/cmake/export_ros2_control_demo_example_8Export-noconfig.cmake
[2.670s] Invoked command in '/home/ws/build/ros2_control_demo_example_8' returned '0': CMAKE_PREFIX_PATH=/home/ws/install/ros2_control_demo_description:/home/ws/install/ros2_control_demos:/home/ws/install/ros2_control_demo_example_9:/home/ws/install/ros2_control_demo_example_8:/home/ws/install/ros2_control_demo_example_7:/home/ws/install/ros2_control_demo_example_6:/home/ws/install/ros2_control_demo_example_15:/home/ws/install/ros2_control_demo_example_13:/home/ws/install/ros2_control_demo_example_5:/home/ws/install/ros2_control_demo_example_4:/home/ws/install/ros2_control_demo_example_3:/home/ws/install/ros2_control_demo_example_2:/home/ws/install/ros2_control_demo_example_14:/home/ws/install/ros2_control_demo_example_12:/home/ws/install/ros2_control_demo_example_11:/home/ws/install/ros2_control_demo_example_10:/home/ws/install/ros2_control_demo_example_1:/opt/ros/humble /usr/bin/cmake --install /home/ws/build/ros2_control_demo_example_8
