[0.038s] Invoking command in '/home/ws/build/ros2_control_demo_example_2': AMENT_PREFIX_PATH=/home/ws/install/ros2_control_demo_description:${AMENT_PREFIX_PATH} CMAKE_PREFIX_PATH=/home/ws/install/ros2_control_demo_description:/opt/ros/humble /usr/bin/cmake /home/ws/src/ros2_control_demos/example_2 -DAMENT_CMAKE_SYMLINK_INSTALL=1 -DCMAKE_INSTALL_PREFIX=/home/ws/install/ros2_control_demo_example_2
[0.138s] -- The CXX compiler identification is GNU 11.4.0
[0.148s] -- Detecting CXX compiler ABI info
[0.257s] -- Detecting CXX compiler ABI info - done
[0.270s] -- Check for working CXX compiler: /usr/bin/c++ - skipped
[0.270s] -- Detecting CXX compile features
[0.270s] -- Detecting CXX compile features - done
[0.275s] -- Found ament_cmake: 1.3.12 (/opt/ros/humble/share/ament_cmake/cmake)
[0.514s] -- Found Python3: /usr/bin/python3 (found version "3.10.12") found components: Interpreter 
[0.644s] -- Override CMake install command with custom implementation using symlinks instead of copying resources
[0.711s] -- Found hardware_interface: 2.51.0 (/opt/ros/humble/share/hardware_interface/cmake)
[0.764s] -- Found rosidl_generator_c: 3.1.7 (/opt/ros/humble/share/rosidl_generator_c/cmake)
[0.773s] -- Found rosidl_adapter: 3.1.7 (/opt/ros/humble/share/rosidl_adapter/cmake)
[0.807s] -- Found rosidl_generator_cpp: 3.1.7 (/opt/ros/humble/share/rosidl_generator_cpp/cmake)
[0.825s] -- Using all available rosidl_typesupport_c: rosidl_typesupport_fastrtps_c;rosidl_typesupport_introspection_c
[0.844s] -- Using all available rosidl_typesupport_cpp: rosidl_typesupport_fastrtps_cpp;rosidl_typesupport_introspection_cpp
[1.131s] -- Found rmw_implementation_cmake: 6.1.2 (/opt/ros/humble/share/rmw_implementation_cmake/cmake)
[1.133s] -- Found rmw_fastrtps_cpp: 6.2.8 (/opt/ros/humble/share/rmw_fastrtps_cpp/cmake)
[1.175s] -- Found TinyXML2 via Config file: TinyXML2_DIR-NOTFOUND
[1.315s] -- Found OpenSSL: /usr/lib/x86_64-linux-gnu/libcrypto.so (found version "3.0.2")  
[1.324s] -- Found TinyXML2 via Config file: TinyXML2_DIR-NOTFOUND
[1.360s] -- Found FastRTPS: /opt/ros/humble/include  
[1.367s] -- Found TinyXML2 via Config file: TinyXML2_DIR-NOTFOUND
[1.385s] -- Found TinyXML2 via Config file: TinyXML2_DIR-NOTFOUND
[1.402s] -- Using RMW implementation 'rmw_fastrtps_cpp' as default
[1.434s] -- Looking for C++ include pthread.h
[1.609s] -- Looking for C++ include pthread.h - found
[1.609s] -- Performing Test CMAKE_HAVE_LIBC_PTHREAD
[1.771s] -- Performing Test CMAKE_HAVE_LIBC_PTHREAD - Success
[1.771s] -- Found Threads: TRUE  
[1.866s] -- Found ament_cmake_pytest: 1.3.12 (/opt/ros/humble/share/ament_cmake_pytest/cmake)
[3.077s] -- Configuring done
[3.114s] -- Generating done
[3.121s] -- Build files have been written to: /home/ws/build/ros2_control_demo_example_2
[3.136s] Invoked command in '/home/ws/build/ros2_control_demo_example_2' returned '0': AMENT_PREFIX_PATH=/home/ws/install/ros2_control_demo_description:${AMENT_PREFIX_PATH} CMAKE_PREFIX_PATH=/home/ws/install/ros2_control_demo_description:/opt/ros/humble /usr/bin/cmake /home/ws/src/ros2_control_demos/example_2 -DAMENT_CMAKE_SYMLINK_INSTALL=1 -DCMAKE_INSTALL_PREFIX=/home/ws/install/ros2_control_demo_example_2
[3.136s] Invoking command in '/home/ws/build/ros2_control_demo_example_2': AMENT_PREFIX_PATH=/home/ws/install/ros2_control_demo_description:${AMENT_PREFIX_PATH} CMAKE_PREFIX_PATH=/home/ws/install/ros2_control_demo_description:/opt/ros/humble /usr/bin/cmake --build /home/ws/build/ros2_control_demo_example_2 -- -j12 -l12
[3.296s] [ 50%] [32mBuilding CXX object CMakeFiles/ros2_control_demo_example_2.dir/hardware/diffbot_system.cpp.o[0m
[10.555s] [100%] [32m[1mLinking CXX shared library libros2_control_demo_example_2.so[0m
[10.890s] [100%] Built target ros2_control_demo_example_2
[10.907s] Invoked command in '/home/ws/build/ros2_control_demo_example_2' returned '0': AMENT_PREFIX_PATH=/home/ws/install/ros2_control_demo_description:${AMENT_PREFIX_PATH} CMAKE_PREFIX_PATH=/home/ws/install/ros2_control_demo_description:/opt/ros/humble /usr/bin/cmake --build /home/ws/build/ros2_control_demo_example_2 -- -j12 -l12
[10.914s] Invoking command in '/home/ws/build/ros2_control_demo_example_2': AMENT_PREFIX_PATH=/home/ws/install/ros2_control_demo_description:${AMENT_PREFIX_PATH} CMAKE_PREFIX_PATH=/home/ws/install/ros2_control_demo_description:/opt/ros/humble /usr/bin/cmake --install /home/ws/build/ros2_control_demo_example_2
[11.002s] -- Install configuration: ""
[11.002s] -- Execute custom install script
[11.003s] -- Symlinking: /home/ws/install/ros2_control_demo_example_2/share/ros2_control_demo_example_2//ros2_control_demo_example_2.xml
[11.003s] -- Symlinking: /home/ws/install/ros2_control_demo_example_2/include/ros2_control_demo_example_2/ros2_control_demo_example_2/diffbot_system.hpp
[11.003s] -- Symlinking: /home/ws/install/ros2_control_demo_example_2/share/ros2_control_demo_example_2/launch/view_robot.launch.py
[11.003s] -- Symlinking: /home/ws/install/ros2_control_demo_example_2/share/ros2_control_demo_example_2/ros2_control/diffbot.ros2_control.xacro
[11.017s] -- Symlinking: /home/ws/install/ros2_control_demo_example_2/share/ros2_control_demo_example_2/urdf/diffbot.urdf.xacro
[11.034s] -- Symlinking: /home/ws/install/ros2_control_demo_example_2/share/ros2_control_demo_example_2/launch/diffbot.launch.py
[11.050s] -- Symlinking: /home/ws/install/ros2_control_demo_example_2/share/ros2_control_demo_example_2/config/diffbot_controllers.yaml
[11.070s] -- Symlinking: /home/ws/install/ros2_control_demo_example_2/share/ros2_control_demo_example_2/environment/library_path.sh
[11.081s] -- Symlinking: /home/ws/install/ros2_control_demo_example_2/share/ros2_control_demo_example_2/environment/library_path.dsv
[11.093s] -- Symlinking: /home/ws/install/ros2_control_demo_example_2/share/ament_index/resource_index/package_run_dependencies/ros2_control_demo_example_2
[11.104s] -- Symlinking: /home/ws/install/ros2_control_demo_example_2/share/ament_index/resource_index/parent_prefix_path/ros2_control_demo_example_2
[11.113s] -- Symlinking: /home/ws/install/ros2_control_demo_example_2/share/ros2_control_demo_example_2/environment/ament_prefix_path.sh
[11.129s] -- Symlinking: /home/ws/install/ros2_control_demo_example_2/share/ros2_control_demo_example_2/environment/ament_prefix_path.dsv
[11.149s] -- Symlinking: /home/ws/install/ros2_control_demo_example_2/share/ros2_control_demo_example_2/environment/path.sh
[11.159s] -- Symlinking: /home/ws/install/ros2_control_demo_example_2/share/ros2_control_demo_example_2/environment/path.dsv
[11.178s] -- Symlinking: /home/ws/install/ros2_control_demo_example_2/share/ros2_control_demo_example_2/local_setup.bash
[11.193s] -- Symlinking: /home/ws/install/ros2_control_demo_example_2/share/ros2_control_demo_example_2/local_setup.sh
[11.208s] -- Symlinking: /home/ws/install/ros2_control_demo_example_2/share/ros2_control_demo_example_2/local_setup.zsh
[11.221s] -- Symlinking: /home/ws/install/ros2_control_demo_example_2/share/ros2_control_demo_example_2/local_setup.dsv
[11.232s] -- Symlinking: /home/ws/install/ros2_control_demo_example_2/share/ros2_control_demo_example_2/package.dsv
[11.240s] -- Symlinking: /home/ws/install/ros2_control_demo_example_2/share/ament_index/resource_index/packages/ros2_control_demo_example_2
[11.254s] -- Symlinking: /home/ws/install/ros2_control_demo_example_2/share/ament_index/resource_index/hardware_interface__pluginlib__plugin/ros2_control_demo_example_2
[11.265s] -- Symlinking: /home/ws/install/ros2_control_demo_example_2/share/ros2_control_demo_example_2/cmake/ament_cmake_export_targets-extras.cmake
[11.285s] -- Symlinking: /home/ws/install/ros2_control_demo_example_2/share/ros2_control_demo_example_2/cmake/ament_cmake_export_dependencies-extras.cmake
[11.297s] -- Symlinking: /home/ws/install/ros2_control_demo_example_2/share/ros2_control_demo_example_2/cmake/ros2_control_demo_example_2Config.cmake
[11.309s] -- Symlinking: /home/ws/install/ros2_control_demo_example_2/share/ros2_control_demo_example_2/cmake/ros2_control_demo_example_2Config-version.cmake
[11.321s] -- Symlinking: /home/ws/install/ros2_control_demo_example_2/share/ros2_control_demo_example_2/package.xml
[11.331s] -- Installing: /home/ws/install/ros2_control_demo_example_2/lib/libros2_control_demo_example_2.so
[11.334s] -- Set runtime path of "/home/ws/install/ros2_control_demo_example_2/lib/libros2_control_demo_example_2.so" to ""
[11.334s] -- Installing: /home/ws/install/ros2_control_demo_example_2/share/ros2_control_demo_example_2/cmake/export_ros2_control_demo_example_2Export.cmake
[11.335s] -- Installing: /home/ws/install/ros2_control_demo_example_2/share/ros2_control_demo_example_2/cmake/export_ros2_control_demo_example_2Export-noconfig.cmake
[11.350s] Invoked command in '/home/ws/build/ros2_control_demo_example_2' returned '0': AMENT_PREFIX_PATH=/home/ws/install/ros2_control_demo_description:${AMENT_PREFIX_PATH} CMAKE_PREFIX_PATH=/home/ws/install/ros2_control_demo_description:/opt/ros/humble /usr/bin/cmake --install /home/ws/build/ros2_control_demo_example_2
