[0.037s] Invoking command in '/home/ws/build/ros2_control_demo_example_10': AMENT_PREFIX_PATH=/home/ws/install/ros2_control_demo_description:${AMENT_PREFIX_PATH} CMAKE_PREFIX_PATH=/home/ws/install/ros2_control_demo_description:/opt/ros/humble /usr/bin/cmake /home/ws/src/ros2_control_demos/example_10 -DAMENT_CMAKE_SYMLINK_INSTALL=1 -DCMAKE_INSTALL_PREFIX=/home/ws/install/ros2_control_demo_example_10
[0.107s] -- The CXX compiler identification is GNU 11.4.0
[0.117s] -- Detecting CXX compiler ABI info
[0.258s] -- Detecting CXX compiler ABI info - done
[0.266s] -- Check for working CXX compiler: /usr/bin/c++ - skipped
[0.266s] -- Detecting CXX compile features
[0.267s] -- Detecting CXX compile features - done
[0.281s] -- Found ament_cmake: 1.3.12 (/opt/ros/humble/share/ament_cmake/cmake)
[0.516s] -- Found Python3: /usr/bin/python3 (found version "3.10.12") found components: Interpreter 
[0.630s] -- Override CMake install command with custom implementation using symlinks instead of copying resources
[0.679s] -- Found hardware_interface: 2.51.0 (/opt/ros/humble/share/hardware_interface/cmake)
[0.740s] -- Found rosidl_generator_c: 3.1.7 (/opt/ros/humble/share/rosidl_generator_c/cmake)
[0.751s] -- Found rosidl_adapter: 3.1.7 (/opt/ros/humble/share/rosidl_adapter/cmake)
[0.760s] -- Found rosidl_generator_cpp: 3.1.7 (/opt/ros/humble/share/rosidl_generator_cpp/cmake)
[0.774s] -- Using all available rosidl_typesupport_c: rosidl_typesupport_fastrtps_c;rosidl_typesupport_introspection_c
[0.801s] -- Using all available rosidl_typesupport_cpp: rosidl_typesupport_fastrtps_cpp;rosidl_typesupport_introspection_cpp
[1.089s] -- Found rmw_implementation_cmake: 6.1.2 (/opt/ros/humble/share/rmw_implementation_cmake/cmake)
[1.092s] -- Found rmw_fastrtps_cpp: 6.2.8 (/opt/ros/humble/share/rmw_fastrtps_cpp/cmake)
[1.138s] -- Found TinyXML2 via Config file: TinyXML2_DIR-NOTFOUND
[1.239s] -- Found OpenSSL: /usr/lib/x86_64-linux-gnu/libcrypto.so (found version "3.0.2")  
[1.244s] -- Found TinyXML2 via Config file: TinyXML2_DIR-NOTFOUND
[1.297s] -- Found FastRTPS: /opt/ros/humble/include  
[1.305s] -- Found TinyXML2 via Config file: TinyXML2_DIR-NOTFOUND
[1.349s] -- Found TinyXML2 via Config file: TinyXML2_DIR-NOTFOUND
[1.361s] -- Using RMW implementation 'rmw_fastrtps_cpp' as default
[1.376s] -- Looking for C++ include pthread.h
[1.599s] -- Looking for C++ include pthread.h - found
[1.599s] -- Performing Test CMAKE_HAVE_LIBC_PTHREAD
[1.761s] -- Performing Test CMAKE_HAVE_LIBC_PTHREAD - Success
[1.762s] -- Found Threads: TRUE  
[1.841s] -- Found ament_cmake_pytest: 1.3.12 (/opt/ros/humble/share/ament_cmake_pytest/cmake)
[3.146s] -- Configuring done
[3.185s] -- Generating done
[3.192s] -- Build files have been written to: /home/ws/build/ros2_control_demo_example_10
[3.208s] Invoked command in '/home/ws/build/ros2_control_demo_example_10' returned '0': AMENT_PREFIX_PATH=/home/ws/install/ros2_control_demo_description:${AMENT_PREFIX_PATH} CMAKE_PREFIX_PATH=/home/ws/install/ros2_control_demo_description:/opt/ros/humble /usr/bin/cmake /home/ws/src/ros2_control_demos/example_10 -DAMENT_CMAKE_SYMLINK_INSTALL=1 -DCMAKE_INSTALL_PREFIX=/home/ws/install/ros2_control_demo_example_10
[3.210s] Invoking command in '/home/ws/build/ros2_control_demo_example_10': AMENT_PREFIX_PATH=/home/ws/install/ros2_control_demo_description:${AMENT_PREFIX_PATH} CMAKE_PREFIX_PATH=/home/ws/install/ros2_control_demo_description:/opt/ros/humble /usr/bin/cmake --build /home/ws/build/ros2_control_demo_example_10 -- -j12 -l12
[3.395s] [ 50%] [32mBuilding CXX object CMakeFiles/ros2_control_demo_example_10.dir/hardware/rrbot.cpp.o[0m
[10.539s] [100%] [32m[1mLinking CXX shared library libros2_control_demo_example_10.so[0m
[11.001s] [100%] Built target ros2_control_demo_example_10
[11.060s] Invoked command in '/home/ws/build/ros2_control_demo_example_10' returned '0': AMENT_PREFIX_PATH=/home/ws/install/ros2_control_demo_description:${AMENT_PREFIX_PATH} CMAKE_PREFIX_PATH=/home/ws/install/ros2_control_demo_description:/opt/ros/humble /usr/bin/cmake --build /home/ws/build/ros2_control_demo_example_10 -- -j12 -l12
[11.060s] Invoking command in '/home/ws/build/ros2_control_demo_example_10': AMENT_PREFIX_PATH=/home/ws/install/ros2_control_demo_description:${AMENT_PREFIX_PATH} CMAKE_PREFIX_PATH=/home/ws/install/ros2_control_demo_description:/opt/ros/humble /usr/bin/cmake --install /home/ws/build/ros2_control_demo_example_10
[11.426s] -- Install configuration: ""
[11.426s] -- Execute custom install script
[11.426s] -- Symlinking: /home/ws/install/ros2_control_demo_example_10/share/ros2_control_demo_example_10//ros2_control_demo_example_10.xml
[11.426s] -- Symlinking: /home/ws/install/ros2_control_demo_example_10/include/ros2_control_demo_example_10/ros2_control_demo_example_10/rrbot.hpp
[11.426s] -- Symlinking: /home/ws/install/ros2_control_demo_example_10/share/ros2_control_demo_example_10/launch/view_robot.launch.py
[11.426s] -- Symlinking: /home/ws/install/ros2_control_demo_example_10/share/ros2_control_demo_example_10/ros2_control/rrbot.ros2_control.xacro
[11.426s] -- Symlinking: /home/ws/install/ros2_control_demo_example_10/share/ros2_control_demo_example_10/urdf/rrbot.urdf.xacro
[11.426s] -- Symlinking: /home/ws/install/ros2_control_demo_example_10/share/ros2_control_demo_example_10/launch/rrbot.launch.py
[11.426s] -- Symlinking: /home/ws/install/ros2_control_demo_example_10/share/ros2_control_demo_example_10/launch/test_forward_position_controller.launch.py
[11.426s] -- Symlinking: /home/ws/install/ros2_control_demo_example_10/share/ros2_control_demo_example_10/config/rrbot_controllers.yaml
[11.426s] -- Symlinking: /home/ws/install/ros2_control_demo_example_10/share/ros2_control_demo_example_10/config/rrbot_forward_position_publisher.yaml
[11.426s] -- Symlinking: /home/ws/install/ros2_control_demo_example_10/share/ros2_control_demo_example_10/environment/library_path.sh
[11.426s] -- Symlinking: /home/ws/install/ros2_control_demo_example_10/share/ros2_control_demo_example_10/environment/library_path.dsv
[11.426s] -- Symlinking: /home/ws/install/ros2_control_demo_example_10/share/ament_index/resource_index/package_run_dependencies/ros2_control_demo_example_10
[11.426s] -- Symlinking: /home/ws/install/ros2_control_demo_example_10/share/ament_index/resource_index/parent_prefix_path/ros2_control_demo_example_10
[11.426s] -- Symlinking: /home/ws/install/ros2_control_demo_example_10/share/ros2_control_demo_example_10/environment/ament_prefix_path.sh
[11.427s] -- Symlinking: /home/ws/install/ros2_control_demo_example_10/share/ros2_control_demo_example_10/environment/ament_prefix_path.dsv
[11.427s] -- Symlinking: /home/ws/install/ros2_control_demo_example_10/share/ros2_control_demo_example_10/environment/path.sh
[11.427s] -- Symlinking: /home/ws/install/ros2_control_demo_example_10/share/ros2_control_demo_example_10/environment/path.dsv
[11.427s] -- Symlinking: /home/ws/install/ros2_control_demo_example_10/share/ros2_control_demo_example_10/local_setup.bash
[11.427s] -- Symlinking: /home/ws/install/ros2_control_demo_example_10/share/ros2_control_demo_example_10/local_setup.sh
[11.427s] -- Symlinking: /home/ws/install/ros2_control_demo_example_10/share/ros2_control_demo_example_10/local_setup.zsh
[11.427s] -- Symlinking: /home/ws/install/ros2_control_demo_example_10/share/ros2_control_demo_example_10/local_setup.dsv
[11.427s] -- Symlinking: /home/ws/install/ros2_control_demo_example_10/share/ros2_control_demo_example_10/package.dsv
[11.427s] -- Symlinking: /home/ws/install/ros2_control_demo_example_10/share/ament_index/resource_index/packages/ros2_control_demo_example_10
[11.432s] -- Symlinking: /home/ws/install/ros2_control_demo_example_10/share/ament_index/resource_index/hardware_interface__pluginlib__plugin/ros2_control_demo_example_10
[11.432s] -- Symlinking: /home/ws/install/ros2_control_demo_example_10/share/ros2_control_demo_example_10/cmake/ament_cmake_export_targets-extras.cmake
[11.440s] -- Symlinking: /home/ws/install/ros2_control_demo_example_10/share/ros2_control_demo_example_10/cmake/ament_cmake_export_dependencies-extras.cmake
[11.453s] -- Symlinking: /home/ws/install/ros2_control_demo_example_10/share/ros2_control_demo_example_10/cmake/ros2_control_demo_example_10Config.cmake
[11.465s] -- Symlinking: /home/ws/install/ros2_control_demo_example_10/share/ros2_control_demo_example_10/cmake/ros2_control_demo_example_10Config-version.cmake
[11.481s] -- Symlinking: /home/ws/install/ros2_control_demo_example_10/share/ros2_control_demo_example_10/package.xml
[11.487s] -- Installing: /home/ws/install/ros2_control_demo_example_10/lib/libros2_control_demo_example_10.so
[11.488s] -- Set runtime path of "/home/ws/install/ros2_control_demo_example_10/lib/libros2_control_demo_example_10.so" to ""
[11.491s] -- Installing: /home/ws/install/ros2_control_demo_example_10/share/ros2_control_demo_example_10/cmake/export_ros2_control_demo_example_10Export.cmake
[11.494s] -- Installing: /home/ws/install/ros2_control_demo_example_10/share/ros2_control_demo_example_10/cmake/export_ros2_control_demo_example_10Export-noconfig.cmake
[11.544s] Invoked command in '/home/ws/build/ros2_control_demo_example_10' returned '0': AMENT_PREFIX_PATH=/home/ws/install/ros2_control_demo_description:${AMENT_PREFIX_PATH} CMAKE_PREFIX_PATH=/home/ws/install/ros2_control_demo_description:/opt/ros/humble /usr/bin/cmake --install /home/ws/build/ros2_control_demo_example_10
