[0.041s] Invoking command in '/home/ws/build/ros2_control_demos': CMAKE_PREFIX_PATH=/home/ws/install/ros2_control_demo_example_15:/home/ws/install/ros2_control_demo_example_13:/home/ws/install/ros2_control_demo_example_9:/home/ws/install/ros2_control_demo_example_8:/home/ws/install/ros2_control_demo_example_7:/home/ws/install/ros2_control_demo_example_6:/home/ws/install/ros2_control_demo_example_5:/home/ws/install/ros2_control_demo_example_4:/home/ws/install/ros2_control_demo_example_3:/home/ws/install/ros2_control_demo_example_2:/home/ws/install/ros2_control_demo_example_14:/home/ws/install/ros2_control_demo_example_12:/home/ws/install/ros2_control_demo_example_11:/home/ws/install/ros2_control_demo_example_10:/home/ws/install/ros2_control_demo_example_1:/home/ws/install/ros2_control_demo_description:/home/ws/install/ros2_control_demos:/opt/ros/humble /usr/bin/cmake --build /home/ws/build/ros2_control_demos -- -j12 -l12
[0.075s] Invoked command in '/home/ws/build/ros2_control_demos' returned '0': CMAKE_PREFIX_PATH=/home/ws/install/ros2_control_demo_example_15:/home/ws/install/ros2_control_demo_example_13:/home/ws/install/ros2_control_demo_example_9:/home/ws/install/ros2_control_demo_example_8:/home/ws/install/ros2_control_demo_example_7:/home/ws/install/ros2_control_demo_example_6:/home/ws/install/ros2_control_demo_example_5:/home/ws/install/ros2_control_demo_example_4:/home/ws/install/ros2_control_demo_example_3:/home/ws/install/ros2_control_demo_example_2:/home/ws/install/ros2_control_demo_example_14:/home/ws/install/ros2_control_demo_example_12:/home/ws/install/ros2_control_demo_example_11:/home/ws/install/ros2_control_demo_example_10:/home/ws/install/ros2_control_demo_example_1:/home/ws/install/ros2_control_demo_description:/home/ws/install/ros2_control_demos:/opt/ros/humble /usr/bin/cmake --build /home/ws/build/ros2_control_demos -- -j12 -l12
[0.077s] Invoking command in '/home/ws/build/ros2_control_demos': CMAKE_PREFIX_PATH=/home/ws/install/ros2_control_demo_example_15:/home/ws/install/ros2_control_demo_example_13:/home/ws/install/ros2_control_demo_example_9:/home/ws/install/ros2_control_demo_example_8:/home/ws/install/ros2_control_demo_example_7:/home/ws/install/ros2_control_demo_example_6:/home/ws/install/ros2_control_demo_example_5:/home/ws/install/ros2_control_demo_example_4:/home/ws/install/ros2_control_demo_example_3:/home/ws/install/ros2_control_demo_example_2:/home/ws/install/ros2_control_demo_example_14:/home/ws/install/ros2_control_demo_example_12:/home/ws/install/ros2_control_demo_example_11:/home/ws/install/ros2_control_demo_example_10:/home/ws/install/ros2_control_demo_example_1:/home/ws/install/ros2_control_demo_description:/home/ws/install/ros2_control_demos:/opt/ros/humble /usr/bin/cmake --install /home/ws/build/ros2_control_demos
[0.086s] -- Install configuration: ""
[0.086s] -- Execute custom install script
[0.086s] -- Up-to-date symlink: /home/ws/install/ros2_control_demos/share/ament_index/resource_index/package_run_dependencies/ros2_control_demos
[0.086s] -- Up-to-date symlink: /home/ws/install/ros2_control_demos/share/ament_index/resource_index/parent_prefix_path/ros2_control_demos
[0.087s] -- Up-to-date symlink: /home/ws/install/ros2_control_demos/share/ros2_control_demos/environment/ament_prefix_path.sh
[0.087s] -- Up-to-date symlink: /home/ws/install/ros2_control_demos/share/ros2_control_demos/environment/ament_prefix_path.dsv
[0.087s] -- Up-to-date symlink: /home/ws/install/ros2_control_demos/share/ros2_control_demos/environment/path.sh
[0.087s] -- Up-to-date symlink: /home/ws/install/ros2_control_demos/share/ros2_control_demos/environment/path.dsv
[0.087s] -- Up-to-date symlink: /home/ws/install/ros2_control_demos/share/ros2_control_demos/local_setup.bash
[0.087s] -- Up-to-date symlink: /home/ws/install/ros2_control_demos/share/ros2_control_demos/local_setup.sh
[0.088s] -- Up-to-date symlink: /home/ws/install/ros2_control_demos/share/ros2_control_demos/local_setup.zsh
[0.088s] -- Up-to-date symlink: /home/ws/install/ros2_control_demos/share/ros2_control_demos/local_setup.dsv
[0.088s] -- Symlinking: /home/ws/install/ros2_control_demos/share/ros2_control_demos/package.dsv
[0.097s] -- Up-to-date symlink: /home/ws/install/ros2_control_demos/share/ament_index/resource_index/packages/ros2_control_demos
[0.097s] -- Up-to-date symlink: /home/ws/install/ros2_control_demos/share/ros2_control_demos/cmake/ros2_control_demosConfig.cmake
[0.097s] -- Up-to-date symlink: /home/ws/install/ros2_control_demos/share/ros2_control_demos/cmake/ros2_control_demosConfig-version.cmake
[0.097s] -- Up-to-date symlink: /home/ws/install/ros2_control_demos/share/ros2_control_demos/package.xml
[0.099s] Invoked command in '/home/ws/build/ros2_control_demos' returned '0': CMAKE_PREFIX_PATH=/home/ws/install/ros2_control_demo_example_15:/home/ws/install/ros2_control_demo_example_13:/home/ws/install/ros2_control_demo_example_9:/home/ws/install/ros2_control_demo_example_8:/home/ws/install/ros2_control_demo_example_7:/home/ws/install/ros2_control_demo_example_6:/home/ws/install/ros2_control_demo_example_5:/home/ws/install/ros2_control_demo_example_4:/home/ws/install/ros2_control_demo_example_3:/home/ws/install/ros2_control_demo_example_2:/home/ws/install/ros2_control_demo_example_14:/home/ws/install/ros2_control_demo_example_12:/home/ws/install/ros2_control_demo_example_11:/home/ws/install/ros2_control_demo_example_10:/home/ws/install/ros2_control_demo_example_1:/home/ws/install/ros2_control_demo_description:/home/ws/install/ros2_control_demos:/opt/ros/humble /usr/bin/cmake --install /home/ws/build/ros2_control_demos
