[0.047s] Invoking command in '/home/ws/src/ros2_control_demos/build/ros2_control_demo_example_11': CMAKE_PREFIX_PATH=${CMAKE_PREFIX_PATH}:/opt/ros/humble /usr/bin/cmake /home/ws/src/ros2_control_demos/example_11 -DAMENT_CMAKE_SYMLINK_INSTALL=1 -DCMAKE_INSTALL_PREFIX=/home/ws/src/ros2_control_demos/install/ros2_control_demo_example_11
[0.141s] -- The CXX compiler identification is GNU 11.4.0
[0.162s] -- Detecting CXX compiler ABI info
[0.323s] -- Detecting CXX compiler ABI info - done
[0.341s] -- Check for working CXX compiler: /usr/bin/c++ - skipped
[0.342s] -- Detecting CXX compile features
[0.347s] -- Detecting CXX compile features - done
[0.349s] [31mCMake Error at CMakeLists.txt:20 (find_package):
[0.349s]   By not providing "Findbackward_ros.cmake" in CMAKE_MODULE_PATH this project
[0.350s]   has asked CMake to find a package configuration file provided by
[0.350s]   "backward_ros", but CMake did not find one.
[0.350s] 
[0.350s]   Could not find a package configuration file provided by "backward_ros" with
[0.350s]   any of the following names:
[0.350s] 
[0.350s]     backward_rosConfig.cmake
[0.350s]     backward_ros-config.cmake
[0.350s] 
[0.350s]   Add the installation prefix of "backward_ros" to CMAKE_PREFIX_PATH or set
[0.350s]   "backward_ros_DIR" to a directory containing one of the above files.  If
[0.350s]   "backward_ros" provides a separate development package or SDK, be sure it
[0.350s]   has been installed.
[0.351s] 
[0.351s] -- Configuring incomplete, errors occurred!
[0.351s] See also "/home/ws/src/ros2_control_demos/build/ros2_control_demo_example_11/CMakeFiles/CMakeOutput.log".
[0.351s] [0m
