[0.088s] Invoking command in '/home/ws/build/ros2_control_demo_example_8': CMAKE_PREFIX_PATH=/home/ws/install/ros2_control_demo_description:/home/ws/install/ros2_control_demos:/home/ws/install/ros2_control_demo_example_9:/home/ws/install/ros2_control_demo_example_8:/home/ws/install/ros2_control_demo_example_7:/home/ws/install/ros2_control_demo_example_6:/home/ws/install/ros2_control_demo_example_15:/home/ws/install/ros2_control_demo_example_13:/home/ws/install/ros2_control_demo_example_5:/home/ws/install/ros2_control_demo_example_4:/home/ws/install/ros2_control_demo_example_3:/home/ws/install/ros2_control_demo_example_2:/home/ws/install/ros2_control_demo_example_14:/home/ws/install/ros2_control_demo_example_12:/home/ws/install/ros2_control_demo_example_11:/home/ws/install/ros2_control_demo_example_10:/home/ws/install/ros2_control_demo_example_1:/opt/ros/humble /usr/bin/cmake --build /home/ws/build/ros2_control_demo_example_8 -- -j12 -l12
[0.151s] [35m[1mConsolidate compiler generated dependencies of target ros2_control_demo_example_8[0m
[0.181s] [100%] Built target ros2_control_demo_example_8
[0.249s] Invoked command in '/home/ws/build/ros2_control_demo_example_8' returned '0': CMAKE_PREFIX_PATH=/home/ws/install/ros2_control_demo_description:/home/ws/install/ros2_control_demos:/home/ws/install/ros2_control_demo_example_9:/home/ws/install/ros2_control_demo_example_8:/home/ws/install/ros2_control_demo_example_7:/home/ws/install/ros2_control_demo_example_6:/home/ws/install/ros2_control_demo_example_15:/home/ws/install/ros2_control_demo_example_13:/home/ws/install/ros2_control_demo_example_5:/home/ws/install/ros2_control_demo_example_4:/home/ws/install/ros2_control_demo_example_3:/home/ws/install/ros2_control_demo_example_2:/home/ws/install/ros2_control_demo_example_14:/home/ws/install/ros2_control_demo_example_12:/home/ws/install/ros2_control_demo_example_11:/home/ws/install/ros2_control_demo_example_10:/home/ws/install/ros2_control_demo_example_1:/opt/ros/humble /usr/bin/cmake --build /home/ws/build/ros2_control_demo_example_8 -- -j12 -l12
[0.249s] Invoking command in '/home/ws/build/ros2_control_demo_example_8': CMAKE_PREFIX_PATH=/home/ws/install/ros2_control_demo_description:/home/ws/install/ros2_control_demos:/home/ws/install/ros2_control_demo_example_9:/home/ws/install/ros2_control_demo_example_8:/home/ws/install/ros2_control_demo_example_7:/home/ws/install/ros2_control_demo_example_6:/home/ws/install/ros2_control_demo_example_15:/home/ws/install/ros2_control_demo_example_13:/home/ws/install/ros2_control_demo_example_5:/home/ws/install/ros2_control_demo_example_4:/home/ws/install/ros2_control_demo_example_3:/home/ws/install/ros2_control_demo_example_2:/home/ws/install/ros2_control_demo_example_14:/home/ws/install/ros2_control_demo_example_12:/home/ws/install/ros2_control_demo_example_11:/home/ws/install/ros2_control_demo_example_10:/home/ws/install/ros2_control_demo_example_1:/opt/ros/humble /usr/bin/cmake --install /home/ws/build/ros2_control_demo_example_8
[0.323s] -- Install configuration: ""
[0.323s] -- Execute custom install script
[0.323s] -- Up-to-date symlink: /home/ws/install/ros2_control_demo_example_8/share/ros2_control_demo_example_8//ros2_control_demo_example_8.xml
[0.324s] -- Up-to-date symlink: /home/ws/install/ros2_control_demo_example_8/include/ros2_control_demo_example_8/ros2_control_demo_example_8/rrbot_transmissions_system_position_only.hpp
[0.324s] -- Up-to-date symlink: /home/ws/install/ros2_control_demo_example_8/share/ros2_control_demo_example_8/launch/view_robot.launch.py
[0.324s] -- Up-to-date symlink: /home/ws/install/ros2_control_demo_example_8/share/ros2_control_demo_example_8/ros2_control/rrbot_transmissions_system_position_only.ros2_control.xacro
[0.324s] -- Up-to-date symlink: /home/ws/install/ros2_control_demo_example_8/share/ros2_control_demo_example_8/urdf/rrbot_transmissions_system_position_only.urdf.xacro
[0.324s] -- Up-to-date symlink: /home/ws/install/ros2_control_demo_example_8/share/ros2_control_demo_example_8/launch/rrbot_transmissions_system_position_only.launch.py
[0.324s] -- Up-to-date symlink: /home/ws/install/ros2_control_demo_example_8/share/ros2_control_demo_example_8/launch/test_forward_position_controller.launch.py
[0.324s] -- Up-to-date symlink: /home/ws/install/ros2_control_demo_example_8/share/ros2_control_demo_example_8/config/rrbot_controllers.yaml
[0.324s] -- Up-to-date symlink: /home/ws/install/ros2_control_demo_example_8/share/ros2_control_demo_example_8/config/rrbot_forward_position_publisher.yaml
[0.324s] -- Up-to-date symlink: /home/ws/install/ros2_control_demo_example_8/share/ros2_control_demo_example_8/environment/library_path.sh
[0.324s] -- Up-to-date symlink: /home/ws/install/ros2_control_demo_example_8/share/ros2_control_demo_example_8/environment/library_path.dsv
[0.324s] -- Up-to-date symlink: /home/ws/install/ros2_control_demo_example_8/share/ament_index/resource_index/package_run_dependencies/ros2_control_demo_example_8
[0.325s] -- Up-to-date symlink: /home/ws/install/ros2_control_demo_example_8/share/ament_index/resource_index/parent_prefix_path/ros2_control_demo_example_8
[0.325s] -- Up-to-date symlink: /home/ws/install/ros2_control_demo_example_8/share/ros2_control_demo_example_8/environment/ament_prefix_path.sh
[0.325s] -- Up-to-date symlink: /home/ws/install/ros2_control_demo_example_8/share/ros2_control_demo_example_8/environment/ament_prefix_path.dsv
[0.325s] -- Up-to-date symlink: /home/ws/install/ros2_control_demo_example_8/share/ros2_control_demo_example_8/environment/path.sh
[0.325s] -- Up-to-date symlink: /home/ws/install/ros2_control_demo_example_8/share/ros2_control_demo_example_8/environment/path.dsv
[0.325s] -- Up-to-date symlink: /home/ws/install/ros2_control_demo_example_8/share/ros2_control_demo_example_8/local_setup.bash
[0.325s] -- Up-to-date symlink: /home/ws/install/ros2_control_demo_example_8/share/ros2_control_demo_example_8/local_setup.sh
[0.325s] -- Up-to-date symlink: /home/ws/install/ros2_control_demo_example_8/share/ros2_control_demo_example_8/local_setup.zsh
[0.325s] -- Up-to-date symlink: /home/ws/install/ros2_control_demo_example_8/share/ros2_control_demo_example_8/local_setup.dsv
[0.325s] -- Symlinking: /home/ws/install/ros2_control_demo_example_8/share/ros2_control_demo_example_8/package.dsv
[0.325s] -- Up-to-date symlink: /home/ws/install/ros2_control_demo_example_8/share/ament_index/resource_index/packages/ros2_control_demo_example_8
[0.325s] -- Up-to-date symlink: /home/ws/install/ros2_control_demo_example_8/share/ament_index/resource_index/hardware_interface__pluginlib__plugin/ros2_control_demo_example_8
[0.325s] -- Up-to-date symlink: /home/ws/install/ros2_control_demo_example_8/share/ros2_control_demo_example_8/cmake/ament_cmake_export_targets-extras.cmake
[0.325s] -- Up-to-date symlink: /home/ws/install/ros2_control_demo_example_8/share/ros2_control_demo_example_8/cmake/ament_cmake_export_dependencies-extras.cmake
[0.325s] -- Up-to-date symlink: /home/ws/install/ros2_control_demo_example_8/share/ros2_control_demo_example_8/cmake/ros2_control_demo_example_8Config.cmake
[0.325s] -- Up-to-date symlink: /home/ws/install/ros2_control_demo_example_8/share/ros2_control_demo_example_8/cmake/ros2_control_demo_example_8Config-version.cmake
[0.325s] -- Up-to-date symlink: /home/ws/install/ros2_control_demo_example_8/share/ros2_control_demo_example_8/package.xml
[0.325s] -- Up-to-date: /home/ws/install/ros2_control_demo_example_8/lib/libros2_control_demo_example_8.so
[0.325s] -- Up-to-date: /home/ws/install/ros2_control_demo_example_8/share/ros2_control_demo_example_8/cmake/export_ros2_control_demo_example_8Export.cmake
[0.325s] -- Up-to-date: /home/ws/install/ros2_control_demo_example_8/share/ros2_control_demo_example_8/cmake/export_ros2_control_demo_example_8Export-noconfig.cmake
[0.374s] Invoked command in '/home/ws/build/ros2_control_demo_example_8' returned '0': CMAKE_PREFIX_PATH=/home/ws/install/ros2_control_demo_description:/home/ws/install/ros2_control_demos:/home/ws/install/ros2_control_demo_example_9:/home/ws/install/ros2_control_demo_example_8:/home/ws/install/ros2_control_demo_example_7:/home/ws/install/ros2_control_demo_example_6:/home/ws/install/ros2_control_demo_example_15:/home/ws/install/ros2_control_demo_example_13:/home/ws/install/ros2_control_demo_example_5:/home/ws/install/ros2_control_demo_example_4:/home/ws/install/ros2_control_demo_example_3:/home/ws/install/ros2_control_demo_example_2:/home/ws/install/ros2_control_demo_example_14:/home/ws/install/ros2_control_demo_example_12:/home/ws/install/ros2_control_demo_example_11:/home/ws/install/ros2_control_demo_example_10:/home/ws/install/ros2_control_demo_example_1:/opt/ros/humble /usr/bin/cmake --install /home/ws/build/ros2_control_demo_example_8
