[0.073s] Invoking command in '/home/ws/build/ros2_control_demo_example_11': CMAKE_PREFIX_PATH=/home/ws/install/ros2_control_demo_description:/home/ws/install/ros2_control_demos:/home/ws/install/ros2_control_demo_example_9:/home/ws/install/ros2_control_demo_example_8:/home/ws/install/ros2_control_demo_example_7:/home/ws/install/ros2_control_demo_example_6:/home/ws/install/ros2_control_demo_example_15:/home/ws/install/ros2_control_demo_example_13:/home/ws/install/ros2_control_demo_example_5:/home/ws/install/ros2_control_demo_example_4:/home/ws/install/ros2_control_demo_example_3:/home/ws/install/ros2_control_demo_example_2:/home/ws/install/ros2_control_demo_example_14:/home/ws/install/ros2_control_demo_example_12:/home/ws/install/ros2_control_demo_example_11:/home/ws/install/ros2_control_demo_example_10:/home/ws/install/ros2_control_demo_example_1:/opt/ros/humble /usr/bin/cmake --build /home/ws/build/ros2_control_demo_example_11 -- -j12 -l12
[0.126s] -- Found ament_cmake: 1.3.12 (/opt/ros/humble/share/ament_cmake/cmake)
[0.307s] -- Override CMake install command with custom implementation using symlinks instead of copying resources
[0.324s] -- Found hardware_interface: 2.51.0 (/opt/ros/humble/share/hardware_interface/cmake)
[0.356s] -- Found rosidl_generator_c: 3.1.7 (/opt/ros/humble/share/rosidl_generator_c/cmake)
[0.358s] -- Found rosidl_adapter: 3.1.7 (/opt/ros/humble/share/rosidl_adapter/cmake)
[0.366s] -- Found rosidl_generator_cpp: 3.1.7 (/opt/ros/humble/share/rosidl_generator_cpp/cmake)
[0.376s] -- Using all available rosidl_typesupport_c: rosidl_typesupport_fastrtps_c;rosidl_typesupport_introspection_c
[0.391s] -- Using all available rosidl_typesupport_cpp: rosidl_typesupport_fastrtps_cpp;rosidl_typesupport_introspection_cpp
[0.591s] -- Found rmw_implementation_cmake: 6.1.2 (/opt/ros/humble/share/rmw_implementation_cmake/cmake)
[0.593s] -- Found rmw_fastrtps_cpp: 6.2.8 (/opt/ros/humble/share/rmw_fastrtps_cpp/cmake)
[0.612s] -- Found TinyXML2 via Config file: TinyXML2_DIR-NOTFOUND
[0.627s] -- Found TinyXML2 via Config file: TinyXML2_DIR-NOTFOUND
[0.652s] -- Found TinyXML2 via Config file: TinyXML2_DIR-NOTFOUND
[0.661s] -- Found TinyXML2 via Config file: TinyXML2_DIR-NOTFOUND
[0.679s] -- Using RMW implementation 'rmw_fastrtps_cpp' as default
[0.784s] -- Found ament_cmake_pytest: 1.3.12 (/opt/ros/humble/share/ament_cmake_pytest/cmake)
[2.594s] -- Configuring done
[2.639s] -- Generating done
[2.640s] -- Build files have been written to: /home/ws/build/ros2_control_demo_example_11
[2.664s] [35m[1mConsolidate compiler generated dependencies of target ros2_control_demo_example_11[0m
[2.689s] [100%] Built target ros2_control_demo_example_11
[2.745s] Invoked command in '/home/ws/build/ros2_control_demo_example_11' returned '0': CMAKE_PREFIX_PATH=/home/ws/install/ros2_control_demo_description:/home/ws/install/ros2_control_demos:/home/ws/install/ros2_control_demo_example_9:/home/ws/install/ros2_control_demo_example_8:/home/ws/install/ros2_control_demo_example_7:/home/ws/install/ros2_control_demo_example_6:/home/ws/install/ros2_control_demo_example_15:/home/ws/install/ros2_control_demo_example_13:/home/ws/install/ros2_control_demo_example_5:/home/ws/install/ros2_control_demo_example_4:/home/ws/install/ros2_control_demo_example_3:/home/ws/install/ros2_control_demo_example_2:/home/ws/install/ros2_control_demo_example_14:/home/ws/install/ros2_control_demo_example_12:/home/ws/install/ros2_control_demo_example_11:/home/ws/install/ros2_control_demo_example_10:/home/ws/install/ros2_control_demo_example_1:/opt/ros/humble /usr/bin/cmake --build /home/ws/build/ros2_control_demo_example_11 -- -j12 -l12
[2.745s] Invoking command in '/home/ws/build/ros2_control_demo_example_11': CMAKE_PREFIX_PATH=/home/ws/install/ros2_control_demo_description:/home/ws/install/ros2_control_demos:/home/ws/install/ros2_control_demo_example_9:/home/ws/install/ros2_control_demo_example_8:/home/ws/install/ros2_control_demo_example_7:/home/ws/install/ros2_control_demo_example_6:/home/ws/install/ros2_control_demo_example_15:/home/ws/install/ros2_control_demo_example_13:/home/ws/install/ros2_control_demo_example_5:/home/ws/install/ros2_control_demo_example_4:/home/ws/install/ros2_control_demo_example_3:/home/ws/install/ros2_control_demo_example_2:/home/ws/install/ros2_control_demo_example_14:/home/ws/install/ros2_control_demo_example_12:/home/ws/install/ros2_control_demo_example_11:/home/ws/install/ros2_control_demo_example_10:/home/ws/install/ros2_control_demo_example_1:/opt/ros/humble /usr/bin/cmake --install /home/ws/build/ros2_control_demo_example_11
[2.753s] -- Install configuration: ""
[2.753s] -- Execute custom install script
[2.753s] -- Up-to-date symlink: /home/ws/install/ros2_control_demo_example_11/share/ros2_control_demo_example_11//ros2_control_demo_example_11.xml
[2.753s] -- Up-to-date symlink: /home/ws/install/ros2_control_demo_example_11/include/ros2_control_demo_example_11/ros2_control_demo_example_11/carlikebot_system.hpp
[2.754s] -- Up-to-date symlink: /home/ws/install/ros2_control_demo_example_11/share/ros2_control_demo_example_11/launch/view_robot.launch.py
[2.754s] -- Up-to-date symlink: /home/ws/install/ros2_control_demo_example_11/share/ros2_control_demo_example_11/ros2_control/carlikebot.ros2_control.xacro
[2.754s] -- Up-to-date symlink: /home/ws/install/ros2_control_demo_example_11/share/ros2_control_demo_example_11/urdf/carlikebot.urdf.xacro
[2.754s] -- Up-to-date symlink: /home/ws/install/ros2_control_demo_example_11/share/ros2_control_demo_example_11/launch/carlikebot.launch.py
[2.754s] -- Up-to-date symlink: /home/ws/install/ros2_control_demo_example_11/share/ros2_control_demo_example_11/config/carlikebot_controllers.yaml
[2.754s] -- Up-to-date symlink: /home/ws/install/ros2_control_demo_example_11/share/ros2_control_demo_example_11/environment/library_path.sh
[2.754s] -- Up-to-date symlink: /home/ws/install/ros2_control_demo_example_11/share/ros2_control_demo_example_11/environment/library_path.dsv
[2.754s] -- Up-to-date symlink: /home/ws/install/ros2_control_demo_example_11/share/ament_index/resource_index/package_run_dependencies/ros2_control_demo_example_11
[2.754s] -- Up-to-date symlink: /home/ws/install/ros2_control_demo_example_11/share/ament_index/resource_index/parent_prefix_path/ros2_control_demo_example_11
[2.754s] -- Up-to-date symlink: /home/ws/install/ros2_control_demo_example_11/share/ros2_control_demo_example_11/environment/ament_prefix_path.sh
[2.754s] -- Up-to-date symlink: /home/ws/install/ros2_control_demo_example_11/share/ros2_control_demo_example_11/environment/ament_prefix_path.dsv
[2.754s] -- Up-to-date symlink: /home/ws/install/ros2_control_demo_example_11/share/ros2_control_demo_example_11/environment/path.sh
[2.754s] -- Up-to-date symlink: /home/ws/install/ros2_control_demo_example_11/share/ros2_control_demo_example_11/environment/path.dsv
[2.754s] -- Up-to-date symlink: /home/ws/install/ros2_control_demo_example_11/share/ros2_control_demo_example_11/local_setup.bash
[2.755s] -- Up-to-date symlink: /home/ws/install/ros2_control_demo_example_11/share/ros2_control_demo_example_11/local_setup.sh
[2.755s] -- Up-to-date symlink: /home/ws/install/ros2_control_demo_example_11/share/ros2_control_demo_example_11/local_setup.zsh
[2.755s] -- Up-to-date symlink: /home/ws/install/ros2_control_demo_example_11/share/ros2_control_demo_example_11/local_setup.dsv
[2.755s] -- Symlinking: /home/ws/install/ros2_control_demo_example_11/share/ros2_control_demo_example_11/package.dsv
[2.762s] -- Up-to-date symlink: /home/ws/install/ros2_control_demo_example_11/share/ament_index/resource_index/packages/ros2_control_demo_example_11
[2.763s] -- Up-to-date symlink: /home/ws/install/ros2_control_demo_example_11/share/ament_index/resource_index/hardware_interface__pluginlib__plugin/ros2_control_demo_example_11
[2.763s] -- Up-to-date symlink: /home/ws/install/ros2_control_demo_example_11/share/ros2_control_demo_example_11/cmake/ament_cmake_export_targets-extras.cmake
[2.763s] -- Up-to-date symlink: /home/ws/install/ros2_control_demo_example_11/share/ros2_control_demo_example_11/cmake/ament_cmake_export_dependencies-extras.cmake
[2.763s] -- Up-to-date symlink: /home/ws/install/ros2_control_demo_example_11/share/ros2_control_demo_example_11/cmake/ros2_control_demo_example_11Config.cmake
[2.763s] -- Up-to-date symlink: /home/ws/install/ros2_control_demo_example_11/share/ros2_control_demo_example_11/cmake/ros2_control_demo_example_11Config-version.cmake
[2.763s] -- Up-to-date symlink: /home/ws/install/ros2_control_demo_example_11/share/ros2_control_demo_example_11/package.xml
[2.763s] -- Up-to-date: /home/ws/install/ros2_control_demo_example_11/lib/libros2_control_demo_example_11.so
[2.763s] -- Up-to-date: /home/ws/install/ros2_control_demo_example_11/share/ros2_control_demo_example_11/cmake/export_ros2_control_demo_example_11Export.cmake
[2.763s] -- Up-to-date: /home/ws/install/ros2_control_demo_example_11/share/ros2_control_demo_example_11/cmake/export_ros2_control_demo_example_11Export-noconfig.cmake
[2.766s] Invoked command in '/home/ws/build/ros2_control_demo_example_11' returned '0': CMAKE_PREFIX_PATH=/home/ws/install/ros2_control_demo_description:/home/ws/install/ros2_control_demos:/home/ws/install/ros2_control_demo_example_9:/home/ws/install/ros2_control_demo_example_8:/home/ws/install/ros2_control_demo_example_7:/home/ws/install/ros2_control_demo_example_6:/home/ws/install/ros2_control_demo_example_15:/home/ws/install/ros2_control_demo_example_13:/home/ws/install/ros2_control_demo_example_5:/home/ws/install/ros2_control_demo_example_4:/home/ws/install/ros2_control_demo_example_3:/home/ws/install/ros2_control_demo_example_2:/home/ws/install/ros2_control_demo_example_14:/home/ws/install/ros2_control_demo_example_12:/home/ws/install/ros2_control_demo_example_11:/home/ws/install/ros2_control_demo_example_10:/home/ws/install/ros2_control_demo_example_1:/opt/ros/humble /usr/bin/cmake --install /home/ws/build/ros2_control_demo_example_11
