[0.036s] Invoking command in '/home/ws/build/ros2_control_demo_example_5': AMENT_PREFIX_PATH=/home/ws/install/ros2_control_demo_description:${AMENT_PREFIX_PATH} CMAKE_PREFIX_PATH=/home/ws/install/ros2_control_demo_description:/opt/ros/humble /usr/bin/cmake /home/ws/src/ros2_control_demos/example_5 -DAMENT_CMAKE_SYMLINK_INSTALL=1 -DCMAKE_INSTALL_PREFIX=/home/ws/install/ros2_control_demo_example_5
[0.139s] -- The CXX compiler identification is GNU 11.4.0
[0.165s] -- Detecting CXX compiler ABI info
[0.267s] -- Detecting CXX compiler ABI info - done
[0.281s] -- Check for working CXX compiler: /usr/bin/c++ - skipped
[0.281s] -- Detecting CXX compile features
[0.281s] -- Detecting CXX compile features - done
[0.290s] -- Found ament_cmake: 1.3.12 (/opt/ros/humble/share/ament_cmake/cmake)
[0.523s] -- Found Python3: /usr/bin/python3 (found version "3.10.12") found components: Interpreter 
[0.595s] -- Override CMake install command with custom implementation using symlinks instead of copying resources
[0.678s] -- Found hardware_interface: 2.51.0 (/opt/ros/humble/share/hardware_interface/cmake)
[0.750s] -- Found rosidl_generator_c: 3.1.7 (/opt/ros/humble/share/rosidl_generator_c/cmake)
[0.755s] -- Found rosidl_adapter: 3.1.7 (/opt/ros/humble/share/rosidl_adapter/cmake)
[0.767s] -- Found rosidl_generator_cpp: 3.1.7 (/opt/ros/humble/share/rosidl_generator_cpp/cmake)
[0.780s] -- Using all available rosidl_typesupport_c: rosidl_typesupport_fastrtps_c;rosidl_typesupport_introspection_c
[0.801s] -- Using all available rosidl_typesupport_cpp: rosidl_typesupport_fastrtps_cpp;rosidl_typesupport_introspection_cpp
[1.121s] -- Found rmw_implementation_cmake: 6.1.2 (/opt/ros/humble/share/rmw_implementation_cmake/cmake)
[1.126s] -- Found rmw_fastrtps_cpp: 6.2.8 (/opt/ros/humble/share/rmw_fastrtps_cpp/cmake)
[1.166s] -- Found TinyXML2 via Config file: TinyXML2_DIR-NOTFOUND
[1.302s] -- Found OpenSSL: /usr/lib/x86_64-linux-gnu/libcrypto.so (found version "3.0.2")  
[1.311s] -- Found TinyXML2 via Config file: TinyXML2_DIR-NOTFOUND
[1.355s] -- Found FastRTPS: /opt/ros/humble/include  
[1.355s] -- Found TinyXML2 via Config file: TinyXML2_DIR-NOTFOUND
[1.362s] -- Found TinyXML2 via Config file: TinyXML2_DIR-NOTFOUND
[1.376s] -- Using RMW implementation 'rmw_fastrtps_cpp' as default
[1.385s] -- Looking for C++ include pthread.h
[1.577s] -- Looking for C++ include pthread.h - found
[1.580s] -- Performing Test CMAKE_HAVE_LIBC_PTHREAD
[1.808s] -- Performing Test CMAKE_HAVE_LIBC_PTHREAD - Success
[1.808s] -- Found Threads: TRUE  
[1.912s] -- Found ament_cmake_pytest: 1.3.12 (/opt/ros/humble/share/ament_cmake_pytest/cmake)
[3.345s] -- Configuring done
[3.385s] -- Generating done
[3.392s] -- Build files have been written to: /home/ws/build/ros2_control_demo_example_5
[3.405s] Invoked command in '/home/ws/build/ros2_control_demo_example_5' returned '0': AMENT_PREFIX_PATH=/home/ws/install/ros2_control_demo_description:${AMENT_PREFIX_PATH} CMAKE_PREFIX_PATH=/home/ws/install/ros2_control_demo_description:/opt/ros/humble /usr/bin/cmake /home/ws/src/ros2_control_demos/example_5 -DAMENT_CMAKE_SYMLINK_INSTALL=1 -DCMAKE_INSTALL_PREFIX=/home/ws/install/ros2_control_demo_example_5
[3.406s] Invoking command in '/home/ws/build/ros2_control_demo_example_5': AMENT_PREFIX_PATH=/home/ws/install/ros2_control_demo_description:${AMENT_PREFIX_PATH} CMAKE_PREFIX_PATH=/home/ws/install/ros2_control_demo_description:/opt/ros/humble /usr/bin/cmake --build /home/ws/build/ros2_control_demo_example_5 -- -j12 -l12
[3.809s] [ 33%] [32mBuilding CXX object CMakeFiles/ros2_control_demo_example_5.dir/hardware/rrbot.cpp.o[0m
[3.809s] [ 66%] [32mBuilding CXX object CMakeFiles/ros2_control_demo_example_5.dir/hardware/external_rrbot_force_torque_sensor.cpp.o[0m
[11.581s] [100%] [32m[1mLinking CXX shared library libros2_control_demo_example_5.so[0m
[11.874s] [100%] Built target ros2_control_demo_example_5
[11.890s] Invoked command in '/home/ws/build/ros2_control_demo_example_5' returned '0': AMENT_PREFIX_PATH=/home/ws/install/ros2_control_demo_description:${AMENT_PREFIX_PATH} CMAKE_PREFIX_PATH=/home/ws/install/ros2_control_demo_description:/opt/ros/humble /usr/bin/cmake --build /home/ws/build/ros2_control_demo_example_5 -- -j12 -l12
[11.900s] Invoking command in '/home/ws/build/ros2_control_demo_example_5': AMENT_PREFIX_PATH=/home/ws/install/ros2_control_demo_description:${AMENT_PREFIX_PATH} CMAKE_PREFIX_PATH=/home/ws/install/ros2_control_demo_description:/opt/ros/humble /usr/bin/cmake --install /home/ws/build/ros2_control_demo_example_5
[11.906s] -- Install configuration: ""
[11.907s] -- Execute custom install script
[11.907s] -- Symlinking: /home/ws/install/ros2_control_demo_example_5/share/ros2_control_demo_example_5//ros2_control_demo_example_5.xml
[11.917s] -- Symlinking: /home/ws/install/ros2_control_demo_example_5/include/ros2_control_demo_example_5/ros2_control_demo_example_5/external_rrbot_force_torque_sensor.hpp
[11.927s] -- Symlinking: /home/ws/install/ros2_control_demo_example_5/include/ros2_control_demo_example_5/ros2_control_demo_example_5/rrbot.hpp
[11.937s] -- Symlinking: /home/ws/install/ros2_control_demo_example_5/share/ros2_control_demo_example_5/launch/view_robot.launch.py
[11.950s] -- Symlinking: /home/ws/install/ros2_control_demo_example_5/share/ros2_control_demo_example_5/ros2_control/external_rrbot_force_torque_sensor.ros2_control.xacro
[11.959s] -- Symlinking: /home/ws/install/ros2_control_demo_example_5/share/ros2_control_demo_example_5/ros2_control/rrbot_system_position_only.ros2_control.xacro
[11.968s] -- Symlinking: /home/ws/install/ros2_control_demo_example_5/share/ros2_control_demo_example_5/urdf/rrbot_system_with_external_sensor.urdf.xacro
[11.981s] -- Symlinking: /home/ws/install/ros2_control_demo_example_5/share/ros2_control_demo_example_5/rviz/rrbot.rviz
[11.990s] -- Symlinking: /home/ws/install/ros2_control_demo_example_5/share/ros2_control_demo_example_5/launch/rrbot_system_with_external_sensor.launch.py
[12.001s] -- Symlinking: /home/ws/install/ros2_control_demo_example_5/share/ros2_control_demo_example_5/launch/test_forward_position_controller.launch.py
[12.010s] -- Symlinking: /home/ws/install/ros2_control_demo_example_5/share/ros2_control_demo_example_5/config/rrbot_forward_position_publisher.yaml
[12.021s] -- Symlinking: /home/ws/install/ros2_control_demo_example_5/share/ros2_control_demo_example_5/config/rrbot_with_external_sensor_controllers.yaml
[12.034s] -- Symlinking: /home/ws/install/ros2_control_demo_example_5/share/ros2_control_demo_example_5/environment/library_path.sh
[12.045s] -- Symlinking: /home/ws/install/ros2_control_demo_example_5/share/ros2_control_demo_example_5/environment/library_path.dsv
[12.053s] -- Symlinking: /home/ws/install/ros2_control_demo_example_5/share/ament_index/resource_index/package_run_dependencies/ros2_control_demo_example_5
[12.061s] -- Symlinking: /home/ws/install/ros2_control_demo_example_5/share/ament_index/resource_index/parent_prefix_path/ros2_control_demo_example_5
[12.070s] -- Symlinking: /home/ws/install/ros2_control_demo_example_5/share/ros2_control_demo_example_5/environment/ament_prefix_path.sh
[12.080s] -- Symlinking: /home/ws/install/ros2_control_demo_example_5/share/ros2_control_demo_example_5/environment/ament_prefix_path.dsv
[12.091s] -- Symlinking: /home/ws/install/ros2_control_demo_example_5/share/ros2_control_demo_example_5/environment/path.sh
[12.098s] -- Symlinking: /home/ws/install/ros2_control_demo_example_5/share/ros2_control_demo_example_5/environment/path.dsv
[12.111s] -- Symlinking: /home/ws/install/ros2_control_demo_example_5/share/ros2_control_demo_example_5/local_setup.bash
[12.119s] -- Symlinking: /home/ws/install/ros2_control_demo_example_5/share/ros2_control_demo_example_5/local_setup.sh
[12.127s] -- Symlinking: /home/ws/install/ros2_control_demo_example_5/share/ros2_control_demo_example_5/local_setup.zsh
[12.138s] -- Symlinking: /home/ws/install/ros2_control_demo_example_5/share/ros2_control_demo_example_5/local_setup.dsv
[12.144s] -- Symlinking: /home/ws/install/ros2_control_demo_example_5/share/ros2_control_demo_example_5/package.dsv
[12.154s] -- Symlinking: /home/ws/install/ros2_control_demo_example_5/share/ament_index/resource_index/packages/ros2_control_demo_example_5
[12.164s] -- Symlinking: /home/ws/install/ros2_control_demo_example_5/share/ament_index/resource_index/hardware_interface__pluginlib__plugin/ros2_control_demo_example_5
[12.171s] -- Symlinking: /home/ws/install/ros2_control_demo_example_5/share/ros2_control_demo_example_5/cmake/ament_cmake_export_targets-extras.cmake
[12.179s] -- Symlinking: /home/ws/install/ros2_control_demo_example_5/share/ros2_control_demo_example_5/cmake/ament_cmake_export_dependencies-extras.cmake
[12.187s] -- Symlinking: /home/ws/install/ros2_control_demo_example_5/share/ros2_control_demo_example_5/cmake/ros2_control_demo_example_5Config.cmake
[12.195s] -- Symlinking: /home/ws/install/ros2_control_demo_example_5/share/ros2_control_demo_example_5/cmake/ros2_control_demo_example_5Config-version.cmake
[12.202s] -- Symlinking: /home/ws/install/ros2_control_demo_example_5/share/ros2_control_demo_example_5/package.xml
[12.209s] -- Installing: /home/ws/install/ros2_control_demo_example_5/lib/libros2_control_demo_example_5.so
[12.209s] -- Set runtime path of "/home/ws/install/ros2_control_demo_example_5/lib/libros2_control_demo_example_5.so" to ""
[12.209s] -- Installing: /home/ws/install/ros2_control_demo_example_5/share/ros2_control_demo_example_5/cmake/export_ros2_control_demo_example_5Export.cmake
[12.210s] -- Installing: /home/ws/install/ros2_control_demo_example_5/share/ros2_control_demo_example_5/cmake/export_ros2_control_demo_example_5Export-noconfig.cmake
[12.212s] Invoked command in '/home/ws/build/ros2_control_demo_example_5' returned '0': AMENT_PREFIX_PATH=/home/ws/install/ros2_control_demo_description:${AMENT_PREFIX_PATH} CMAKE_PREFIX_PATH=/home/ws/install/ros2_control_demo_description:/opt/ros/humble /usr/bin/cmake --install /home/ws/build/ros2_control_demo_example_5
