[0.048s] Invoking command in '/home/ws/build/ros2_control_demos': CMAKE_PREFIX_PATH=/home/ws/install/ros2_control_demo_example_15:/home/ws/install/ros2_control_demo_example_13:/home/ws/install/ros2_control_demo_example_9:/home/ws/install/ros2_control_demo_example_8:/home/ws/install/ros2_control_demo_example_7:/home/ws/install/ros2_control_demo_example_6:/home/ws/install/ros2_control_demo_example_5:/home/ws/install/ros2_control_demo_example_4:/home/ws/install/ros2_control_demo_example_3:/home/ws/install/ros2_control_demo_example_2:/home/ws/install/ros2_control_demo_example_14:/home/ws/install/ros2_control_demo_example_12:/home/ws/install/ros2_control_demo_example_11:/home/ws/install/ros2_control_demo_example_10:/home/ws/install/ros2_control_demo_example_1:/home/ws/install/ros2_control_demo_description:/home/ws/install/ros2_control_demos:/opt/ros/humble /usr/bin/cmake --build /home/ws/build/ros2_control_demos -- -j12 -l12
[0.086s] -- Found ament_cmake: 1.3.12 (/opt/ros/humble/share/ament_cmake/cmake)
[0.187s] -- Override CMake install command with custom implementation using symlinks instead of copying resources
[0.241s] -- Configuring done
[0.242s] -- Generating done
[0.243s] -- Build files have been written to: /home/ws/build/ros2_control_demos
[0.269s] Invoked command in '/home/ws/build/ros2_control_demos' returned '0': CMAKE_PREFIX_PATH=/home/ws/install/ros2_control_demo_example_15:/home/ws/install/ros2_control_demo_example_13:/home/ws/install/ros2_control_demo_example_9:/home/ws/install/ros2_control_demo_example_8:/home/ws/install/ros2_control_demo_example_7:/home/ws/install/ros2_control_demo_example_6:/home/ws/install/ros2_control_demo_example_5:/home/ws/install/ros2_control_demo_example_4:/home/ws/install/ros2_control_demo_example_3:/home/ws/install/ros2_control_demo_example_2:/home/ws/install/ros2_control_demo_example_14:/home/ws/install/ros2_control_demo_example_12:/home/ws/install/ros2_control_demo_example_11:/home/ws/install/ros2_control_demo_example_10:/home/ws/install/ros2_control_demo_example_1:/home/ws/install/ros2_control_demo_description:/home/ws/install/ros2_control_demos:/opt/ros/humble /usr/bin/cmake --build /home/ws/build/ros2_control_demos -- -j12 -l12
[0.269s] Invoking command in '/home/ws/build/ros2_control_demos': CMAKE_PREFIX_PATH=/home/ws/install/ros2_control_demo_example_15:/home/ws/install/ros2_control_demo_example_13:/home/ws/install/ros2_control_demo_example_9:/home/ws/install/ros2_control_demo_example_8:/home/ws/install/ros2_control_demo_example_7:/home/ws/install/ros2_control_demo_example_6:/home/ws/install/ros2_control_demo_example_5:/home/ws/install/ros2_control_demo_example_4:/home/ws/install/ros2_control_demo_example_3:/home/ws/install/ros2_control_demo_example_2:/home/ws/install/ros2_control_demo_example_14:/home/ws/install/ros2_control_demo_example_12:/home/ws/install/ros2_control_demo_example_11:/home/ws/install/ros2_control_demo_example_10:/home/ws/install/ros2_control_demo_example_1:/home/ws/install/ros2_control_demo_description:/home/ws/install/ros2_control_demos:/opt/ros/humble /usr/bin/cmake --install /home/ws/build/ros2_control_demos
[0.276s] -- Install configuration: ""
[0.276s] -- Execute custom install script
[0.277s] -- Up-to-date symlink: /home/ws/install/ros2_control_demos/share/ament_index/resource_index/package_run_dependencies/ros2_control_demos
[0.277s] -- Up-to-date symlink: /home/ws/install/ros2_control_demos/share/ament_index/resource_index/parent_prefix_path/ros2_control_demos
[0.277s] -- Up-to-date symlink: /home/ws/install/ros2_control_demos/share/ros2_control_demos/environment/ament_prefix_path.sh
[0.278s] -- Up-to-date symlink: /home/ws/install/ros2_control_demos/share/ros2_control_demos/environment/ament_prefix_path.dsv
[0.278s] -- Up-to-date symlink: /home/ws/install/ros2_control_demos/share/ros2_control_demos/environment/path.sh
[0.278s] -- Up-to-date symlink: /home/ws/install/ros2_control_demos/share/ros2_control_demos/environment/path.dsv
[0.278s] -- Up-to-date symlink: /home/ws/install/ros2_control_demos/share/ros2_control_demos/local_setup.bash
[0.278s] -- Up-to-date symlink: /home/ws/install/ros2_control_demos/share/ros2_control_demos/local_setup.sh
[0.278s] -- Up-to-date symlink: /home/ws/install/ros2_control_demos/share/ros2_control_demos/local_setup.zsh
[0.278s] -- Up-to-date symlink: /home/ws/install/ros2_control_demos/share/ros2_control_demos/local_setup.dsv
[0.278s] -- Symlinking: /home/ws/install/ros2_control_demos/share/ros2_control_demos/package.dsv
[0.287s] -- Up-to-date symlink: /home/ws/install/ros2_control_demos/share/ament_index/resource_index/packages/ros2_control_demos
[0.288s] -- Up-to-date symlink: /home/ws/install/ros2_control_demos/share/ros2_control_demos/cmake/ros2_control_demosConfig.cmake
[0.288s] -- Up-to-date symlink: /home/ws/install/ros2_control_demos/share/ros2_control_demos/cmake/ros2_control_demosConfig-version.cmake
[0.288s] -- Up-to-date symlink: /home/ws/install/ros2_control_demos/share/ros2_control_demos/package.xml
[0.289s] Invoked command in '/home/ws/build/ros2_control_demos' returned '0': CMAKE_PREFIX_PATH=/home/ws/install/ros2_control_demo_example_15:/home/ws/install/ros2_control_demo_example_13:/home/ws/install/ros2_control_demo_example_9:/home/ws/install/ros2_control_demo_example_8:/home/ws/install/ros2_control_demo_example_7:/home/ws/install/ros2_control_demo_example_6:/home/ws/install/ros2_control_demo_example_5:/home/ws/install/ros2_control_demo_example_4:/home/ws/install/ros2_control_demo_example_3:/home/ws/install/ros2_control_demo_example_2:/home/ws/install/ros2_control_demo_example_14:/home/ws/install/ros2_control_demo_example_12:/home/ws/install/ros2_control_demo_example_11:/home/ws/install/ros2_control_demo_example_10:/home/ws/install/ros2_control_demo_example_1:/home/ws/install/ros2_control_demo_description:/home/ws/install/ros2_control_demos:/opt/ros/humble /usr/bin/cmake --install /home/ws/build/ros2_control_demos
