[0.017s] Invoking command in '/home/ws/build/ros2_control_demo_description': CMAKE_PREFIX_PATH=/opt/ros/humble /usr/bin/cmake /home/ws/src/ros2_control_demos/ros2_control_demo_description -DAMENT_CMAKE_SYMLINK_INSTALL=1 -DCMAKE_INSTALL_PREFIX=/home/ws/install/ros2_control_demo_description
[0.064s] -- The C compiler identification is GNU 11.4.0
[0.107s] -- The CXX compiler identification is GNU 11.4.0
[0.115s] -- Detecting C compiler ABI info
[0.180s] -- Detecting C compiler ABI info - done
[0.188s] -- Check for working C compiler: /usr/bin/cc - skipped
[0.188s] -- Detecting C compile features
[0.188s] -- Detecting C compile features - done
[0.191s] -- Detecting CXX compiler ABI info
[0.292s] -- Detecting CXX compiler ABI info - done
[0.299s] -- Check for working CXX compiler: /usr/bin/c++ - skipped
[0.300s] -- Detecting CXX compile features
[0.300s] -- Detecting CXX compile features - done
[0.301s] -- Found ament_cmake: 1.3.12 (/opt/ros/humble/share/ament_cmake/cmake)
[0.401s] -- Found Python3: /usr/bin/python3 (found version "3.10.12") found components: Interpreter 
[0.461s] -- Override CMake install command with custom implementation using symlinks instead of copying resources
[0.531s] -- Configuring done
[0.533s] -- Generating done
[0.534s] -- Build files have been written to: /home/ws/build/ros2_control_demo_description
[0.537s] Invoked command in '/home/ws/build/ros2_control_demo_description' returned '0': CMAKE_PREFIX_PATH=/opt/ros/humble /usr/bin/cmake /home/ws/src/ros2_control_demos/ros2_control_demo_description -DAMENT_CMAKE_SYMLINK_INSTALL=1 -DCMAKE_INSTALL_PREFIX=/home/ws/install/ros2_control_demo_description
[0.539s] Invoking command in '/home/ws/build/ros2_control_demo_description': CMAKE_PREFIX_PATH=/opt/ros/humble /usr/bin/cmake --build /home/ws/build/ros2_control_demo_description -- -j12 -l12
[0.567s] Invoked command in '/home/ws/build/ros2_control_demo_description' returned '0': CMAKE_PREFIX_PATH=/opt/ros/humble /usr/bin/cmake --build /home/ws/build/ros2_control_demo_description -- -j12 -l12
[0.574s] Invoking command in '/home/ws/build/ros2_control_demo_description': CMAKE_PREFIX_PATH=/opt/ros/humble /usr/bin/cmake --install /home/ws/build/ros2_control_demo_description
[0.579s] -- Install configuration: ""
[0.579s] -- Execute custom install script
[0.579s] -- Symlinking: /home/ws/install/ros2_control_demo_description/share/ros2_control_demo_description/rrbot/urdf/rrbot.materials.xacro
[0.585s] -- Symlinking: /home/ws/install/ros2_control_demo_description/share/ros2_control_demo_description/rrbot/urdf/rrbot_description.urdf.xacro
[0.593s] -- Symlinking: /home/ws/install/ros2_control_demo_description/share/ros2_control_demo_description/rrbot/rviz/rrbot.rviz
[0.600s] -- Symlinking: /home/ws/install/ros2_control_demo_description/share/ros2_control_demo_description/diffbot/urdf/diffbot.materials.xacro
[0.606s] -- Symlinking: /home/ws/install/ros2_control_demo_description/share/ros2_control_demo_description/diffbot/urdf/diffbot_description.urdf.xacro
[0.615s] -- Symlinking: /home/ws/install/ros2_control_demo_description/share/ros2_control_demo_description/diffbot/rviz/diffbot.rviz
[0.634s] -- Symlinking: /home/ws/install/ros2_control_demo_description/share/ros2_control_demo_description/diffbot/rviz/diffbot_view.rviz
[0.653s] -- Symlinking: /home/ws/install/ros2_control_demo_description/share/ros2_control_demo_description/carlikebot/urdf/carlikebot.materials.xacro
[0.663s] -- Symlinking: /home/ws/install/ros2_control_demo_description/share/ros2_control_demo_description/carlikebot/urdf/carlikebot_description.urdf.xacro
[0.671s] -- Symlinking: /home/ws/install/ros2_control_demo_description/share/ros2_control_demo_description/carlikebot/rviz/carlikebot.rviz
[0.677s] -- Symlinking: /home/ws/install/ros2_control_demo_description/share/ros2_control_demo_description/carlikebot/rviz/carlikebot_view.rviz
[0.683s] -- Symlinking: /home/ws/install/ros2_control_demo_description/share/ros2_control_demo_description/r3bot/urdf/threedofbot_description.urdf.xacro
[0.691s] -- Symlinking: /home/ws/install/ros2_control_demo_description/share/ros2_control_demo_description/r6bot/meshes/collision/link_0.stl
[0.699s] -- Symlinking: /home/ws/install/ros2_control_demo_description/share/ros2_control_demo_description/r6bot/meshes/collision/link_1.stl
[0.709s] -- Symlinking: /home/ws/install/ros2_control_demo_description/share/ros2_control_demo_description/r6bot/meshes/collision/link_2.stl
[0.721s] -- Symlinking: /home/ws/install/ros2_control_demo_description/share/ros2_control_demo_description/r6bot/meshes/collision/link_3.stl
[0.745s] -- Symlinking: /home/ws/install/ros2_control_demo_description/share/ros2_control_demo_description/r6bot/meshes/collision/link_4.stl
[0.758s] -- Symlinking: /home/ws/install/ros2_control_demo_description/share/ros2_control_demo_description/r6bot/meshes/collision/link_5.stl
[0.766s] -- Symlinking: /home/ws/install/ros2_control_demo_description/share/ros2_control_demo_description/r6bot/meshes/collision/link_6.stl
[0.772s] -- Symlinking: /home/ws/install/ros2_control_demo_description/share/ros2_control_demo_description/r6bot/meshes/visual/link_0.dae
[0.778s] -- Symlinking: /home/ws/install/ros2_control_demo_description/share/ros2_control_demo_description/r6bot/meshes/visual/link_1.dae
[0.787s] -- Symlinking: /home/ws/install/ros2_control_demo_description/share/ros2_control_demo_description/r6bot/meshes/visual/link_2.dae
[0.793s] -- Symlinking: /home/ws/install/ros2_control_demo_description/share/ros2_control_demo_description/r6bot/meshes/visual/link_3.dae
[0.799s] -- Symlinking: /home/ws/install/ros2_control_demo_description/share/ros2_control_demo_description/r6bot/meshes/visual/link_4.dae
[0.807s] -- Symlinking: /home/ws/install/ros2_control_demo_description/share/ros2_control_demo_description/r6bot/meshes/visual/link_5.dae
[0.825s] -- Symlinking: /home/ws/install/ros2_control_demo_description/share/ros2_control_demo_description/r6bot/meshes/visual/link_6.dae
[0.853s] -- Symlinking: /home/ws/install/ros2_control_demo_description/share/ros2_control_demo_description/r6bot/srdf/r6bot.srdf
[0.862s] -- Symlinking: /home/ws/install/ros2_control_demo_description/share/ros2_control_demo_description/r6bot/urdf/inc/create_link.xacro
[0.869s] -- Symlinking: /home/ws/install/ros2_control_demo_description/share/ros2_control_demo_description/r6bot/urdf/r6bot_description.urdf.xacro
[0.876s] -- Symlinking: /home/ws/install/ros2_control_demo_description/share/ros2_control_demo_description/r6bot/rviz/view_robot.rviz
[0.883s] -- Symlinking: /home/ws/install/ros2_control_demo_description/share/ament_index/resource_index/package_run_dependencies/ros2_control_demo_description
[0.891s] -- Symlinking: /home/ws/install/ros2_control_demo_description/share/ament_index/resource_index/parent_prefix_path/ros2_control_demo_description
[0.897s] -- Symlinking: /home/ws/install/ros2_control_demo_description/share/ros2_control_demo_description/environment/ament_prefix_path.sh
[0.905s] -- Symlinking: /home/ws/install/ros2_control_demo_description/share/ros2_control_demo_description/environment/ament_prefix_path.dsv
[0.917s] -- Symlinking: /home/ws/install/ros2_control_demo_description/share/ros2_control_demo_description/environment/path.sh
[0.935s] -- Symlinking: /home/ws/install/ros2_control_demo_description/share/ros2_control_demo_description/environment/path.dsv
[0.952s] -- Symlinking: /home/ws/install/ros2_control_demo_description/share/ros2_control_demo_description/local_setup.bash
[0.962s] -- Symlinking: /home/ws/install/ros2_control_demo_description/share/ros2_control_demo_description/local_setup.sh
[0.971s] -- Symlinking: /home/ws/install/ros2_control_demo_description/share/ros2_control_demo_description/local_setup.zsh
[0.979s] -- Symlinking: /home/ws/install/ros2_control_demo_description/share/ros2_control_demo_description/local_setup.dsv
[0.986s] -- Symlinking: /home/ws/install/ros2_control_demo_description/share/ros2_control_demo_description/package.dsv
[0.992s] -- Symlinking: /home/ws/install/ros2_control_demo_description/share/ament_index/resource_index/packages/ros2_control_demo_description
[0.999s] -- Symlinking: /home/ws/install/ros2_control_demo_description/share/ros2_control_demo_description/cmake/ros2_control_demo_descriptionConfig.cmake
[1.006s] -- Symlinking: /home/ws/install/ros2_control_demo_description/share/ros2_control_demo_description/cmake/ros2_control_demo_descriptionConfig-version.cmake
[1.014s] -- Symlinking: /home/ws/install/ros2_control_demo_description/share/ros2_control_demo_description/package.xml
[1.024s] Invoked command in '/home/ws/build/ros2_control_demo_description' returned '0': CMAKE_PREFIX_PATH=/opt/ros/humble /usr/bin/cmake --install /home/ws/build/ros2_control_demo_description
