[0.051s] Invoking command in '/home/ws/build/ros2_control_demo_example_3': CMAKE_PREFIX_PATH=/home/ws/install/ros2_control_demo_description:/home/ws/install/ros2_control_demos:/home/ws/install/ros2_control_demo_example_9:/home/ws/install/ros2_control_demo_example_8:/home/ws/install/ros2_control_demo_example_7:/home/ws/install/ros2_control_demo_example_6:/home/ws/install/ros2_control_demo_example_15:/home/ws/install/ros2_control_demo_example_13:/home/ws/install/ros2_control_demo_example_5:/home/ws/install/ros2_control_demo_example_4:/home/ws/install/ros2_control_demo_example_3:/home/ws/install/ros2_control_demo_example_2:/home/ws/install/ros2_control_demo_example_14:/home/ws/install/ros2_control_demo_example_12:/home/ws/install/ros2_control_demo_example_11:/home/ws/install/ros2_control_demo_example_10:/home/ws/install/ros2_control_demo_example_1:/opt/ros/humble /usr/bin/cmake --build /home/ws/build/ros2_control_demo_example_3 -- -j12 -l12
[2.294s] -- Found ament_cmake: 1.3.12 (/opt/ros/humble/share/ament_cmake/cmake)
[2.301s] -- Override CMake install command with custom implementation using symlinks instead of copying resources
[2.301s] -- Found hardware_interface: 2.51.0 (/opt/ros/humble/share/hardware_interface/cmake)
[2.301s] -- Found rosidl_generator_c: 3.1.7 (/opt/ros/humble/share/rosidl_generator_c/cmake)
[2.301s] -- Found rosidl_adapter: 3.1.7 (/opt/ros/humble/share/rosidl_adapter/cmake)
[2.302s] -- Found rosidl_generator_cpp: 3.1.7 (/opt/ros/humble/share/rosidl_generator_cpp/cmake)
[2.302s] -- Using all available rosidl_typesupport_c: rosidl_typesupport_fastrtps_c;rosidl_typesupport_introspection_c
[2.302s] -- Using all available rosidl_typesupport_cpp: rosidl_typesupport_fastrtps_cpp;rosidl_typesupport_introspection_cpp
[2.302s] -- Found rmw_implementation_cmake: 6.1.2 (/opt/ros/humble/share/rmw_implementation_cmake/cmake)
[2.302s] -- Found rmw_fastrtps_cpp: 6.2.8 (/opt/ros/humble/share/rmw_fastrtps_cpp/cmake)
[2.302s] -- Found TinyXML2 via Config file: TinyXML2_DIR-NOTFOUND
[2.304s] -- Found TinyXML2 via Config file: TinyXML2_DIR-NOTFOUND
[2.304s] -- Found TinyXML2 via Config file: TinyXML2_DIR-NOTFOUND
[2.304s] -- Found TinyXML2 via Config file: TinyXML2_DIR-NOTFOUND
[2.304s] -- Using RMW implementation 'rmw_fastrtps_cpp' as default
[2.304s] -- Found ament_cmake_pytest: 1.3.12 (/opt/ros/humble/share/ament_cmake_pytest/cmake)
[2.304s] -- Configuring done
[2.304s] -- Generating done
[2.305s] -- Build files have been written to: /home/ws/build/ros2_control_demo_example_3
[2.338s] [35m[1mConsolidate compiler generated dependencies of target ros2_control_demo_example_3[0m
[2.378s] [100%] Built target ros2_control_demo_example_3
[2.388s] Invoked command in '/home/ws/build/ros2_control_demo_example_3' returned '0': CMAKE_PREFIX_PATH=/home/ws/install/ros2_control_demo_description:/home/ws/install/ros2_control_demos:/home/ws/install/ros2_control_demo_example_9:/home/ws/install/ros2_control_demo_example_8:/home/ws/install/ros2_control_demo_example_7:/home/ws/install/ros2_control_demo_example_6:/home/ws/install/ros2_control_demo_example_15:/home/ws/install/ros2_control_demo_example_13:/home/ws/install/ros2_control_demo_example_5:/home/ws/install/ros2_control_demo_example_4:/home/ws/install/ros2_control_demo_example_3:/home/ws/install/ros2_control_demo_example_2:/home/ws/install/ros2_control_demo_example_14:/home/ws/install/ros2_control_demo_example_12:/home/ws/install/ros2_control_demo_example_11:/home/ws/install/ros2_control_demo_example_10:/home/ws/install/ros2_control_demo_example_1:/opt/ros/humble /usr/bin/cmake --build /home/ws/build/ros2_control_demo_example_3 -- -j12 -l12
[2.388s] Invoking command in '/home/ws/build/ros2_control_demo_example_3': CMAKE_PREFIX_PATH=/home/ws/install/ros2_control_demo_description:/home/ws/install/ros2_control_demos:/home/ws/install/ros2_control_demo_example_9:/home/ws/install/ros2_control_demo_example_8:/home/ws/install/ros2_control_demo_example_7:/home/ws/install/ros2_control_demo_example_6:/home/ws/install/ros2_control_demo_example_15:/home/ws/install/ros2_control_demo_example_13:/home/ws/install/ros2_control_demo_example_5:/home/ws/install/ros2_control_demo_example_4:/home/ws/install/ros2_control_demo_example_3:/home/ws/install/ros2_control_demo_example_2:/home/ws/install/ros2_control_demo_example_14:/home/ws/install/ros2_control_demo_example_12:/home/ws/install/ros2_control_demo_example_11:/home/ws/install/ros2_control_demo_example_10:/home/ws/install/ros2_control_demo_example_1:/opt/ros/humble /usr/bin/cmake --install /home/ws/build/ros2_control_demo_example_3
[2.431s] -- Install configuration: ""
[2.431s] -- Execute custom install script
[2.431s] -- Up-to-date symlink: /home/ws/install/ros2_control_demo_example_3/share/ros2_control_demo_example_3//ros2_control_demo_example_3.xml
[2.431s] -- Up-to-date symlink: /home/ws/install/ros2_control_demo_example_3/include/ros2_control_demo_example_3/ros2_control_demo_example_3/rrbot_system_multi_interface.hpp
[2.431s] -- Up-to-date symlink: /home/ws/install/ros2_control_demo_example_3/share/ros2_control_demo_example_3/launch/view_robot.launch.py
[2.431s] -- Up-to-date symlink: /home/ws/install/ros2_control_demo_example_3/share/ros2_control_demo_example_3/ros2_control/rrbot_system_multi_interface.ros2_control.xacro
[2.431s] -- Up-to-date symlink: /home/ws/install/ros2_control_demo_example_3/share/ros2_control_demo_example_3/urdf/rrbot_system_multi_interface.urdf.xacro
[2.431s] -- Up-to-date symlink: /home/ws/install/ros2_control_demo_example_3/share/ros2_control_demo_example_3/launch/rrbot_system_multi_interface.launch.py
[2.431s] -- Up-to-date symlink: /home/ws/install/ros2_control_demo_example_3/share/ros2_control_demo_example_3/launch/test_forward_position_controller.launch.py
[2.431s] -- Up-to-date symlink: /home/ws/install/ros2_control_demo_example_3/share/ros2_control_demo_example_3/config/rrbot_forward_position_publisher.yaml
[2.431s] -- Up-to-date symlink: /home/ws/install/ros2_control_demo_example_3/share/ros2_control_demo_example_3/config/rrbot_multi_interface_forward_controllers.yaml
[2.431s] -- Up-to-date symlink: /home/ws/install/ros2_control_demo_example_3/share/ros2_control_demo_example_3/environment/library_path.sh
[2.432s] -- Up-to-date symlink: /home/ws/install/ros2_control_demo_example_3/share/ros2_control_demo_example_3/environment/library_path.dsv
[2.432s] -- Up-to-date symlink: /home/ws/install/ros2_control_demo_example_3/share/ament_index/resource_index/package_run_dependencies/ros2_control_demo_example_3
[2.432s] -- Up-to-date symlink: /home/ws/install/ros2_control_demo_example_3/share/ament_index/resource_index/parent_prefix_path/ros2_control_demo_example_3
[2.432s] -- Up-to-date symlink: /home/ws/install/ros2_control_demo_example_3/share/ros2_control_demo_example_3/environment/ament_prefix_path.sh
[2.432s] -- Up-to-date symlink: /home/ws/install/ros2_control_demo_example_3/share/ros2_control_demo_example_3/environment/ament_prefix_path.dsv
[2.432s] -- Up-to-date symlink: /home/ws/install/ros2_control_demo_example_3/share/ros2_control_demo_example_3/environment/path.sh
[2.432s] -- Up-to-date symlink: /home/ws/install/ros2_control_demo_example_3/share/ros2_control_demo_example_3/environment/path.dsv
[2.432s] -- Up-to-date symlink: /home/ws/install/ros2_control_demo_example_3/share/ros2_control_demo_example_3/local_setup.bash
[2.432s] -- Up-to-date symlink: /home/ws/install/ros2_control_demo_example_3/share/ros2_control_demo_example_3/local_setup.sh
[2.432s] -- Up-to-date symlink: /home/ws/install/ros2_control_demo_example_3/share/ros2_control_demo_example_3/local_setup.zsh
[2.443s] -- Up-to-date symlink: /home/ws/install/ros2_control_demo_example_3/share/ros2_control_demo_example_3/local_setup.dsv
[2.444s] -- Symlinking: /home/ws/install/ros2_control_demo_example_3/share/ros2_control_demo_example_3/package.dsv
[2.444s] -- Up-to-date symlink: /home/ws/install/ros2_control_demo_example_3/share/ament_index/resource_index/packages/ros2_control_demo_example_3
[2.444s] -- Up-to-date symlink: /home/ws/install/ros2_control_demo_example_3/share/ament_index/resource_index/hardware_interface__pluginlib__plugin/ros2_control_demo_example_3
[2.444s] -- Up-to-date symlink: /home/ws/install/ros2_control_demo_example_3/share/ros2_control_demo_example_3/cmake/ament_cmake_export_targets-extras.cmake
[2.445s] -- Up-to-date symlink: /home/ws/install/ros2_control_demo_example_3/share/ros2_control_demo_example_3/cmake/ament_cmake_export_dependencies-extras.cmake
[2.445s] -- Up-to-date symlink: /home/ws/install/ros2_control_demo_example_3/share/ros2_control_demo_example_3/cmake/ros2_control_demo_example_3Config.cmake
[2.445s] -- Up-to-date symlink: /home/ws/install/ros2_control_demo_example_3/share/ros2_control_demo_example_3/cmake/ros2_control_demo_example_3Config-version.cmake
[2.445s] -- Up-to-date symlink: /home/ws/install/ros2_control_demo_example_3/share/ros2_control_demo_example_3/package.xml
[2.445s] -- Up-to-date: /home/ws/install/ros2_control_demo_example_3/lib/libros2_control_demo_example_3.so
[2.445s] -- Up-to-date: /home/ws/install/ros2_control_demo_example_3/share/ros2_control_demo_example_3/cmake/export_ros2_control_demo_example_3Export.cmake
[2.445s] -- Up-to-date: /home/ws/install/ros2_control_demo_example_3/share/ros2_control_demo_example_3/cmake/export_ros2_control_demo_example_3Export-noconfig.cmake
[2.507s] Invoked command in '/home/ws/build/ros2_control_demo_example_3' returned '0': CMAKE_PREFIX_PATH=/home/ws/install/ros2_control_demo_description:/home/ws/install/ros2_control_demos:/home/ws/install/ros2_control_demo_example_9:/home/ws/install/ros2_control_demo_example_8:/home/ws/install/ros2_control_demo_example_7:/home/ws/install/ros2_control_demo_example_6:/home/ws/install/ros2_control_demo_example_15:/home/ws/install/ros2_control_demo_example_13:/home/ws/install/ros2_control_demo_example_5:/home/ws/install/ros2_control_demo_example_4:/home/ws/install/ros2_control_demo_example_3:/home/ws/install/ros2_control_demo_example_2:/home/ws/install/ros2_control_demo_example_14:/home/ws/install/ros2_control_demo_example_12:/home/ws/install/ros2_control_demo_example_11:/home/ws/install/ros2_control_demo_example_10:/home/ws/install/ros2_control_demo_example_1:/opt/ros/humble /usr/bin/cmake --install /home/ws/build/ros2_control_demo_example_3
