[0.056s] Invoking command in '/home/ws/build/ros2_control_demo_example_3': CMAKE_PREFIX_PATH=/home/ws/install/ros2_control_demo_description:/home/ws/install/ros2_control_demos:/home/ws/install/ros2_control_demo_example_9:/home/ws/install/ros2_control_demo_example_8:/home/ws/install/ros2_control_demo_example_7:/home/ws/install/ros2_control_demo_example_6:/home/ws/install/ros2_control_demo_example_15:/home/ws/install/ros2_control_demo_example_13:/home/ws/install/ros2_control_demo_example_5:/home/ws/install/ros2_control_demo_example_4:/home/ws/install/ros2_control_demo_example_3:/home/ws/install/ros2_control_demo_example_2:/home/ws/install/ros2_control_demo_example_14:/home/ws/install/ros2_control_demo_example_12:/home/ws/install/ros2_control_demo_example_11:/home/ws/install/ros2_control_demo_example_10:/home/ws/install/ros2_control_demo_example_1:/opt/ros/humble /usr/bin/cmake --build /home/ws/build/ros2_control_demo_example_3 -- -j12 -l12
[0.129s] [35m[1mConsolidate compiler generated dependencies of target ros2_control_demo_example_3[0m
[0.160s] [100%] Built target ros2_control_demo_example_3
[0.198s] Invoked command in '/home/ws/build/ros2_control_demo_example_3' returned '0': CMAKE_PREFIX_PATH=/home/ws/install/ros2_control_demo_description:/home/ws/install/ros2_control_demos:/home/ws/install/ros2_control_demo_example_9:/home/ws/install/ros2_control_demo_example_8:/home/ws/install/ros2_control_demo_example_7:/home/ws/install/ros2_control_demo_example_6:/home/ws/install/ros2_control_demo_example_15:/home/ws/install/ros2_control_demo_example_13:/home/ws/install/ros2_control_demo_example_5:/home/ws/install/ros2_control_demo_example_4:/home/ws/install/ros2_control_demo_example_3:/home/ws/install/ros2_control_demo_example_2:/home/ws/install/ros2_control_demo_example_14:/home/ws/install/ros2_control_demo_example_12:/home/ws/install/ros2_control_demo_example_11:/home/ws/install/ros2_control_demo_example_10:/home/ws/install/ros2_control_demo_example_1:/opt/ros/humble /usr/bin/cmake --build /home/ws/build/ros2_control_demo_example_3 -- -j12 -l12
[0.199s] Invoking command in '/home/ws/build/ros2_control_demo_example_3': CMAKE_PREFIX_PATH=/home/ws/install/ros2_control_demo_description:/home/ws/install/ros2_control_demos:/home/ws/install/ros2_control_demo_example_9:/home/ws/install/ros2_control_demo_example_8:/home/ws/install/ros2_control_demo_example_7:/home/ws/install/ros2_control_demo_example_6:/home/ws/install/ros2_control_demo_example_15:/home/ws/install/ros2_control_demo_example_13:/home/ws/install/ros2_control_demo_example_5:/home/ws/install/ros2_control_demo_example_4:/home/ws/install/ros2_control_demo_example_3:/home/ws/install/ros2_control_demo_example_2:/home/ws/install/ros2_control_demo_example_14:/home/ws/install/ros2_control_demo_example_12:/home/ws/install/ros2_control_demo_example_11:/home/ws/install/ros2_control_demo_example_10:/home/ws/install/ros2_control_demo_example_1:/opt/ros/humble /usr/bin/cmake --install /home/ws/build/ros2_control_demo_example_3
[0.220s] -- Install configuration: ""
[0.220s] -- Execute custom install script
[0.220s] -- Up-to-date symlink: /home/ws/install/ros2_control_demo_example_3/share/ros2_control_demo_example_3//ros2_control_demo_example_3.xml
[0.220s] -- Up-to-date symlink: /home/ws/install/ros2_control_demo_example_3/include/ros2_control_demo_example_3/ros2_control_demo_example_3/rrbot_system_multi_interface.hpp
[0.220s] -- Up-to-date symlink: /home/ws/install/ros2_control_demo_example_3/share/ros2_control_demo_example_3/launch/view_robot.launch.py
[0.220s] -- Up-to-date symlink: /home/ws/install/ros2_control_demo_example_3/share/ros2_control_demo_example_3/ros2_control/rrbot_system_multi_interface.ros2_control.xacro
[0.220s] -- Up-to-date symlink: /home/ws/install/ros2_control_demo_example_3/share/ros2_control_demo_example_3/urdf/rrbot_system_multi_interface.urdf.xacro
[0.220s] -- Up-to-date symlink: /home/ws/install/ros2_control_demo_example_3/share/ros2_control_demo_example_3/launch/rrbot_system_multi_interface.launch.py
[0.221s] -- Up-to-date symlink: /home/ws/install/ros2_control_demo_example_3/share/ros2_control_demo_example_3/launch/test_forward_position_controller.launch.py
[0.221s] -- Up-to-date symlink: /home/ws/install/ros2_control_demo_example_3/share/ros2_control_demo_example_3/config/rrbot_forward_position_publisher.yaml
[0.221s] -- Up-to-date symlink: /home/ws/install/ros2_control_demo_example_3/share/ros2_control_demo_example_3/config/rrbot_multi_interface_forward_controllers.yaml
[0.221s] -- Up-to-date symlink: /home/ws/install/ros2_control_demo_example_3/share/ros2_control_demo_example_3/environment/library_path.sh
[0.221s] -- Up-to-date symlink: /home/ws/install/ros2_control_demo_example_3/share/ros2_control_demo_example_3/environment/library_path.dsv
[0.221s] -- Up-to-date symlink: /home/ws/install/ros2_control_demo_example_3/share/ament_index/resource_index/package_run_dependencies/ros2_control_demo_example_3
[0.221s] -- Up-to-date symlink: /home/ws/install/ros2_control_demo_example_3/share/ament_index/resource_index/parent_prefix_path/ros2_control_demo_example_3
[0.221s] -- Up-to-date symlink: /home/ws/install/ros2_control_demo_example_3/share/ros2_control_demo_example_3/environment/ament_prefix_path.sh
[0.221s] -- Up-to-date symlink: /home/ws/install/ros2_control_demo_example_3/share/ros2_control_demo_example_3/environment/ament_prefix_path.dsv
[0.221s] -- Up-to-date symlink: /home/ws/install/ros2_control_demo_example_3/share/ros2_control_demo_example_3/environment/path.sh
[0.221s] -- Up-to-date symlink: /home/ws/install/ros2_control_demo_example_3/share/ros2_control_demo_example_3/environment/path.dsv
[0.221s] -- Up-to-date symlink: /home/ws/install/ros2_control_demo_example_3/share/ros2_control_demo_example_3/local_setup.bash
[0.221s] -- Up-to-date symlink: /home/ws/install/ros2_control_demo_example_3/share/ros2_control_demo_example_3/local_setup.sh
[0.221s] -- Up-to-date symlink: /home/ws/install/ros2_control_demo_example_3/share/ros2_control_demo_example_3/local_setup.zsh
[0.221s] -- Up-to-date symlink: /home/ws/install/ros2_control_demo_example_3/share/ros2_control_demo_example_3/local_setup.dsv
[0.221s] -- Symlinking: /home/ws/install/ros2_control_demo_example_3/share/ros2_control_demo_example_3/package.dsv
[0.221s] -- Up-to-date symlink: /home/ws/install/ros2_control_demo_example_3/share/ament_index/resource_index/packages/ros2_control_demo_example_3
[0.222s] -- Up-to-date symlink: /home/ws/install/ros2_control_demo_example_3/share/ament_index/resource_index/hardware_interface__pluginlib__plugin/ros2_control_demo_example_3
[0.222s] -- Up-to-date symlink: /home/ws/install/ros2_control_demo_example_3/share/ros2_control_demo_example_3/cmake/ament_cmake_export_targets-extras.cmake
[0.222s] -- Up-to-date symlink: /home/ws/install/ros2_control_demo_example_3/share/ros2_control_demo_example_3/cmake/ament_cmake_export_dependencies-extras.cmake
[0.222s] -- Up-to-date symlink: /home/ws/install/ros2_control_demo_example_3/share/ros2_control_demo_example_3/cmake/ros2_control_demo_example_3Config.cmake
[0.222s] -- Up-to-date symlink: /home/ws/install/ros2_control_demo_example_3/share/ros2_control_demo_example_3/cmake/ros2_control_demo_example_3Config-version.cmake
[0.222s] -- Up-to-date symlink: /home/ws/install/ros2_control_demo_example_3/share/ros2_control_demo_example_3/package.xml
[0.222s] -- Up-to-date: /home/ws/install/ros2_control_demo_example_3/lib/libros2_control_demo_example_3.so
[0.222s] -- Up-to-date: /home/ws/install/ros2_control_demo_example_3/share/ros2_control_demo_example_3/cmake/export_ros2_control_demo_example_3Export.cmake
[0.222s] -- Up-to-date: /home/ws/install/ros2_control_demo_example_3/share/ros2_control_demo_example_3/cmake/export_ros2_control_demo_example_3Export-noconfig.cmake
[0.297s] Invoked command in '/home/ws/build/ros2_control_demo_example_3' returned '0': CMAKE_PREFIX_PATH=/home/ws/install/ros2_control_demo_description:/home/ws/install/ros2_control_demos:/home/ws/install/ros2_control_demo_example_9:/home/ws/install/ros2_control_demo_example_8:/home/ws/install/ros2_control_demo_example_7:/home/ws/install/ros2_control_demo_example_6:/home/ws/install/ros2_control_demo_example_15:/home/ws/install/ros2_control_demo_example_13:/home/ws/install/ros2_control_demo_example_5:/home/ws/install/ros2_control_demo_example_4:/home/ws/install/ros2_control_demo_example_3:/home/ws/install/ros2_control_demo_example_2:/home/ws/install/ros2_control_demo_example_14:/home/ws/install/ros2_control_demo_example_12:/home/ws/install/ros2_control_demo_example_11:/home/ws/install/ros2_control_demo_example_10:/home/ws/install/ros2_control_demo_example_1:/opt/ros/humble /usr/bin/cmake --install /home/ws/build/ros2_control_demo_example_3
