[0.008s] Invoking command in '/home/ws/src/ros2_control_demos/build/ros2_control_demo_description': CMAKE_PREFIX_PATH=${CMAKE_PREFIX_PATH}:/opt/ros/humble /usr/bin/cmake /home/ws/src/ros2_control_demos/ros2_control_demo_description -DAMENT_CMAKE_SYMLINK_INSTALL=1 -DCMAKE_INSTALL_PREFIX=/home/ws/src/ros2_control_demos/install/ros2_control_demo_description
[0.052s] -- The C compiler identification is GNU 11.4.0
[0.095s] -- The CXX compiler identification is GNU 11.4.0
[0.101s] -- Detecting C compiler ABI info
[0.165s] -- Detecting C compiler ABI info - done
[0.170s] -- Check for working C compiler: /usr/bin/cc - skipped
[0.171s] -- Detecting C compile features
[0.171s] -- Detecting C compile features - done
[0.173s] -- Detecting CXX compiler ABI info
[0.268s] -- Detecting CXX compiler ABI info - done
[0.275s] -- Check for working CXX compiler: /usr/bin/c++ - skipped
[0.275s] -- Detecting CXX compile features
[0.276s] -- Detecting CXX compile features - done
[0.277s] -- Found ament_cmake: 1.3.12 (/opt/ros/humble/share/ament_cmake/cmake)
[0.398s] -- Found Python3: /usr/bin/python3 (found version "3.10.12") found components: Interpreter 
[0.467s] -- Override CMake install command with custom implementation using symlinks instead of copying resources
[0.532s] -- Configuring done
[0.536s] -- Generating done
[0.536s] -- Build files have been written to: /home/ws/src/ros2_control_demos/build/ros2_control_demo_description
[0.541s] Invoked command in '/home/ws/src/ros2_control_demos/build/ros2_control_demo_description' returned '0': CMAKE_PREFIX_PATH=${CMAKE_PREFIX_PATH}:/opt/ros/humble /usr/bin/cmake /home/ws/src/ros2_control_demos/ros2_control_demo_description -DAMENT_CMAKE_SYMLINK_INSTALL=1 -DCMAKE_INSTALL_PREFIX=/home/ws/src/ros2_control_demos/install/ros2_control_demo_description
[0.542s] Invoking command in '/home/ws/src/ros2_control_demos/build/ros2_control_demo_description': CMAKE_PREFIX_PATH=${CMAKE_PREFIX_PATH}:/opt/ros/humble /usr/bin/cmake --build /home/ws/src/ros2_control_demos/build/ros2_control_demo_description -- -j12 -l12
[0.572s] Invoked command in '/home/ws/src/ros2_control_demos/build/ros2_control_demo_description' returned '0': CMAKE_PREFIX_PATH=${CMAKE_PREFIX_PATH}:/opt/ros/humble /usr/bin/cmake --build /home/ws/src/ros2_control_demos/build/ros2_control_demo_description -- -j12 -l12
[0.580s] Invoking command in '/home/ws/src/ros2_control_demos/build/ros2_control_demo_description': CMAKE_PREFIX_PATH=${CMAKE_PREFIX_PATH}:/opt/ros/humble /usr/bin/cmake --install /home/ws/src/ros2_control_demos/build/ros2_control_demo_description
[0.586s] -- Install configuration: ""
[0.587s] -- Execute custom install script
[0.587s] -- Symlinking: /home/ws/src/ros2_control_demos/install/ros2_control_demo_description/share/ros2_control_demo_description/rrbot/urdf/rrbot.materials.xacro
[0.594s] -- Symlinking: /home/ws/src/ros2_control_demos/install/ros2_control_demo_description/share/ros2_control_demo_description/rrbot/urdf/rrbot_description.urdf.xacro
[0.600s] -- Symlinking: /home/ws/src/ros2_control_demos/install/ros2_control_demo_description/share/ros2_control_demo_description/rrbot/rviz/rrbot.rviz
[0.607s] -- Symlinking: /home/ws/src/ros2_control_demos/install/ros2_control_demo_description/share/ros2_control_demo_description/diffbot/urdf/diffbot.materials.xacro
[0.617s] -- Symlinking: /home/ws/src/ros2_control_demos/install/ros2_control_demo_description/share/ros2_control_demo_description/diffbot/urdf/diffbot_description.urdf.xacro
[0.627s] -- Symlinking: /home/ws/src/ros2_control_demos/install/ros2_control_demo_description/share/ros2_control_demo_description/diffbot/rviz/diffbot.rviz
[0.635s] -- Symlinking: /home/ws/src/ros2_control_demos/install/ros2_control_demo_description/share/ros2_control_demo_description/diffbot/rviz/diffbot_view.rviz
[0.642s] -- Symlinking: /home/ws/src/ros2_control_demos/install/ros2_control_demo_description/share/ros2_control_demo_description/carlikebot/urdf/carlikebot.materials.xacro
[0.648s] -- Symlinking: /home/ws/src/ros2_control_demos/install/ros2_control_demo_description/share/ros2_control_demo_description/carlikebot/urdf/carlikebot_description.urdf.xacro
[0.654s] -- Symlinking: /home/ws/src/ros2_control_demos/install/ros2_control_demo_description/share/ros2_control_demo_description/carlikebot/rviz/carlikebot.rviz
[0.660s] -- Symlinking: /home/ws/src/ros2_control_demos/install/ros2_control_demo_description/share/ros2_control_demo_description/carlikebot/rviz/carlikebot_view.rviz
[0.666s] -- Symlinking: /home/ws/src/ros2_control_demos/install/ros2_control_demo_description/share/ros2_control_demo_description/r3bot/urdf/threedofbot_description.urdf.xacro
[0.672s] -- Symlinking: /home/ws/src/ros2_control_demos/install/ros2_control_demo_description/share/ros2_control_demo_description/r6bot/meshes/collision/link_0.stl
[0.679s] -- Symlinking: /home/ws/src/ros2_control_demos/install/ros2_control_demo_description/share/ros2_control_demo_description/r6bot/meshes/collision/link_1.stl
[0.687s] -- Symlinking: /home/ws/src/ros2_control_demos/install/ros2_control_demo_description/share/ros2_control_demo_description/r6bot/meshes/collision/link_2.stl
[0.694s] -- Symlinking: /home/ws/src/ros2_control_demos/install/ros2_control_demo_description/share/ros2_control_demo_description/r6bot/meshes/collision/link_3.stl
[0.700s] -- Symlinking: /home/ws/src/ros2_control_demos/install/ros2_control_demo_description/share/ros2_control_demo_description/r6bot/meshes/collision/link_4.stl
[0.706s] -- Symlinking: /home/ws/src/ros2_control_demos/install/ros2_control_demo_description/share/ros2_control_demo_description/r6bot/meshes/collision/link_5.stl
[0.713s] -- Symlinking: /home/ws/src/ros2_control_demos/install/ros2_control_demo_description/share/ros2_control_demo_description/r6bot/meshes/collision/link_6.stl
[0.728s] -- Symlinking: /home/ws/src/ros2_control_demos/install/ros2_control_demo_description/share/ros2_control_demo_description/r6bot/meshes/visual/link_0.dae
[0.744s] -- Symlinking: /home/ws/src/ros2_control_demos/install/ros2_control_demo_description/share/ros2_control_demo_description/r6bot/meshes/visual/link_1.dae
[0.752s] -- Symlinking: /home/ws/src/ros2_control_demos/install/ros2_control_demo_description/share/ros2_control_demo_description/r6bot/meshes/visual/link_2.dae
[0.760s] -- Symlinking: /home/ws/src/ros2_control_demos/install/ros2_control_demo_description/share/ros2_control_demo_description/r6bot/meshes/visual/link_3.dae
[0.766s] -- Symlinking: /home/ws/src/ros2_control_demos/install/ros2_control_demo_description/share/ros2_control_demo_description/r6bot/meshes/visual/link_4.dae
[0.772s] -- Symlinking: /home/ws/src/ros2_control_demos/install/ros2_control_demo_description/share/ros2_control_demo_description/r6bot/meshes/visual/link_5.dae
[0.779s] -- Symlinking: /home/ws/src/ros2_control_demos/install/ros2_control_demo_description/share/ros2_control_demo_description/r6bot/meshes/visual/link_6.dae
[0.786s] -- Symlinking: /home/ws/src/ros2_control_demos/install/ros2_control_demo_description/share/ros2_control_demo_description/r6bot/srdf/r6bot.srdf
[0.792s] -- Symlinking: /home/ws/src/ros2_control_demos/install/ros2_control_demo_description/share/ros2_control_demo_description/r6bot/urdf/inc/create_link.xacro
[0.799s] -- Symlinking: /home/ws/src/ros2_control_demos/install/ros2_control_demo_description/share/ros2_control_demo_description/r6bot/urdf/r6bot_description.urdf.xacro
[0.807s] -- Symlinking: /home/ws/src/ros2_control_demos/install/ros2_control_demo_description/share/ros2_control_demo_description/r6bot/rviz/view_robot.rviz
[0.818s] -- Symlinking: /home/ws/src/ros2_control_demos/install/ros2_control_demo_description/share/ament_index/resource_index/package_run_dependencies/ros2_control_demo_description
[0.838s] -- Symlinking: /home/ws/src/ros2_control_demos/install/ros2_control_demo_description/share/ament_index/resource_index/parent_prefix_path/ros2_control_demo_description
[0.852s] -- Symlinking: /home/ws/src/ros2_control_demos/install/ros2_control_demo_description/share/ros2_control_demo_description/environment/ament_prefix_path.sh
[0.859s] -- Symlinking: /home/ws/src/ros2_control_demos/install/ros2_control_demo_description/share/ros2_control_demo_description/environment/ament_prefix_path.dsv
[0.866s] -- Symlinking: /home/ws/src/ros2_control_demos/install/ros2_control_demo_description/share/ros2_control_demo_description/environment/path.sh
[0.874s] -- Symlinking: /home/ws/src/ros2_control_demos/install/ros2_control_demo_description/share/ros2_control_demo_description/environment/path.dsv
[0.884s] -- Symlinking: /home/ws/src/ros2_control_demos/install/ros2_control_demo_description/share/ros2_control_demo_description/local_setup.bash
[0.893s] -- Symlinking: /home/ws/src/ros2_control_demos/install/ros2_control_demo_description/share/ros2_control_demo_description/local_setup.sh
[0.903s] -- Symlinking: /home/ws/src/ros2_control_demos/install/ros2_control_demo_description/share/ros2_control_demo_description/local_setup.zsh
[0.912s] -- Symlinking: /home/ws/src/ros2_control_demos/install/ros2_control_demo_description/share/ros2_control_demo_description/local_setup.dsv
[0.927s] -- Symlinking: /home/ws/src/ros2_control_demos/install/ros2_control_demo_description/share/ros2_control_demo_description/package.dsv
[0.947s] -- Symlinking: /home/ws/src/ros2_control_demos/install/ros2_control_demo_description/share/ament_index/resource_index/packages/ros2_control_demo_description
[0.965s] -- Symlinking: /home/ws/src/ros2_control_demos/install/ros2_control_demo_description/share/ros2_control_demo_description/cmake/ros2_control_demo_descriptionConfig.cmake
[0.972s] -- Symlinking: /home/ws/src/ros2_control_demos/install/ros2_control_demo_description/share/ros2_control_demo_description/cmake/ros2_control_demo_descriptionConfig-version.cmake
[0.980s] -- Symlinking: /home/ws/src/ros2_control_demos/install/ros2_control_demo_description/share/ros2_control_demo_description/package.xml
[0.990s] Invoked command in '/home/ws/src/ros2_control_demos/build/ros2_control_demo_description' returned '0': CMAKE_PREFIX_PATH=${CMAKE_PREFIX_PATH}:/opt/ros/humble /usr/bin/cmake --install /home/ws/src/ros2_control_demos/build/ros2_control_demo_description
