[0.109s] Invoking command in '/home/ws/build/ros2_control_demo_example_13': CMAKE_PREFIX_PATH=/home/ws/install/ros2_control_demo_example_5:/home/ws/install/ros2_control_demo_example_4:/home/ws/install/ros2_control_demo_description:/home/ws/install/ros2_control_demos:/home/ws/install/ros2_control_demo_example_9:/home/ws/install/ros2_control_demo_example_8:/home/ws/install/ros2_control_demo_example_7:/home/ws/install/ros2_control_demo_example_6:/home/ws/install/ros2_control_demo_example_15:/home/ws/install/ros2_control_demo_example_13:/home/ws/install/ros2_control_demo_example_3:/home/ws/install/ros2_control_demo_example_2:/home/ws/install/ros2_control_demo_example_14:/home/ws/install/ros2_control_demo_example_12:/home/ws/install/ros2_control_demo_example_11:/home/ws/install/ros2_control_demo_example_10:/home/ws/install/ros2_control_demo_example_1:/opt/ros/humble LD_LIBRARY_PATH=/home/ws/install/ros2_control_demo_example_5/lib:/home/ws/install/ros2_control_demo_example_4/lib:/home/ws/install/ros2_control_demo_example_9/lib:/home/ws/install/ros2_control_demo_example_8/lib:/home/ws/install/ros2_control_demo_example_7/lib:/home/ws/install/ros2_control_demo_example_6/lib:/home/ws/install/ros2_control_demo_example_3/lib:/home/ws/install/ros2_control_demo_example_2/lib:/home/ws/install/ros2_control_demo_example_14/lib:/home/ws/install/ros2_control_demo_example_12/lib:/home/ws/install/ros2_control_demo_example_11/lib:/home/ws/install/ros2_control_demo_example_10/lib:/home/ws/install/ros2_control_demo_example_1/lib:/opt/ros/humble/lib/x86_64-linux-gnu:/opt/ros/humble/lib /usr/bin/cmake --build /home/ws/build/ros2_control_demo_example_13 -- -j12 -l12
[0.143s] -- Found ament_cmake: 1.3.12 (/opt/ros/humble/share/ament_cmake/cmake)
[0.266s] -- Override CMake install command with custom implementation using symlinks instead of copying resources
[0.273s] -- Found ament_cmake_ros: 0.10.0 (/opt/ros/humble/share/ament_cmake_ros/cmake)
[0.274s] -- Found launch_testing_ament_cmake: 1.0.10 (/opt/ros/humble/share/launch_testing_ament_cmake/cmake)
[0.275s] -- Found python_cmake_module: 0.10.0 (/opt/ros/humble/share/python_cmake_module/cmake)
[0.291s] -- Using PYTHON_EXECUTABLE: /usr/bin/python3
[0.291s] -- Using PYTHON_INCLUDE_DIRS: /usr/include/python3.10
[0.292s] -- Using PYTHON_LIBRARIES: /usr/lib/x86_64-linux-gnu/libpython3.10.so
[0.647s] -- Configuring done
[0.649s] -- Generating done
[0.651s] -- Build files have been written to: /home/ws/build/ros2_control_demo_example_13
[0.672s] Invoked command in '/home/ws/build/ros2_control_demo_example_13' returned '0': CMAKE_PREFIX_PATH=/home/ws/install/ros2_control_demo_example_5:/home/ws/install/ros2_control_demo_example_4:/home/ws/install/ros2_control_demo_description:/home/ws/install/ros2_control_demos:/home/ws/install/ros2_control_demo_example_9:/home/ws/install/ros2_control_demo_example_8:/home/ws/install/ros2_control_demo_example_7:/home/ws/install/ros2_control_demo_example_6:/home/ws/install/ros2_control_demo_example_15:/home/ws/install/ros2_control_demo_example_13:/home/ws/install/ros2_control_demo_example_3:/home/ws/install/ros2_control_demo_example_2:/home/ws/install/ros2_control_demo_example_14:/home/ws/install/ros2_control_demo_example_12:/home/ws/install/ros2_control_demo_example_11:/home/ws/install/ros2_control_demo_example_10:/home/ws/install/ros2_control_demo_example_1:/opt/ros/humble LD_LIBRARY_PATH=/home/ws/install/ros2_control_demo_example_5/lib:/home/ws/install/ros2_control_demo_example_4/lib:/home/ws/install/ros2_control_demo_example_9/lib:/home/ws/install/ros2_control_demo_example_8/lib:/home/ws/install/ros2_control_demo_example_7/lib:/home/ws/install/ros2_control_demo_example_6/lib:/home/ws/install/ros2_control_demo_example_3/lib:/home/ws/install/ros2_control_demo_example_2/lib:/home/ws/install/ros2_control_demo_example_14/lib:/home/ws/install/ros2_control_demo_example_12/lib:/home/ws/install/ros2_control_demo_example_11/lib:/home/ws/install/ros2_control_demo_example_10/lib:/home/ws/install/ros2_control_demo_example_1/lib:/opt/ros/humble/lib/x86_64-linux-gnu:/opt/ros/humble/lib /usr/bin/cmake --build /home/ws/build/ros2_control_demo_example_13 -- -j12 -l12
[0.674s] Invoking command in '/home/ws/build/ros2_control_demo_example_13': CMAKE_PREFIX_PATH=/home/ws/install/ros2_control_demo_example_5:/home/ws/install/ros2_control_demo_example_4:/home/ws/install/ros2_control_demo_description:/home/ws/install/ros2_control_demos:/home/ws/install/ros2_control_demo_example_9:/home/ws/install/ros2_control_demo_example_8:/home/ws/install/ros2_control_demo_example_7:/home/ws/install/ros2_control_demo_example_6:/home/ws/install/ros2_control_demo_example_15:/home/ws/install/ros2_control_demo_example_13:/home/ws/install/ros2_control_demo_example_3:/home/ws/install/ros2_control_demo_example_2:/home/ws/install/ros2_control_demo_example_14:/home/ws/install/ros2_control_demo_example_12:/home/ws/install/ros2_control_demo_example_11:/home/ws/install/ros2_control_demo_example_10:/home/ws/install/ros2_control_demo_example_1:/opt/ros/humble LD_LIBRARY_PATH=/home/ws/install/ros2_control_demo_example_5/lib:/home/ws/install/ros2_control_demo_example_4/lib:/home/ws/install/ros2_control_demo_example_9/lib:/home/ws/install/ros2_control_demo_example_8/lib:/home/ws/install/ros2_control_demo_example_7/lib:/home/ws/install/ros2_control_demo_example_6/lib:/home/ws/install/ros2_control_demo_example_3/lib:/home/ws/install/ros2_control_demo_example_2/lib:/home/ws/install/ros2_control_demo_example_14/lib:/home/ws/install/ros2_control_demo_example_12/lib:/home/ws/install/ros2_control_demo_example_11/lib:/home/ws/install/ros2_control_demo_example_10/lib:/home/ws/install/ros2_control_demo_example_1/lib:/opt/ros/humble/lib/x86_64-linux-gnu:/opt/ros/humble/lib /usr/bin/cmake --install /home/ws/build/ros2_control_demo_example_13
[0.680s] -- Install configuration: ""
[0.680s] -- Execute custom install script
[0.681s] -- Up-to-date symlink: /home/ws/install/ros2_control_demo_example_13/share/ros2_control_demo_example_13/ros2_control/threedofbot.ros2_control.xacro
[0.681s] -- Up-to-date symlink: /home/ws/install/ros2_control_demo_example_13/share/ros2_control_demo_example_13/urdf/three_robots.urdf.xacro
[0.681s] -- Up-to-date symlink: /home/ws/install/ros2_control_demo_example_13/share/ros2_control_demo_example_13/rviz/three_robots.rviz
[0.681s] -- Up-to-date symlink: /home/ws/install/ros2_control_demo_example_13/share/ros2_control_demo_example_13/launch/three_robots.launch.py
[0.681s] -- Up-to-date symlink: /home/ws/install/ros2_control_demo_example_13/share/ros2_control_demo_example_13/config/three_robots_controllers.yaml
[0.681s] -- Up-to-date symlink: /home/ws/install/ros2_control_demo_example_13/share/ros2_control_demo_example_13/config/three_robots_position_command_publishers.yaml
[0.681s] -- Up-to-date symlink: /home/ws/install/ros2_control_demo_example_13/share/ament_index/resource_index/package_run_dependencies/ros2_control_demo_example_13
[0.681s] -- Up-to-date symlink: /home/ws/install/ros2_control_demo_example_13/share/ament_index/resource_index/parent_prefix_path/ros2_control_demo_example_13
[0.681s] -- Up-to-date symlink: /home/ws/install/ros2_control_demo_example_13/share/ros2_control_demo_example_13/environment/ament_prefix_path.sh
[0.682s] -- Up-to-date symlink: /home/ws/install/ros2_control_demo_example_13/share/ros2_control_demo_example_13/environment/ament_prefix_path.dsv
[0.682s] -- Up-to-date symlink: /home/ws/install/ros2_control_demo_example_13/share/ros2_control_demo_example_13/environment/path.sh
[0.682s] -- Up-to-date symlink: /home/ws/install/ros2_control_demo_example_13/share/ros2_control_demo_example_13/environment/path.dsv
[0.682s] -- Up-to-date symlink: /home/ws/install/ros2_control_demo_example_13/share/ros2_control_demo_example_13/local_setup.bash
[0.682s] -- Up-to-date symlink: /home/ws/install/ros2_control_demo_example_13/share/ros2_control_demo_example_13/local_setup.sh
[0.682s] -- Up-to-date symlink: /home/ws/install/ros2_control_demo_example_13/share/ros2_control_demo_example_13/local_setup.zsh
[0.682s] -- Up-to-date symlink: /home/ws/install/ros2_control_demo_example_13/share/ros2_control_demo_example_13/local_setup.dsv
[0.682s] -- Symlinking: /home/ws/install/ros2_control_demo_example_13/share/ros2_control_demo_example_13/package.dsv
[0.690s] -- Up-to-date symlink: /home/ws/install/ros2_control_demo_example_13/share/ament_index/resource_index/packages/ros2_control_demo_example_13
[0.690s] -- Up-to-date symlink: /home/ws/install/ros2_control_demo_example_13/share/ros2_control_demo_example_13/cmake/ros2_control_demo_example_13Config.cmake
[0.690s] -- Up-to-date symlink: /home/ws/install/ros2_control_demo_example_13/share/ros2_control_demo_example_13/cmake/ros2_control_demo_example_13Config-version.cmake
[0.690s] -- Up-to-date symlink: /home/ws/install/ros2_control_demo_example_13/share/ros2_control_demo_example_13/package.xml
[0.693s] Invoked command in '/home/ws/build/ros2_control_demo_example_13' returned '0': CMAKE_PREFIX_PATH=/home/ws/install/ros2_control_demo_example_5:/home/ws/install/ros2_control_demo_example_4:/home/ws/install/ros2_control_demo_description:/home/ws/install/ros2_control_demos:/home/ws/install/ros2_control_demo_example_9:/home/ws/install/ros2_control_demo_example_8:/home/ws/install/ros2_control_demo_example_7:/home/ws/install/ros2_control_demo_example_6:/home/ws/install/ros2_control_demo_example_15:/home/ws/install/ros2_control_demo_example_13:/home/ws/install/ros2_control_demo_example_3:/home/ws/install/ros2_control_demo_example_2:/home/ws/install/ros2_control_demo_example_14:/home/ws/install/ros2_control_demo_example_12:/home/ws/install/ros2_control_demo_example_11:/home/ws/install/ros2_control_demo_example_10:/home/ws/install/ros2_control_demo_example_1:/opt/ros/humble LD_LIBRARY_PATH=/home/ws/install/ros2_control_demo_example_5/lib:/home/ws/install/ros2_control_demo_example_4/lib:/home/ws/install/ros2_control_demo_example_9/lib:/home/ws/install/ros2_control_demo_example_8/lib:/home/ws/install/ros2_control_demo_example_7/lib:/home/ws/install/ros2_control_demo_example_6/lib:/home/ws/install/ros2_control_demo_example_3/lib:/home/ws/install/ros2_control_demo_example_2/lib:/home/ws/install/ros2_control_demo_example_14/lib:/home/ws/install/ros2_control_demo_example_12/lib:/home/ws/install/ros2_control_demo_example_11/lib:/home/ws/install/ros2_control_demo_example_10/lib:/home/ws/install/ros2_control_demo_example_1/lib:/opt/ros/humble/lib/x86_64-linux-gnu:/opt/ros/humble/lib /usr/bin/cmake --install /home/ws/build/ros2_control_demo_example_13
