[0.035s] Invoking command in '/home/ws/build/ros2_control_demo_example_4': AMENT_PREFIX_PATH=/home/ws/install/ros2_control_demo_description:${AMENT_PREFIX_PATH} CMAKE_PREFIX_PATH=/home/ws/install/ros2_control_demo_description:/opt/ros/humble /usr/bin/cmake /home/ws/src/ros2_control_demos/example_4 -DAMENT_CMAKE_SYMLINK_INSTALL=1 -DCMAKE_INSTALL_PREFIX=/home/ws/install/ros2_control_demo_example_4
[0.125s] -- The CXX compiler identification is GNU 11.4.0
[0.138s] -- Detecting CXX compiler ABI info
[0.316s] -- Detecting CXX compiler ABI info - done
[0.330s] -- Check for working CXX compiler: /usr/bin/c++ - skipped
[0.331s] -- Detecting CXX compile features
[0.332s] -- Detecting CXX compile features - done
[0.343s] -- Found ament_cmake: 1.3.12 (/opt/ros/humble/share/ament_cmake/cmake)
[0.636s] -- Found Python3: /usr/bin/python3 (found version "3.10.12") found components: Interpreter 
[0.707s] -- Override CMake install command with custom implementation using symlinks instead of copying resources
[0.759s] -- Found hardware_interface: 2.51.0 (/opt/ros/humble/share/hardware_interface/cmake)
[0.820s] -- Found rosidl_generator_c: 3.1.7 (/opt/ros/humble/share/rosidl_generator_c/cmake)
[0.826s] -- Found rosidl_adapter: 3.1.7 (/opt/ros/humble/share/rosidl_adapter/cmake)
[0.834s] -- Found rosidl_generator_cpp: 3.1.7 (/opt/ros/humble/share/rosidl_generator_cpp/cmake)
[0.854s] -- Using all available rosidl_typesupport_c: rosidl_typesupport_fastrtps_c;rosidl_typesupport_introspection_c
[0.868s] -- Using all available rosidl_typesupport_cpp: rosidl_typesupport_fastrtps_cpp;rosidl_typesupport_introspection_cpp
[1.158s] -- Found rmw_implementation_cmake: 6.1.2 (/opt/ros/humble/share/rmw_implementation_cmake/cmake)
[1.163s] -- Found rmw_fastrtps_cpp: 6.2.8 (/opt/ros/humble/share/rmw_fastrtps_cpp/cmake)
[1.195s] -- Found TinyXML2 via Config file: TinyXML2_DIR-NOTFOUND
[1.362s] -- Found OpenSSL: /usr/lib/x86_64-linux-gnu/libcrypto.so (found version "3.0.2")  
[1.366s] -- Found TinyXML2 via Config file: TinyXML2_DIR-NOTFOUND
[1.385s] -- Found FastRTPS: /opt/ros/humble/include  
[1.389s] -- Found TinyXML2 via Config file: TinyXML2_DIR-NOTFOUND
[1.401s] -- Found TinyXML2 via Config file: TinyXML2_DIR-NOTFOUND
[1.420s] -- Using RMW implementation 'rmw_fastrtps_cpp' as default
[1.431s] -- Looking for C++ include pthread.h
[1.623s] -- Looking for C++ include pthread.h - found
[1.623s] -- Performing Test CMAKE_HAVE_LIBC_PTHREAD
[1.779s] -- Performing Test CMAKE_HAVE_LIBC_PTHREAD - Success
[1.781s] -- Found Threads: TRUE  
[1.866s] -- Found ament_cmake_pytest: 1.3.12 (/opt/ros/humble/share/ament_cmake_pytest/cmake)
[3.186s] -- Configuring done
[3.233s] -- Generating done
[3.239s] -- Build files have been written to: /home/ws/build/ros2_control_demo_example_4
[3.265s] Invoked command in '/home/ws/build/ros2_control_demo_example_4' returned '0': AMENT_PREFIX_PATH=/home/ws/install/ros2_control_demo_description:${AMENT_PREFIX_PATH} CMAKE_PREFIX_PATH=/home/ws/install/ros2_control_demo_description:/opt/ros/humble /usr/bin/cmake /home/ws/src/ros2_control_demos/example_4 -DAMENT_CMAKE_SYMLINK_INSTALL=1 -DCMAKE_INSTALL_PREFIX=/home/ws/install/ros2_control_demo_example_4
[3.265s] Invoking command in '/home/ws/build/ros2_control_demo_example_4': AMENT_PREFIX_PATH=/home/ws/install/ros2_control_demo_description:${AMENT_PREFIX_PATH} CMAKE_PREFIX_PATH=/home/ws/install/ros2_control_demo_description:/opt/ros/humble /usr/bin/cmake --build /home/ws/build/ros2_control_demo_example_4 -- -j12 -l12
[3.469s] [ 50%] [32mBuilding CXX object CMakeFiles/ros2_control_demo_example_4.dir/hardware/rrbot_system_with_sensor.cpp.o[0m
[11.074s] [100%] [32m[1mLinking CXX shared library libros2_control_demo_example_4.so[0m
[11.410s] [100%] Built target ros2_control_demo_example_4
[11.483s] Invoked command in '/home/ws/build/ros2_control_demo_example_4' returned '0': AMENT_PREFIX_PATH=/home/ws/install/ros2_control_demo_description:${AMENT_PREFIX_PATH} CMAKE_PREFIX_PATH=/home/ws/install/ros2_control_demo_description:/opt/ros/humble /usr/bin/cmake --build /home/ws/build/ros2_control_demo_example_4 -- -j12 -l12
[11.487s] Invoking command in '/home/ws/build/ros2_control_demo_example_4': AMENT_PREFIX_PATH=/home/ws/install/ros2_control_demo_description:${AMENT_PREFIX_PATH} CMAKE_PREFIX_PATH=/home/ws/install/ros2_control_demo_description:/opt/ros/humble /usr/bin/cmake --install /home/ws/build/ros2_control_demo_example_4
[11.524s] -- Install configuration: ""
[11.524s] -- Execute custom install script
[11.525s] -- Symlinking: /home/ws/install/ros2_control_demo_example_4/share/ros2_control_demo_example_4//ros2_control_demo_example_4.xml
[11.525s] -- Symlinking: /home/ws/install/ros2_control_demo_example_4/include/ros2_control_demo_example_4/ros2_control_demo_example_4/rrbot_system_with_sensor.hpp
[11.525s] -- Symlinking: /home/ws/install/ros2_control_demo_example_4/share/ros2_control_demo_example_4/launch/view_robot.launch.py
[11.530s] -- Symlinking: /home/ws/install/ros2_control_demo_example_4/share/ros2_control_demo_example_4/ros2_control/rrbot_system_with_sensor.ros2_control.xacro
[11.540s] -- Symlinking: /home/ws/install/ros2_control_demo_example_4/share/ros2_control_demo_example_4/urdf/rrbot_system_with_sensor.urdf.xacro
[11.554s] -- Symlinking: /home/ws/install/ros2_control_demo_example_4/share/ros2_control_demo_example_4/rviz/rrbot.rviz
[11.584s] -- Symlinking: /home/ws/install/ros2_control_demo_example_4/share/ros2_control_demo_example_4/launch/rrbot_system_with_sensor.launch.py
[11.595s] -- Symlinking: /home/ws/install/ros2_control_demo_example_4/share/ros2_control_demo_example_4/launch/test_forward_position_controller.launch.py
[11.624s] -- Symlinking: /home/ws/install/ros2_control_demo_example_4/share/ros2_control_demo_example_4/config/rrbot_forward_position_publisher.yaml
[11.632s] -- Symlinking: /home/ws/install/ros2_control_demo_example_4/share/ros2_control_demo_example_4/config/rrbot_with_sensor_controllers.yaml
[11.657s] -- Symlinking: /home/ws/install/ros2_control_demo_example_4/share/ros2_control_demo_example_4/environment/library_path.sh
[11.676s] -- Symlinking: /home/ws/install/ros2_control_demo_example_4/share/ros2_control_demo_example_4/environment/library_path.dsv
[11.677s] -- Symlinking: /home/ws/install/ros2_control_demo_example_4/share/ament_index/resource_index/package_run_dependencies/ros2_control_demo_example_4
[11.684s] -- Symlinking: /home/ws/install/ros2_control_demo_example_4/share/ament_index/resource_index/parent_prefix_path/ros2_control_demo_example_4
[11.698s] -- Symlinking: /home/ws/install/ros2_control_demo_example_4/share/ros2_control_demo_example_4/environment/ament_prefix_path.sh
[11.713s] -- Symlinking: /home/ws/install/ros2_control_demo_example_4/share/ros2_control_demo_example_4/environment/ament_prefix_path.dsv
[11.723s] -- Symlinking: /home/ws/install/ros2_control_demo_example_4/share/ros2_control_demo_example_4/environment/path.sh
[11.732s] -- Symlinking: /home/ws/install/ros2_control_demo_example_4/share/ros2_control_demo_example_4/environment/path.dsv
[11.742s] -- Symlinking: /home/ws/install/ros2_control_demo_example_4/share/ros2_control_demo_example_4/local_setup.bash
[11.751s] -- Symlinking: /home/ws/install/ros2_control_demo_example_4/share/ros2_control_demo_example_4/local_setup.sh
[11.761s] -- Symlinking: /home/ws/install/ros2_control_demo_example_4/share/ros2_control_demo_example_4/local_setup.zsh
[11.771s] -- Symlinking: /home/ws/install/ros2_control_demo_example_4/share/ros2_control_demo_example_4/local_setup.dsv
[11.782s] -- Symlinking: /home/ws/install/ros2_control_demo_example_4/share/ros2_control_demo_example_4/package.dsv
[11.797s] -- Symlinking: /home/ws/install/ros2_control_demo_example_4/share/ament_index/resource_index/packages/ros2_control_demo_example_4
[11.816s] -- Symlinking: /home/ws/install/ros2_control_demo_example_4/share/ament_index/resource_index/hardware_interface__pluginlib__plugin/ros2_control_demo_example_4
[11.826s] -- Symlinking: /home/ws/install/ros2_control_demo_example_4/share/ros2_control_demo_example_4/cmake/ament_cmake_export_targets-extras.cmake
[11.836s] -- Symlinking: /home/ws/install/ros2_control_demo_example_4/share/ros2_control_demo_example_4/cmake/ament_cmake_export_dependencies-extras.cmake
[11.844s] -- Symlinking: /home/ws/install/ros2_control_demo_example_4/share/ros2_control_demo_example_4/cmake/ros2_control_demo_example_4Config.cmake
[11.861s] -- Symlinking: /home/ws/install/ros2_control_demo_example_4/share/ros2_control_demo_example_4/cmake/ros2_control_demo_example_4Config-version.cmake
[11.878s] -- Symlinking: /home/ws/install/ros2_control_demo_example_4/share/ros2_control_demo_example_4/package.xml
[11.894s] -- Installing: /home/ws/install/ros2_control_demo_example_4/lib/libros2_control_demo_example_4.so
[11.894s] -- Set runtime path of "/home/ws/install/ros2_control_demo_example_4/lib/libros2_control_demo_example_4.so" to ""
[11.894s] -- Installing: /home/ws/install/ros2_control_demo_example_4/share/ros2_control_demo_example_4/cmake/export_ros2_control_demo_example_4Export.cmake
[11.894s] -- Installing: /home/ws/install/ros2_control_demo_example_4/share/ros2_control_demo_example_4/cmake/export_ros2_control_demo_example_4Export-noconfig.cmake
[11.898s] Invoked command in '/home/ws/build/ros2_control_demo_example_4' returned '0': AMENT_PREFIX_PATH=/home/ws/install/ros2_control_demo_description:${AMENT_PREFIX_PATH} CMAKE_PREFIX_PATH=/home/ws/install/ros2_control_demo_description:/opt/ros/humble /usr/bin/cmake --install /home/ws/build/ros2_control_demo_example_4
