[0.021s] Invoking command in '/home/ws/build/ros2_control_demo_example_15': AMENT_PREFIX_PATH=/home/ws/install/ros2_control_demo_example_5:/home/ws/install/ros2_control_demo_example_1:/home/ws/install/ros2_control_demo_description:${AMENT_PREFIX_PATH} CMAKE_PREFIX_PATH=/home/ws/install/ros2_control_demo_example_5:/home/ws/install/ros2_control_demo_example_1:/home/ws/install/ros2_control_demo_description:/opt/ros/humble LD_LIBRARY_PATH=/home/ws/install/ros2_control_demo_example_5/lib:/home/ws/install/ros2_control_demo_example_1/lib:${LD_LIBRARY_PATH} /usr/bin/cmake /home/ws/src/ros2_control_demos/example_15 -DAMENT_CMAKE_SYMLINK_INSTALL=1 -DCMAKE_INSTALL_PREFIX=/home/ws/install/ros2_control_demo_example_15
[0.080s] -- The CXX compiler identification is GNU 11.4.0
[0.086s] -- Detecting CXX compiler ABI info
[0.157s] -- Detecting CXX compiler ABI info - done
[0.166s] -- Check for working CXX compiler: /usr/bin/c++ - skipped
[0.166s] -- Detecting CXX compile features
[0.167s] -- Detecting CXX compile features - done
[0.170s] -- Found ament_cmake: 1.3.12 (/opt/ros/humble/share/ament_cmake/cmake)
[0.301s] -- Found Python3: /usr/bin/python3 (found version "3.10.12") found components: Interpreter 
[0.375s] -- Override CMake install command with custom implementation using symlinks instead of copying resources
[0.416s] -- Found ament_cmake_pytest: 1.3.12 (/opt/ros/humble/share/ament_cmake_pytest/cmake)
[1.362s] -- Configuring done
[1.364s] -- Generating done
[1.366s] -- Build files have been written to: /home/ws/build/ros2_control_demo_example_15
[1.369s] Invoked command in '/home/ws/build/ros2_control_demo_example_15' returned '0': AMENT_PREFIX_PATH=/home/ws/install/ros2_control_demo_example_5:/home/ws/install/ros2_control_demo_example_1:/home/ws/install/ros2_control_demo_description:${AMENT_PREFIX_PATH} CMAKE_PREFIX_PATH=/home/ws/install/ros2_control_demo_example_5:/home/ws/install/ros2_control_demo_example_1:/home/ws/install/ros2_control_demo_description:/opt/ros/humble LD_LIBRARY_PATH=/home/ws/install/ros2_control_demo_example_5/lib:/home/ws/install/ros2_control_demo_example_1/lib:${LD_LIBRARY_PATH} /usr/bin/cmake /home/ws/src/ros2_control_demos/example_15 -DAMENT_CMAKE_SYMLINK_INSTALL=1 -DCMAKE_INSTALL_PREFIX=/home/ws/install/ros2_control_demo_example_15
[1.370s] Invoking command in '/home/ws/build/ros2_control_demo_example_15': AMENT_PREFIX_PATH=/home/ws/install/ros2_control_demo_example_5:/home/ws/install/ros2_control_demo_example_1:/home/ws/install/ros2_control_demo_description:${AMENT_PREFIX_PATH} CMAKE_PREFIX_PATH=/home/ws/install/ros2_control_demo_example_5:/home/ws/install/ros2_control_demo_example_1:/home/ws/install/ros2_control_demo_description:/opt/ros/humble LD_LIBRARY_PATH=/home/ws/install/ros2_control_demo_example_5/lib:/home/ws/install/ros2_control_demo_example_1/lib:${LD_LIBRARY_PATH} /usr/bin/cmake --build /home/ws/build/ros2_control_demo_example_15 -- -j12 -l12
[1.410s] Invoked command in '/home/ws/build/ros2_control_demo_example_15' returned '0': AMENT_PREFIX_PATH=/home/ws/install/ros2_control_demo_example_5:/home/ws/install/ros2_control_demo_example_1:/home/ws/install/ros2_control_demo_description:${AMENT_PREFIX_PATH} CMAKE_PREFIX_PATH=/home/ws/install/ros2_control_demo_example_5:/home/ws/install/ros2_control_demo_example_1:/home/ws/install/ros2_control_demo_description:/opt/ros/humble LD_LIBRARY_PATH=/home/ws/install/ros2_control_demo_example_5/lib:/home/ws/install/ros2_control_demo_example_1/lib:${LD_LIBRARY_PATH} /usr/bin/cmake --build /home/ws/build/ros2_control_demo_example_15 -- -j12 -l12
[1.410s] Invoking command in '/home/ws/build/ros2_control_demo_example_15': AMENT_PREFIX_PATH=/home/ws/install/ros2_control_demo_example_5:/home/ws/install/ros2_control_demo_example_1:/home/ws/install/ros2_control_demo_description:${AMENT_PREFIX_PATH} CMAKE_PREFIX_PATH=/home/ws/install/ros2_control_demo_example_5:/home/ws/install/ros2_control_demo_example_1:/home/ws/install/ros2_control_demo_description:/opt/ros/humble LD_LIBRARY_PATH=/home/ws/install/ros2_control_demo_example_5/lib:/home/ws/install/ros2_control_demo_example_1/lib:${LD_LIBRARY_PATH} /usr/bin/cmake --install /home/ws/build/ros2_control_demo_example_15
[1.415s] -- Install configuration: ""
[1.416s] -- Execute custom install script
[1.417s] -- Symlinking: /home/ws/install/ros2_control_demo_example_15/share/ros2_control_demo_example_15/rviz/multi_controller_manager.rviz
[1.430s] -- Symlinking: /home/ws/install/ros2_control_demo_example_15/share/ros2_control_demo_example_15/rviz/rrbot_namespace.rviz
[1.438s] -- Symlinking: /home/ws/install/ros2_control_demo_example_15/share/ros2_control_demo_example_15/launch/multi_controller_manager_example_two_rrbots.launch.py
[1.447s] -- Symlinking: /home/ws/install/ros2_control_demo_example_15/share/ros2_control_demo_example_15/launch/rrbot_base.launch.py
[1.453s] -- Symlinking: /home/ws/install/ros2_control_demo_example_15/share/ros2_control_demo_example_15/launch/rrbot_namespace.launch.py
[1.460s] -- Symlinking: /home/ws/install/ros2_control_demo_example_15/share/ros2_control_demo_example_15/launch/test_forward_position_controller.launch.py
[1.470s] -- Symlinking: /home/ws/install/ros2_control_demo_example_15/share/ros2_control_demo_example_15/launch/test_joint_trajectory_controller.launch.py
[1.479s] -- Symlinking: /home/ws/install/ros2_control_demo_example_15/share/ros2_control_demo_example_15/launch/test_multi_controller_manager_forward_position_controller.launch.py
[1.489s] -- Symlinking: /home/ws/install/ros2_control_demo_example_15/share/ros2_control_demo_example_15/launch/test_multi_controller_manager_joint_trajectory_controller.launch.py
[1.500s] -- Symlinking: /home/ws/install/ros2_control_demo_example_15/share/ros2_control_demo_example_15/config/multi_controller_manager_forward_position_publisher.yaml
[1.509s] -- Symlinking: /home/ws/install/ros2_control_demo_example_15/share/ros2_control_demo_example_15/config/multi_controller_manager_joint_trajectory_publisher.yaml
[1.519s] -- Symlinking: /home/ws/install/ros2_control_demo_example_15/share/ros2_control_demo_example_15/config/multi_controller_manager_rrbot_1_controllers.yaml
[1.528s] -- Symlinking: /home/ws/install/ros2_control_demo_example_15/share/ros2_control_demo_example_15/config/multi_controller_manager_rrbot_2_controllers.yaml
[1.536s] -- Symlinking: /home/ws/install/ros2_control_demo_example_15/share/ros2_control_demo_example_15/config/rrbot_namespace_controllers.yaml
[1.542s] -- Symlinking: /home/ws/install/ros2_control_demo_example_15/share/ros2_control_demo_example_15/config/rrbot_namespace_forward_position_publisher.yaml
[1.550s] -- Symlinking: /home/ws/install/ros2_control_demo_example_15/share/ros2_control_demo_example_15/config/rrbot_namespace_joint_trajectory_publisher.yaml
[1.560s] -- Symlinking: /home/ws/install/ros2_control_demo_example_15/share/ament_index/resource_index/package_run_dependencies/ros2_control_demo_example_15
[1.570s] -- Symlinking: /home/ws/install/ros2_control_demo_example_15/share/ament_index/resource_index/parent_prefix_path/ros2_control_demo_example_15
[1.577s] -- Symlinking: /home/ws/install/ros2_control_demo_example_15/share/ros2_control_demo_example_15/environment/ament_prefix_path.sh
[1.587s] -- Symlinking: /home/ws/install/ros2_control_demo_example_15/share/ros2_control_demo_example_15/environment/ament_prefix_path.dsv
[1.596s] -- Symlinking: /home/ws/install/ros2_control_demo_example_15/share/ros2_control_demo_example_15/environment/path.sh
[1.604s] -- Symlinking: /home/ws/install/ros2_control_demo_example_15/share/ros2_control_demo_example_15/environment/path.dsv
[1.613s] -- Symlinking: /home/ws/install/ros2_control_demo_example_15/share/ros2_control_demo_example_15/local_setup.bash
[1.621s] -- Symlinking: /home/ws/install/ros2_control_demo_example_15/share/ros2_control_demo_example_15/local_setup.sh
[1.629s] -- Symlinking: /home/ws/install/ros2_control_demo_example_15/share/ros2_control_demo_example_15/local_setup.zsh
[1.638s] -- Symlinking: /home/ws/install/ros2_control_demo_example_15/share/ros2_control_demo_example_15/local_setup.dsv
[1.648s] -- Symlinking: /home/ws/install/ros2_control_demo_example_15/share/ros2_control_demo_example_15/package.dsv
[1.655s] -- Symlinking: /home/ws/install/ros2_control_demo_example_15/share/ament_index/resource_index/packages/ros2_control_demo_example_15
[1.661s] -- Symlinking: /home/ws/install/ros2_control_demo_example_15/share/ros2_control_demo_example_15/cmake/ros2_control_demo_example_15Config.cmake
[1.669s] -- Symlinking: /home/ws/install/ros2_control_demo_example_15/share/ros2_control_demo_example_15/cmake/ros2_control_demo_example_15Config-version.cmake
[1.676s] -- Symlinking: /home/ws/install/ros2_control_demo_example_15/share/ros2_control_demo_example_15/package.xml
[1.685s] Invoked command in '/home/ws/build/ros2_control_demo_example_15' returned '0': AMENT_PREFIX_PATH=/home/ws/install/ros2_control_demo_example_5:/home/ws/install/ros2_control_demo_example_1:/home/ws/install/ros2_control_demo_description:${AMENT_PREFIX_PATH} CMAKE_PREFIX_PATH=/home/ws/install/ros2_control_demo_example_5:/home/ws/install/ros2_control_demo_example_1:/home/ws/install/ros2_control_demo_description:/opt/ros/humble LD_LIBRARY_PATH=/home/ws/install/ros2_control_demo_example_5/lib:/home/ws/install/ros2_control_demo_example_1/lib:${LD_LIBRARY_PATH} /usr/bin/cmake --install /home/ws/build/ros2_control_demo_example_15
