[0.053s] Invoking command in '/home/ws/build/ros2_control_demo_example_6': CMAKE_PREFIX_PATH=/home/ws/install/ros2_control_demo_description:/home/ws/install/ros2_control_demos:/home/ws/install/ros2_control_demo_example_9:/home/ws/install/ros2_control_demo_example_8:/home/ws/install/ros2_control_demo_example_7:/home/ws/install/ros2_control_demo_example_6:/home/ws/install/ros2_control_demo_example_15:/home/ws/install/ros2_control_demo_example_13:/home/ws/install/ros2_control_demo_example_5:/home/ws/install/ros2_control_demo_example_4:/home/ws/install/ros2_control_demo_example_3:/home/ws/install/ros2_control_demo_example_2:/home/ws/install/ros2_control_demo_example_14:/home/ws/install/ros2_control_demo_example_12:/home/ws/install/ros2_control_demo_example_11:/home/ws/install/ros2_control_demo_example_10:/home/ws/install/ros2_control_demo_example_1:/opt/ros/humble /usr/bin/cmake --build /home/ws/build/ros2_control_demo_example_6 -- -j12 -l12
[2.326s] -- Found ament_cmake: 1.3.12 (/opt/ros/humble/share/ament_cmake/cmake)
[2.326s] -- Override CMake install command with custom implementation using symlinks instead of copying resources
[2.326s] -- Found hardware_interface: 2.51.0 (/opt/ros/humble/share/hardware_interface/cmake)
[2.326s] -- Found rosidl_generator_c: 3.1.7 (/opt/ros/humble/share/rosidl_generator_c/cmake)
[2.326s] -- Found rosidl_adapter: 3.1.7 (/opt/ros/humble/share/rosidl_adapter/cmake)
[2.326s] -- Found rosidl_generator_cpp: 3.1.7 (/opt/ros/humble/share/rosidl_generator_cpp/cmake)
[2.326s] -- Using all available rosidl_typesupport_c: rosidl_typesupport_fastrtps_c;rosidl_typesupport_introspection_c
[2.327s] -- Using all available rosidl_typesupport_cpp: rosidl_typesupport_fastrtps_cpp;rosidl_typesupport_introspection_cpp
[2.327s] -- Found rmw_implementation_cmake: 6.1.2 (/opt/ros/humble/share/rmw_implementation_cmake/cmake)
[2.327s] -- Found rmw_fastrtps_cpp: 6.2.8 (/opt/ros/humble/share/rmw_fastrtps_cpp/cmake)
[2.327s] -- Found TinyXML2 via Config file: TinyXML2_DIR-NOTFOUND
[2.329s] -- Found TinyXML2 via Config file: TinyXML2_DIR-NOTFOUND
[2.329s] -- Found TinyXML2 via Config file: TinyXML2_DIR-NOTFOUND
[2.329s] -- Found TinyXML2 via Config file: TinyXML2_DIR-NOTFOUND
[2.329s] -- Using RMW implementation 'rmw_fastrtps_cpp' as default
[2.329s] -- Found ament_cmake_pytest: 1.3.12 (/opt/ros/humble/share/ament_cmake_pytest/cmake)
[2.329s] -- Configuring done
[2.329s] -- Generating done
[2.330s] -- Build files have been written to: /home/ws/build/ros2_control_demo_example_6
[2.371s] [35m[1mConsolidate compiler generated dependencies of target ros2_control_demo_example_6[0m
[2.383s] [100%] Built target ros2_control_demo_example_6
[2.458s] Invoked command in '/home/ws/build/ros2_control_demo_example_6' returned '0': CMAKE_PREFIX_PATH=/home/ws/install/ros2_control_demo_description:/home/ws/install/ros2_control_demos:/home/ws/install/ros2_control_demo_example_9:/home/ws/install/ros2_control_demo_example_8:/home/ws/install/ros2_control_demo_example_7:/home/ws/install/ros2_control_demo_example_6:/home/ws/install/ros2_control_demo_example_15:/home/ws/install/ros2_control_demo_example_13:/home/ws/install/ros2_control_demo_example_5:/home/ws/install/ros2_control_demo_example_4:/home/ws/install/ros2_control_demo_example_3:/home/ws/install/ros2_control_demo_example_2:/home/ws/install/ros2_control_demo_example_14:/home/ws/install/ros2_control_demo_example_12:/home/ws/install/ros2_control_demo_example_11:/home/ws/install/ros2_control_demo_example_10:/home/ws/install/ros2_control_demo_example_1:/opt/ros/humble /usr/bin/cmake --build /home/ws/build/ros2_control_demo_example_6 -- -j12 -l12
[2.459s] Invoking command in '/home/ws/build/ros2_control_demo_example_6': CMAKE_PREFIX_PATH=/home/ws/install/ros2_control_demo_description:/home/ws/install/ros2_control_demos:/home/ws/install/ros2_control_demo_example_9:/home/ws/install/ros2_control_demo_example_8:/home/ws/install/ros2_control_demo_example_7:/home/ws/install/ros2_control_demo_example_6:/home/ws/install/ros2_control_demo_example_15:/home/ws/install/ros2_control_demo_example_13:/home/ws/install/ros2_control_demo_example_5:/home/ws/install/ros2_control_demo_example_4:/home/ws/install/ros2_control_demo_example_3:/home/ws/install/ros2_control_demo_example_2:/home/ws/install/ros2_control_demo_example_14:/home/ws/install/ros2_control_demo_example_12:/home/ws/install/ros2_control_demo_example_11:/home/ws/install/ros2_control_demo_example_10:/home/ws/install/ros2_control_demo_example_1:/opt/ros/humble /usr/bin/cmake --install /home/ws/build/ros2_control_demo_example_6
[2.491s] -- Install configuration: ""
[2.491s] -- Execute custom install script
[2.491s] -- Up-to-date symlink: /home/ws/install/ros2_control_demo_example_6/share/ros2_control_demo_example_6//ros2_control_demo_example_6.xml
[2.491s] -- Up-to-date symlink: /home/ws/install/ros2_control_demo_example_6/include/ros2_control_demo_example_6/ros2_control_demo_example_6/rrbot_actuator.hpp
[2.491s] -- Up-to-date symlink: /home/ws/install/ros2_control_demo_example_6/share/ros2_control_demo_example_6/launch/view_robot.launch.py
[2.491s] -- Up-to-date symlink: /home/ws/install/ros2_control_demo_example_6/share/ros2_control_demo_example_6/ros2_control/rrbot_modular_actuators.ros2_control.xacro
[2.491s] -- Up-to-date symlink: /home/ws/install/ros2_control_demo_example_6/share/ros2_control_demo_example_6/urdf/rrbot_modular_actuators.urdf.xacro
[2.491s] -- Up-to-date symlink: /home/ws/install/ros2_control_demo_example_6/share/ros2_control_demo_example_6/launch/rrbot_modular_actuators.launch.py
[2.491s] -- Up-to-date symlink: /home/ws/install/ros2_control_demo_example_6/share/ros2_control_demo_example_6/launch/test_forward_position_controller.launch.py
[2.491s] -- Up-to-date symlink: /home/ws/install/ros2_control_demo_example_6/share/ros2_control_demo_example_6/config/rrbot_forward_position_publisher.yaml
[2.491s] -- Up-to-date symlink: /home/ws/install/ros2_control_demo_example_6/share/ros2_control_demo_example_6/config/rrbot_modular_actuators.yaml
[2.491s] -- Up-to-date symlink: /home/ws/install/ros2_control_demo_example_6/share/ros2_control_demo_example_6/environment/library_path.sh
[2.491s] -- Up-to-date symlink: /home/ws/install/ros2_control_demo_example_6/share/ros2_control_demo_example_6/environment/library_path.dsv
[2.491s] -- Up-to-date symlink: /home/ws/install/ros2_control_demo_example_6/share/ament_index/resource_index/package_run_dependencies/ros2_control_demo_example_6
[2.491s] -- Up-to-date symlink: /home/ws/install/ros2_control_demo_example_6/share/ament_index/resource_index/parent_prefix_path/ros2_control_demo_example_6
[2.491s] -- Up-to-date symlink: /home/ws/install/ros2_control_demo_example_6/share/ros2_control_demo_example_6/environment/ament_prefix_path.sh
[2.491s] -- Up-to-date symlink: /home/ws/install/ros2_control_demo_example_6/share/ros2_control_demo_example_6/environment/ament_prefix_path.dsv
[2.491s] -- Up-to-date symlink: /home/ws/install/ros2_control_demo_example_6/share/ros2_control_demo_example_6/environment/path.sh
[2.491s] -- Up-to-date symlink: /home/ws/install/ros2_control_demo_example_6/share/ros2_control_demo_example_6/environment/path.dsv
[2.491s] -- Up-to-date symlink: /home/ws/install/ros2_control_demo_example_6/share/ros2_control_demo_example_6/local_setup.bash
[2.492s] -- Up-to-date symlink: /home/ws/install/ros2_control_demo_example_6/share/ros2_control_demo_example_6/local_setup.sh
[2.492s] -- Up-to-date symlink: /home/ws/install/ros2_control_demo_example_6/share/ros2_control_demo_example_6/local_setup.zsh
[2.492s] -- Up-to-date symlink: /home/ws/install/ros2_control_demo_example_6/share/ros2_control_demo_example_6/local_setup.dsv
[2.492s] -- Symlinking: /home/ws/install/ros2_control_demo_example_6/share/ros2_control_demo_example_6/package.dsv
[2.492s] -- Up-to-date symlink: /home/ws/install/ros2_control_demo_example_6/share/ament_index/resource_index/packages/ros2_control_demo_example_6
[2.492s] -- Up-to-date symlink: /home/ws/install/ros2_control_demo_example_6/share/ament_index/resource_index/hardware_interface__pluginlib__plugin/ros2_control_demo_example_6
[2.492s] -- Up-to-date symlink: /home/ws/install/ros2_control_demo_example_6/share/ros2_control_demo_example_6/cmake/ament_cmake_export_targets-extras.cmake
[2.492s] -- Up-to-date symlink: /home/ws/install/ros2_control_demo_example_6/share/ros2_control_demo_example_6/cmake/ament_cmake_export_dependencies-extras.cmake
[2.497s] -- Up-to-date symlink: /home/ws/install/ros2_control_demo_example_6/share/ros2_control_demo_example_6/cmake/ros2_control_demo_example_6Config.cmake
[2.497s] -- Up-to-date symlink: /home/ws/install/ros2_control_demo_example_6/share/ros2_control_demo_example_6/cmake/ros2_control_demo_example_6Config-version.cmake
[2.497s] -- Up-to-date symlink: /home/ws/install/ros2_control_demo_example_6/share/ros2_control_demo_example_6/package.xml
[2.497s] -- Up-to-date: /home/ws/install/ros2_control_demo_example_6/lib/libros2_control_demo_example_6.so
[2.497s] -- Up-to-date: /home/ws/install/ros2_control_demo_example_6/share/ros2_control_demo_example_6/cmake/export_ros2_control_demo_example_6Export.cmake
[2.497s] -- Up-to-date: /home/ws/install/ros2_control_demo_example_6/share/ros2_control_demo_example_6/cmake/export_ros2_control_demo_example_6Export-noconfig.cmake
[2.546s] Invoked command in '/home/ws/build/ros2_control_demo_example_6' returned '0': CMAKE_PREFIX_PATH=/home/ws/install/ros2_control_demo_description:/home/ws/install/ros2_control_demos:/home/ws/install/ros2_control_demo_example_9:/home/ws/install/ros2_control_demo_example_8:/home/ws/install/ros2_control_demo_example_7:/home/ws/install/ros2_control_demo_example_6:/home/ws/install/ros2_control_demo_example_15:/home/ws/install/ros2_control_demo_example_13:/home/ws/install/ros2_control_demo_example_5:/home/ws/install/ros2_control_demo_example_4:/home/ws/install/ros2_control_demo_example_3:/home/ws/install/ros2_control_demo_example_2:/home/ws/install/ros2_control_demo_example_14:/home/ws/install/ros2_control_demo_example_12:/home/ws/install/ros2_control_demo_example_11:/home/ws/install/ros2_control_demo_example_10:/home/ws/install/ros2_control_demo_example_1:/opt/ros/humble /usr/bin/cmake --install /home/ws/build/ros2_control_demo_example_6
